\BOOKMARK [0][-]{chapter.1}{\376\377\000I\000n\000t\000r\000o\000d\000u\000c\000t\000i\000o\000n}{}% 1
\BOOKMARK [1][-]{section.1.1}{\376\377\000B\000a\000c\000k\000g\000r\000o\000u\000n\000d\000\040\000a\000n\000d\000\040\000M\000o\000t\000i\000v\000a\000t\000i\000o\000n}{chapter.1}% 2
\BOOKMARK [2][-]{subsection.1.1.1}{\376\377\000C\000o\000r\000o\000n\000a\000l\000\040\000W\000a\000v\000e\000s}{section.1.1}% 3
\BOOKMARK [2][-]{subsection.1.1.2}{\376\377\000S\000o\000l\000a\000r\000\040\000R\000a\000d\000i\000o\000\040\000B\000u\000r\000s\000t\000s}{section.1.1}% 4
\BOOKMARK [2][-]{subsection.1.1.3}{\376\377\000S\000o\000l\000a\000r\000\040\000E\000n\000e\000r\000g\000e\000t\000i\000c\000\040\000P\000a\000r\000t\000i\000c\000l\000e\000\040\000\050\000S\000E\000P\000\051\000\040\000F\000o\000r\000e\000c\000a\000s\000t\000i\000n\000g}{section.1.1}% 5
\BOOKMARK [1][-]{section.1.2}{\376\377\000O\000b\000j\000e\000c\000t\000i\000v\000e\000s\000\040\000a\000n\000d\000\040\000S\000c\000o\000p\000e}{chapter.1}% 6
\BOOKMARK [1][-]{section.1.3}{\376\377\000M\000e\000t\000h\000o\000d\000o\000l\000o\000g\000y\000\040\000O\000v\000e\000r\000v\000i\000e\000w}{chapter.1}% 7
\BOOKMARK [1][-]{section.1.4}{\376\377\000M\000a\000i\000n\000\040\000C\000o\000n\000t\000r\000i\000b\000u\000t\000i\000o\000n\000s}{chapter.1}% 8
\BOOKMARK [1][-]{section.1.5}{\376\377\000O\000u\000t\000l\000i\000n\000e}{chapter.1}% 9
\BOOKMARK [0][-]{chapter.2}{\376\377\000C\000h\000a\000r\000a\000c\000t\000e\000r\000i\000z\000a\000t\000i\000o\000n\000\040\000o\000f\000\040\000C\000o\000r\000o\000n\000a\000l\000\040\000B\000r\000i\000g\000h\000t\000\040\000F\000r\000o\000n\000t\000s}{}% 10
\BOOKMARK [1][-]{section.2.1}{\376\377\000I\000n\000t\000r\000o\000d\000u\000c\000t\000i\000o\000n}{chapter.2}% 11
\BOOKMARK [1][-]{section.2.2}{\376\377\000O\000b\000s\000e\000r\000v\000a\000t\000i\000o\000n\000s}{chapter.2}% 12
\BOOKMARK [1][-]{section.2.3}{\376\377\000D\000a\000t\000a\000\040\000A\000n\000a\000l\000y\000s\000i\000s\000\040\000a\000n\000d\000\040\000M\000e\000t\000h\000o\000d\000s}{chapter.2}% 13
\BOOKMARK [1][-]{section.2.4}{\376\377\000R\000e\000s\000u\000l\000t\000s\000\040\000a\000n\000d\000\040\000D\000i\000s\000c\000u\000s\000s\000i\000o\000n}{chapter.2}% 14
\BOOKMARK [1][-]{section.2.5}{\376\377\000C\000o\000n\000c\000l\000u\000s\000i\000o\000n\000s}{chapter.2}% 15
\BOOKMARK [0][-]{chapter.3}{\376\377\000S\000o\000l\000a\000r\000\040\000R\000a\000d\000i\000o\000\040\000O\000b\000s\000e\000r\000v\000a\000t\000i\000o\000n\000s\000:\000\040\000I\000n\000t\000e\000g\000r\000a\000t\000i\000n\000g\000\040\000S\000p\000a\000c\000e\000-\000b\000a\000s\000e\000d\000\040\000a\000n\000d\000\040\000G\000r\000o\000u\000n\000d\000-\000b\000a\000s\000e\000d\000\040\000D\000a\000t\000a\000\040\000f\000o\000r\000\040\000C\000o\000r\000o\000n\000a\000l\000\040\000D\000i\000a\000g\000n\000o\000s\000t\000i\000c\000s}{}% 16
\BOOKMARK [1][-]{section.3.1}{\376\377\000I\000n\000t\000r\000o\000d\000u\000c\000t\000i\000o\000n}{chapter.3}% 17
\BOOKMARK [1][-]{section.3.2}{\376\377\000O\000b\000s\000e\000r\000v\000a\000t\000i\000o\000n\000s}{chapter.3}% 18
\BOOKMARK [2][-]{subsection.3.2.1}{\376\377\000P\000S\000P\000\040\000O\000b\000s\000e\000r\000v\000a\000t\000i\000o\000n\000s}{section.3.2}% 19
\BOOKMARK [2][-]{subsection.3.2.2}{\376\377\000L\000O\000F\000A\000R\000\040\000O\000b\000s\000e\000r\000v\000a\000t\000i\000o\000n\000s}{section.3.2}% 20
\BOOKMARK [1][-]{section.3.3}{\376\377\000M\000e\000t\000h\000o\000d\000s}{chapter.3}% 21
\BOOKMARK [2][-]{subsection.3.3.1}{\376\377\000I\000m\000a\000g\000i\000n\000g\000\040\000o\000f\000\040\000r\000a\000d\000i\000o\000\040\000s\000o\000u\000r\000c\000e\000s}{section.3.3}% 22
\BOOKMARK [2][-]{subsection.3.3.2}{\376\377\000M\000o\000d\000e\000l\000i\000n\000g}{section.3.3}% 23
\BOOKMARK [1][-]{section.3.4}{\376\377\000R\000e\000s\000u\000l\000t\000s\000\040\000a\000n\000d\000\040\000d\000i\000s\000c\000u\000s\000s\000i\000o\000n}{chapter.3}% 24
\BOOKMARK [2][-]{subsection.3.4.1}{\376\377\000D\000e\000t\000e\000c\000t\000i\000o\000n\000\040\000a\000n\000d\000\040\000c\000h\000a\000r\000a\000c\000t\000e\000r\000i\000z\000a\000t\000i\000o\000n\000\040\000o\000f\000\040\000t\000y\000p\000e\000\040\000I\000I\000I\000\040\000r\000a\000d\000i\000o\000\040\000b\000u\000r\000s\000t\000s}{section.3.4}% 25
\BOOKMARK [2][-]{subsection.3.4.2}{\376\377\000I\000m\000a\000g\000i\000n\000g\000\040\000o\000f\000\040\000r\000a\000d\000i\000o\000\040\000e\000m\000i\000s\000s\000i\000o\000n\000\040\000s\000o\000u\000r\000c\000e\000s}{section.3.4}% 26
\BOOKMARK [2][-]{subsection.3.4.3}{\376\377\000P\000l\000a\000s\000m\000a\000\040\000d\000i\000a\000g\000n\000o\000s\000t\000i\000c\000s\000\040\000a\000n\000d\000\040\000m\000a\000g\000n\000e\000t\000i\000c\000\040\000f\000i\000e\000l\000d\000\040\000a\000n\000a\000l\000y\000s\000i\000s}{section.3.4}% 27
\BOOKMARK [1][-]{section.3.5}{\376\377\000S\000u\000m\000m\000a\000r\000y\000\040\000a\000n\000d\000\040\000c\000o\000n\000c\000l\000u\000s\000i\000o\000n\000s}{chapter.3}% 28
\BOOKMARK [0][-]{appendix.A}{\376\377\000A\000p\000p\000e\000n\000d\000i\000x}{}% 29
\BOOKMARK [1][-]{section.A.1}{\376\377\000A\000p\000p\000e\000n\000d\000i\000x\000\040\000f\000o\000r\000\040\000R\000a\000d\000i\000o\000\040\000O\000b\000s\000e\000r\000v\000a\000t\000i\000o\000n\000-\000r\000e\000l\000a\000t\000e\000d\000\040\000W\000o\000r\000k}{appendix.A}% 30
\BOOKMARK [1][-]{section.A.2}{\376\377\000A\000p\000p\000e\000n\000d\000i\000x\000\040\000f\000o\000r\000\040\000S\000E\000P\000-\000r\000e\000l\000a\000t\000e\000d\000\040\000W\000o\000r\000k}{appendix.A}% 31
\BOOKMARK [2][-]{subsection.A.2.1}{\376\377\000T\000e\000r\000m\000i\000n\000o\000l\000o\000g\000i\000e\000s}{section.A.2}% 32
\BOOKMARK [2][-]{subsection.A.2.2}{\376\377\000M\000a\000t\000h\000e\000m\000a\000t\000i\000c\000a\000l\000\040\000R\000e\000p\000r\000e\000s\000e\000n\000t\000a\000t\000i\000o\000n\000\040\000o\000f\000\040\000t\000h\000e\000\040\000L\000S\000T\000M\000\040\000N\000N\000\040\000M\000o\000d\000e\000l}{section.A.2}% 33
\BOOKMARK [2][-]{subsection.A.2.3}{\376\377\000E\000v\000a\000l\000u\000a\000t\000i\000o\000n\000\040\000M\000e\000t\000r\000i\000c\000s}{section.A.2}% 34
\BOOKMARK [2][-]{subsection.A.2.4}{\376\377\000M\000o\000d\000e\000l\000\040\000C\000o\000n\000f\000i\000g\000u\000r\000a\000t\000i\000o\000n}{section.A.2}% 35
\BOOKMARK [2][-]{subsection.A.2.5}{\376\377\000S\000k\000i\000l\000l\000\040\000S\000c\000o\000r\000e\000s}{section.A.2}% 36
