This is pdfTeX, Version 3.141592653-2.6-1.40.25 (MiKTeX 23.10.12) (preloaded format=pdflatex 2023.12.24)  25 MAR 2024 03:30
entering extended mode
 restricted \write18 enabled.
 %&-line parsing enabled.
**./main.tex
(main.tex
LaTeX2e <2023-11-01>
L3 programming layer <2023-12-11>
(C:\Users\DELL\AppData\Local\Programs\MiKTeX\tex/latex/base\report.cls
Document Class: report 2023/05/17 v1.4n Standard LaTeX document class
(C:\Users\DELL\AppData\Local\Programs\MiKTeX\tex/latex/base\size10.clo
File: size10.clo 2023/05/17 v1.4n Standard LaTeX file (size option)
)
\c@part=\count187
\c@chapter=\count188
\c@section=\count189
\c@subsection=\count190
\c@subsubsection=\count191
\c@paragraph=\count192
\c@subparagraph=\count193
\c@figure=\count194
\c@table=\count195
\abovecaptionskip=\skip48
\belowcaptionskip=\skip49
\bibindent=\dimen140
)
(C:\Users\DELL\AppData\Local\Programs\MiKTeX\tex/generic/babel\babel.sty
Package: babel 2023/12/10 v3.99 The Babel package
\babel@savecnt=\count196
\U@D=\dimen141
\l@unhyphenated=\language79

(C:\Users\DELL\AppData\Local\Programs\MiKTeX\tex/generic/babel\txtbabel.def)
\bbl@readstream=\read2
\bbl@dirlevel=\count197

*************************************
* Local config file bblopts.cfg used
*
(C:\Users\DELL\AppData\Local\Programs\MiKTeX\tex/latex/arabi\bblopts.cfg
File: bblopts.cfg 2005/09/08 v0.1 add Arabic and Farsi to "declared" options of
 babel
)
(C:\Users\DELL\AppData\Local\Programs\MiKTeX\tex/latex/babel-english\english.ld
f
Language: english 2017/06/06 v3.3r English support from the babel system
Package babel Info: Hyphen rules for 'canadian' set to \l@english
(babel)             (\language0). Reported on input line 102.
Package babel Info: Hyphen rules for 'australian' set to \l@ukenglish
(babel)             (\language73). Reported on input line 105.
Package babel Info: Hyphen rules for 'newzealand' set to \l@ukenglish
(babel)             (\language73). Reported on input line 108.
))
(C:\Users\DELL\AppData\Local\Programs\MiKTeX\tex/generic/babel/locale/en\babel-
english.tex
Package babel Info: Importing font and identification data for english
(babel)             from babel-en.ini. Reported on input line 11.
)
(C:\Users\DELL\AppData\Local\Programs\MiKTeX\tex/latex/base\inputenc.sty
Package: inputenc 2021/02/14 v1.3d Input encoding file
\inpenc@prehook=\toks17
\inpenc@posthook=\toks18
)
(C:\Users\DELL\AppData\Local\Programs\MiKTeX\tex/latex/graphics\graphicx.sty
Package: graphicx 2021/09/16 v1.2d Enhanced LaTeX Graphics (DPC,SPQR)

(C:\Users\DELL\AppData\Local\Programs\MiKTeX\tex/latex/graphics\keyval.sty
Package: keyval 2022/05/29 v1.15 key=value parser (DPC)
\KV@toks@=\toks19
)
(C:\Users\DELL\AppData\Local\Programs\MiKTeX\tex/latex/graphics\graphics.sty
Package: graphics 2022/03/10 v1.4e Standard LaTeX Graphics (DPC,SPQR)

(C:\Users\DELL\AppData\Local\Programs\MiKTeX\tex/latex/graphics\trig.sty
Package: trig 2021/08/11 v1.11 sin cos tan (DPC)
)
(C:\Users\DELL\AppData\Local\Programs\MiKTeX\tex/latex/graphics-cfg\graphics.cf
g
File: graphics.cfg 2016/06/04 v1.11 sample graphics configuration
)
Package graphics Info: Driver file: pdftex.def on input line 107.

(C:\Users\DELL\AppData\Local\Programs\MiKTeX\tex/latex/graphics-def\pdftex.def
File: pdftex.def 2022/09/22 v1.2b Graphics/color driver for pdftex
))
\Gin@req@height=\dimen142
\Gin@req@width=\dimen143
) (C:\Users\DELL\AppData\Local\Programs\MiKTeX\tex/latex/natbib\natbib.sty
Package: natbib 2010/09/13 8.31b (PWD, AO)
\bibhang=\skip50
\bibsep=\skip51
LaTeX Info: Redefining \cite on input line 694.
\c@NAT@ctr=\count198
)
(C:\Users\DELL\AppData\Local\Programs\MiKTeX\tex/latex/amsmath\amsmath.sty
Package: amsmath 2023/05/13 v2.17o AMS math features
\@mathmargin=\skip52

For additional information on amsmath, use the `?' option.
(C:\Users\DELL\AppData\Local\Programs\MiKTeX\tex/latex/amsmath\amstext.sty
Package: amstext 2021/08/26 v2.01 AMS text

(C:\Users\DELL\AppData\Local\Programs\MiKTeX\tex/latex/amsmath\amsgen.sty
File: amsgen.sty 1999/11/30 v2.0 generic functions
\@emptytoks=\toks20
\ex@=\dimen144
))
(C:\Users\DELL\AppData\Local\Programs\MiKTeX\tex/latex/amsmath\amsbsy.sty
Package: amsbsy 1999/11/29 v1.2d Bold Symbols
\pmbraise@=\dimen145
)
(C:\Users\DELL\AppData\Local\Programs\MiKTeX\tex/latex/amsmath\amsopn.sty
Package: amsopn 2022/04/08 v2.04 operator names
)
\inf@bad=\count199
LaTeX Info: Redefining \frac on input line 234.
\uproot@=\count266
\leftroot@=\count267
LaTeX Info: Redefining \overline on input line 399.
LaTeX Info: Redefining \colon on input line 410.
\classnum@=\count268
\DOTSCASE@=\count269
LaTeX Info: Redefining \ldots on input line 496.
LaTeX Info: Redefining \dots on input line 499.
LaTeX Info: Redefining \cdots on input line 620.
\Mathstrutbox@=\box51
\strutbox@=\box52
LaTeX Info: Redefining \big on input line 722.
LaTeX Info: Redefining \Big on input line 723.
LaTeX Info: Redefining \bigg on input line 724.
LaTeX Info: Redefining \Bigg on input line 725.
\big@size=\dimen146
LaTeX Font Info:    Redeclaring font encoding OML on input line 743.
LaTeX Font Info:    Redeclaring font encoding OMS on input line 744.
\macc@depth=\count270
LaTeX Info: Redefining \bmod on input line 905.
LaTeX Info: Redefining \pmod on input line 910.
LaTeX Info: Redefining \smash on input line 940.
LaTeX Info: Redefining \relbar on input line 970.
LaTeX Info: Redefining \Relbar on input line 971.
\c@MaxMatrixCols=\count271
\dotsspace@=\muskip16
\c@parentequation=\count272
\dspbrk@lvl=\count273
\tag@help=\toks21
\row@=\count274
\column@=\count275
\maxfields@=\count276
\andhelp@=\toks22
\eqnshift@=\dimen147
\alignsep@=\dimen148
\tagshift@=\dimen149
\tagwidth@=\dimen150
\totwidth@=\dimen151
\lineht@=\dimen152
\@envbody=\toks23
\multlinegap=\skip53
\multlinetaggap=\skip54
\mathdisplay@stack=\toks24
LaTeX Info: Redefining \[ on input line 2953.
LaTeX Info: Redefining \] on input line 2954.
)
(C:\Users\DELL\AppData\Local\Programs\MiKTeX\tex/latex/multirow\multirow.sty
Package: multirow 2021/03/15 v2.8 Span multiple rows of a table
\multirow@colwidth=\skip55
\multirow@cntb=\count277
\multirow@dima=\skip56
\bigstrutjot=\dimen153
)
(C:\Users\DELL\AppData\Local\Programs\MiKTeX\tex/latex/hyperref\hyperref.sty
Package: hyperref 2023-11-26 v7.01g Hypertext links for LaTeX

(C:\Users\DELL\AppData\Local\Programs\MiKTeX\tex/generic/iftex\iftex.sty
Package: iftex 2022/02/03 v1.0f TeX engine tests
)
(C:\Users\DELL\AppData\Local\Programs\MiKTeX\tex/generic/infwarerr\infwarerr.st
y
Package: infwarerr 2019/12/03 v1.5 Providing info/warning/error messages (HO)
)
(C:\Users\DELL\AppData\Local\Programs\MiKTeX\tex/latex/kvsetkeys\kvsetkeys.sty
Package: kvsetkeys 2022-10-05 v1.19 Key value parser (HO)
)
(C:\Users\DELL\AppData\Local\Programs\MiKTeX\tex/generic/kvdefinekeys\kvdefinek
eys.sty
Package: kvdefinekeys 2019-12-19 v1.6 Define keys (HO)
)
(C:\Users\DELL\AppData\Local\Programs\MiKTeX\tex/generic/pdfescape\pdfescape.st
y
Package: pdfescape 2019/12/09 v1.15 Implements pdfTeX's escape features (HO)
 (C:\Users\DELL\AppData\Local\Programs\MiKTeX\tex/generic/ltxcmds\ltxcmds.sty
Package: ltxcmds 2023-12-04 v1.26 LaTeX kernel commands for general use (HO)
)
(C:\Users\DELL\AppData\Local\Programs\MiKTeX\tex/generic/pdftexcmds\pdftexcmds.
sty
Package: pdftexcmds 2020-06-27 v0.33 Utility functions of pdfTeX for LuaTeX (HO
)
Package pdftexcmds Info: \pdf@primitive is available.
Package pdftexcmds Info: \pdf@ifprimitive is available.
Package pdftexcmds Info: \pdfdraftmode found.
))
(C:\Users\DELL\AppData\Local\Programs\MiKTeX\tex/latex/hycolor\hycolor.sty
Package: hycolor 2020-01-27 v1.10 Color options for hyperref/bookmark (HO)
)
(C:\Users\DELL\AppData\Local\Programs\MiKTeX\tex/latex/letltxmacro\letltxmacro.
sty
Package: letltxmacro 2019/12/03 v1.6 Let assignment for LaTeX macros (HO)
) (C:\Users\DELL\AppData\Local\Programs\MiKTeX\tex/latex/auxhook\auxhook.sty
Package: auxhook 2019-12-17 v1.6 Hooks for auxiliary files (HO)
) (C:\Users\DELL\AppData\Local\Programs\MiKTeX\tex/latex/hyperref\nameref.sty
Package: nameref 2023-11-26 v2.56 Cross-referencing by name of section

(C:\Users\DELL\AppData\Local\Programs\MiKTeX\tex/latex/refcount\refcount.sty
Package: refcount 2019/12/15 v3.6 Data extraction from label references (HO)
)
(C:\Users\DELL\AppData\Local\Programs\MiKTeX\tex/generic/gettitlestring\gettitl
estring.sty
Package: gettitlestring 2019/12/15 v1.6 Cleanup title references (HO)

(C:\Users\DELL\AppData\Local\Programs\MiKTeX\tex/latex/kvoptions\kvoptions.sty
Package: kvoptions 2022-06-15 v3.15 Key value format for package options (HO)
))
\c@section@level=\count278
) (C:\Users\DELL\AppData\Local\Programs\MiKTeX\tex/latex/etoolbox\etoolbox.sty
Package: etoolbox 2020/10/05 v2.5k e-TeX tools for LaTeX (JAW)
\etb@tempcnta=\count279
)
\@linkdim=\dimen154
\Hy@linkcounter=\count280
\Hy@pagecounter=\count281
 (C:\Users\DELL\AppData\Local\Programs\MiKTeX\tex/latex/hyperref\pd1enc.def
File: pd1enc.def 2023-11-26 v7.01g Hyperref: PDFDocEncoding definition (HO)
Now handling font encoding PD1 ...
... no UTF-8 mapping file for font encoding PD1
)
(C:\Users\DELL\AppData\Local\Programs\MiKTeX\tex/generic/intcalc\intcalc.sty
Package: intcalc 2019/12/15 v1.3 Expandable calculations with integers (HO)
)
\Hy@SavedSpaceFactor=\count282

(C:\Users\DELL\AppData\Local\Programs\MiKTeX\tex/latex/hyperref\puenc.def
File: puenc.def 2023-11-26 v7.01g Hyperref: PDF Unicode definition (HO)
Now handling font encoding PU ...
... no UTF-8 mapping file for font encoding PU
)
Package hyperref Info: Hyper figures OFF on input line 4181.
Package hyperref Info: Link nesting OFF on input line 4186.
Package hyperref Info: Hyper index ON on input line 4189.
Package hyperref Info: Plain pages OFF on input line 4196.
Package hyperref Info: Backreferencing OFF on input line 4201.
Package hyperref Info: Implicit mode ON; LaTeX internals redefined.
Package hyperref Info: Bookmarks ON on input line 4448.
\c@Hy@tempcnt=\count283

(C:\Users\DELL\AppData\Local\Programs\MiKTeX\tex/latex/url\url.sty
\Urlmuskip=\muskip17
Package: url 2013/09/16  ver 3.4  Verb mode for urls, etc.
)
LaTeX Info: Redefining \url on input line 4786.
\XeTeXLinkMargin=\dimen155

(C:\Users\DELL\AppData\Local\Programs\MiKTeX\tex/generic/bitset\bitset.sty
Package: bitset 2019/12/09 v1.3 Handle bit-vector datatype (HO)

(C:\Users\DELL\AppData\Local\Programs\MiKTeX\tex/generic/bigintcalc\bigintcalc.
sty
Package: bigintcalc 2019/12/15 v1.5 Expandable calculations on big integers (HO
)
))
\Fld@menulength=\count284
\Field@Width=\dimen156
\Fld@charsize=\dimen157
Package hyperref Info: Hyper figures OFF on input line 6065.
Package hyperref Info: Link nesting OFF on input line 6070.
Package hyperref Info: Hyper index ON on input line 6073.
Package hyperref Info: backreferencing OFF on input line 6080.
Package hyperref Info: Link coloring OFF on input line 6085.
Package hyperref Info: Link coloring with OCG OFF on input line 6090.
Package hyperref Info: PDF/A mode OFF on input line 6095.

(C:\Users\DELL\AppData\Local\Programs\MiKTeX\tex/latex/base\atbegshi-ltx.sty
Package: atbegshi-ltx 2021/01/10 v1.0c Emulation of the original atbegshi
package with kernel methods
)
\Hy@abspage=\count285
\c@Item=\count286
\c@Hfootnote=\count287
)
Package hyperref Info: Driver (autodetected): hpdftex.

(C:\Users\DELL\AppData\Local\Programs\MiKTeX\tex/latex/hyperref\hpdftex.def
File: hpdftex.def 2023-11-26 v7.01g Hyperref driver for pdfTeX

(C:\Users\DELL\AppData\Local\Programs\MiKTeX\tex/latex/base\atveryend-ltx.sty
Package: atveryend-ltx 2020/08/19 v1.0a Emulation of the original atveryend pac
kage
with kernel methods
)
\Fld@listcount=\count288
\c@bookmark@seq@number=\count289

(C:\Users\DELL\AppData\Local\Programs\MiKTeX\tex/latex/rerunfilecheck\rerunfile
check.sty
Package: rerunfilecheck 2022-07-10 v1.10 Rerun checks for auxiliary files (HO)

(C:\Users\DELL\AppData\Local\Programs\MiKTeX\tex/generic/uniquecounter\uniqueco
unter.sty
Package: uniquecounter 2019/12/15 v1.4 Provide unlimited unique counter (HO)
)
Package uniquecounter Info: New unique counter `rerunfilecheck' on input line 2
85.
)
\Hy@SectionHShift=\skip57
)
(C:\Users\DELL\AppData\Local\Programs\MiKTeX\tex/latex/caption\caption.sty
Package: caption 2023/08/05 v3.6o Customizing captions (AR)

(C:\Users\DELL\AppData\Local\Programs\MiKTeX\tex/latex/caption\caption3.sty
Package: caption3 2023/07/31 v2.4d caption3 kernel (AR)
\caption@tempdima=\dimen158
\captionmargin=\dimen159
\caption@leftmargin=\dimen160
\caption@rightmargin=\dimen161
\caption@width=\dimen162
\caption@indent=\dimen163
\caption@parindent=\dimen164
\caption@hangindent=\dimen165
Package caption Info: Standard document class detected.
)
\c@caption@flags=\count290
\c@continuedfloat=\count291
Package caption Info: hyperref package is loaded.
)
(C:\Users\DELL\AppData\Local\Programs\MiKTeX\tex/latex/caption\subcaption.sty
Package: subcaption 2023/07/28 v1.6b Sub-captions (AR)
Package caption Info: New subtype `subfigure' on input line 238.
\c@subfigure=\count292
Package caption Info: New subtype `subtable' on input line 238.
\c@subtable=\count293
)
(C:\Users\DELL\AppData\Local\Programs\MiKTeX\tex/latex/xcolor\xcolor.sty
Package: xcolor 2023/11/15 v3.01 LaTeX color extensions (UK)

(C:\Users\DELL\AppData\Local\Programs\MiKTeX\tex/latex/graphics-cfg\color.cfg
File: color.cfg 2016/01/02 v1.6 sample color configuration
)
Package xcolor Info: Driver file: pdftex.def on input line 274.

(C:\Users\DELL\AppData\Local\Programs\MiKTeX\tex/latex/graphics\mathcolor.ltx)
Package xcolor Info: Model `cmy' substituted by `cmy0' on input line 1350.
Package xcolor Info: Model `hsb' substituted by `rgb' on input line 1354.
Package xcolor Info: Model `RGB' extended on input line 1366.
Package xcolor Info: Model `HTML' substituted by `rgb' on input line 1368.
Package xcolor Info: Model `Hsb' substituted by `hsb' on input line 1369.
Package xcolor Info: Model `tHsb' substituted by `hsb' on input line 1370.
Package xcolor Info: Model `HSB' substituted by `hsb' on input line 1371.
Package xcolor Info: Model `Gray' substituted by `gray' on input line 1372.
Package xcolor Info: Model `wave' substituted by `hsb' on input line 1373.
) (C:\Users\DELL\AppData\Local\Programs\MiKTeX\tex/latex/adjustbox\adjustbox.st
y
Package: adjustbox 2022/10/17 v1.3a Adjusting TeX boxes (trim, clip, ...)
(C:\Users\DELL\AppData\Local\Programs\MiKTeX\tex/latex/xkeyval\xkeyval.sty
Package: xkeyval 2022/06/16 v2.9 package option processing (HA)

(C:\Users\DELL\AppData\Local\Programs\MiKTeX\tex/generic/xkeyval\xkeyval.tex
(C:\Users\DELL\AppData\Local\Programs\MiKTeX\tex/generic/xkeyval\xkvutils.tex
\XKV@toks=\toks25
\XKV@tempa@toks=\toks26
)
\XKV@depth=\count294
File: xkeyval.tex 2014/12/03 v2.7a key=value parser (HA)
)) (C:\Users\DELL\AppData\Local\Programs\MiKTeX\tex/latex/adjustbox\adjcalc.sty
Package: adjcalc 2012/05/16 v1.1 Provides advanced setlength with multiple back
-ends (calc, etex, pgfmath)
) (C:\Users\DELL\AppData\Local\Programs\MiKTeX\tex/latex/adjustbox\trimclip.sty
Package: trimclip 2020/08/19 v1.2 Trim and clip general TeX material

(C:\Users\DELL\AppData\Local\Programs\MiKTeX\tex/latex/collectbox\collectbox.st
y
Package: collectbox 2022/10/17 v0.4c Collect macro arguments as boxes
\collectedbox=\box53
)
\tc@llx=\dimen166
\tc@lly=\dimen167
\tc@urx=\dimen168
\tc@ury=\dimen169
Package trimclip Info: Using driver 'tc-pdftex.def'.

(C:\Users\DELL\AppData\Local\Programs\MiKTeX\tex/latex/adjustbox\tc-pdftex.def
File: tc-pdftex.def 2019/01/04 v2.2 Clipping driver for pdftex
))
\adjbox@Width=\dimen170
\adjbox@Height=\dimen171
\adjbox@Depth=\dimen172
\adjbox@Totalheight=\dimen173
\adjbox@pwidth=\dimen174
\adjbox@pheight=\dimen175
\adjbox@pdepth=\dimen176
\adjbox@ptotalheight=\dimen177

(C:\Users\DELL\AppData\Local\Programs\MiKTeX\tex/latex/ifoddpage\ifoddpage.sty
Package: ifoddpage 2022/10/18 v1.2 Conditionals for odd/even page detection
\c@checkoddpage=\count295
) (C:\Users\DELL\AppData\Local\Programs\MiKTeX\tex/latex/varwidth\varwidth.sty
Package: varwidth 2009/03/30 ver 0.92;  Variable-width minipages
\@vwid@box=\box54
\sift@deathcycles=\count296
\@vwid@loff=\dimen178
\@vwid@roff=\dimen179
)) (C:\Users\DELL\AppData\Local\Programs\MiKTeX\tex/latex/tools\array.sty
Package: array 2023/10/16 v2.5g Tabular extension package (FMi)
\col@sep=\dimen180
\ar@mcellbox=\box55
\extrarowheight=\dimen181
\NC@list=\toks27
\extratabsurround=\skip58
\backup@length=\skip59
\ar@cellbox=\box56
)
(C:\Users\DELL\AppData\Local\Programs\MiKTeX\tex/latex/booktabs\booktabs.sty
Package: booktabs 2020/01/12 v1.61803398 Publication quality tables
\heavyrulewidth=\dimen182
\lightrulewidth=\dimen183
\cmidrulewidth=\dimen184
\belowrulesep=\dimen185
\belowbottomsep=\dimen186
\aboverulesep=\dimen187
\abovetopsep=\dimen188
\cmidrulesep=\dimen189
\cmidrulekern=\dimen190
\defaultaddspace=\dimen191
\@cmidla=\count297
\@cmidlb=\count298
\@aboverulesep=\dimen192
\@belowrulesep=\dimen193
\@thisruleclass=\count299
\@lastruleclass=\count300
\@thisrulewidth=\dimen194
)
(C:\Users\DELL\AppData\Local\Programs\MiKTeX\tex/latex/tools\tabularx.sty
Package: tabularx 2023/07/08 v2.11c `tabularx' package (DPC)
\TX@col@width=\dimen195
\TX@old@table=\dimen196
\TX@old@col=\dimen197
\TX@target=\dimen198
\TX@delta=\dimen199
\TX@cols=\count301
\TX@ftn=\toks28
)
(C:\Users\DELL\AppData\Local\Programs\MiKTeX\tex/latex/pdflscape\pdflscape.sty
Package: pdflscape 2022-10-27 v0.13 Display of landscape pages in PDF

(C:\Users\DELL\AppData\Local\Programs\MiKTeX\tex/latex/pdflscape\pdflscape-nome
tadata.sty
Package: pdflscape-nometadata 2022-10-28 v0.13 Display of landscape pages in PD
F (HO)

(C:\Users\DELL\AppData\Local\Programs\MiKTeX\tex/latex/graphics\lscape.sty
Package: lscape 2020/05/28 v3.02 Landscape Pages (DPC)
)
Package pdflscape Info: Auto-detected driver: pdftex on input line 81.
))
(C:\Users\DELL\AppData\Local\Programs\MiKTeX\tex/latex/tools\longtable.sty
Package: longtable 2023-11-01 v4.19 Multi-page Table package (DPC)
\LTleft=\skip60
\LTright=\skip61
\LTpre=\skip62
\LTpost=\skip63
\LTchunksize=\count302
\LTcapwidth=\dimen256
\LT@head=\box57
\LT@firsthead=\box58
\LT@foot=\box59
\LT@lastfoot=\box60
\LT@gbox=\box61
\LT@cols=\count303
\LT@rows=\count304
\c@LT@tables=\count305
\c@LT@chunks=\count306
\LT@p@ftn=\toks29
)
(C:\Users\DELL\AppData\Local\Programs\MiKTeX\tex/latex/geometry\geometry.sty
Package: geometry 2020/01/02 v5.9 Page Geometry

(C:\Users\DELL\AppData\Local\Programs\MiKTeX\tex/generic/iftex\ifvtex.sty
Package: ifvtex 2019/10/25 v1.7 ifvtex legacy package. Use iftex instead.
)
\Gm@cnth=\count307
\Gm@cntv=\count308
\c@Gm@tempcnt=\count309
\Gm@bindingoffset=\dimen257
\Gm@wd@mp=\dimen258
\Gm@odd@mp=\dimen259
\Gm@even@mp=\dimen260
\Gm@layoutwidth=\dimen261
\Gm@layoutheight=\dimen262
\Gm@layouthoffset=\dimen263
\Gm@layoutvoffset=\dimen264
\Gm@dimlist=\toks30

(C:\Users\DELL\AppData\Local\Programs\MiKTeX\tex/latex/geometry\geometry.cfg))
(C:\Users\DELL\AppData\Local\Programs\MiKTeX\tex/latex/l3backend\l3backend-pdft
ex.def
File: l3backend-pdftex.def 2023-11-09 L3 backend support: PDF output (pdfTeX)
\l__color_backend_stack_int=\count310
\l__pdf_internal_box=\box62
) (main.aux (chapter1/ch1.aux) (chapter2/ch2.aux) (chapter3/ch3.aux)
(chapter4/ch4.aux) (chapter5/ch5.aux) (appendix.aux))
\openout1 = `main.aux'.

LaTeX Font Info:    Checking defaults for OML/cmm/m/it on input line 48.
LaTeX Font Info:    ... okay on input line 48.
LaTeX Font Info:    Checking defaults for OMS/cmsy/m/n on input line 48.
LaTeX Font Info:    ... okay on input line 48.
LaTeX Font Info:    Checking defaults for OT1/cmr/m/n on input line 48.
LaTeX Font Info:    ... okay on input line 48.
LaTeX Font Info:    Checking defaults for T1/cmr/m/n on input line 48.
LaTeX Font Info:    ... okay on input line 48.
LaTeX Font Info:    Checking defaults for TS1/cmr/m/n on input line 48.
LaTeX Font Info:    ... okay on input line 48.
LaTeX Font Info:    Checking defaults for OMX/cmex/m/n on input line 48.
LaTeX Font Info:    ... okay on input line 48.
LaTeX Font Info:    Checking defaults for U/cmr/m/n on input line 48.
LaTeX Font Info:    ... okay on input line 48.
LaTeX Font Info:    Checking defaults for PD1/pdf/m/n on input line 48.
LaTeX Font Info:    ... okay on input line 48.
LaTeX Font Info:    Checking defaults for PU/pdf/m/n on input line 48.
LaTeX Font Info:    ... okay on input line 48.

(C:\Users\DELL\AppData\Local\Programs\MiKTeX\tex/context/base/mkii\supp-pdf.mki
i
[Loading MPS to PDF converter (version 2006.09.02).]
\scratchcounter=\count311
\scratchdimen=\dimen265
\scratchbox=\box63
\nofMPsegments=\count312
\nofMParguments=\count313
\everyMPshowfont=\toks31
\MPscratchCnt=\count314
\MPscratchDim=\dimen266
\MPnumerator=\count315
\makeMPintoPDFobject=\count316
\everyMPtoPDFconversion=\toks32
)
(C:\Users\DELL\AppData\Local\Programs\MiKTeX\tex/latex/epstopdf-pkg\epstopdf-ba
se.sty
Package: epstopdf-base 2020-01-24 v2.11 Base part for package epstopdf
Package epstopdf-base Info: Redefining graphics rule for `.eps' on input line 4
85.

(C:\Users\DELL\AppData\Local\Programs\MiKTeX\tex/latex/00miktex\epstopdf-sys.cf
g
File: epstopdf-sys.cfg 2021/03/18 v2.0 Configuration of epstopdf for MiKTeX
))
Package hyperref Info: Link coloring OFF on input line 48.
 (main.out) (main.out)
\@outlinefile=\write3
\openout3 = `main.out'.

Package caption Info: Begin \AtBeginDocument code.
Package caption Info: longtable package is loaded.

(C:\Users\DELL\AppData\Local\Programs\MiKTeX\tex/latex/caption\ltcaption.sty
Package: ltcaption 2021/01/08 v1.4c longtable captions (AR)
)
Package caption Info: End \AtBeginDocument code.

*geometry* driver: auto-detecting
*geometry* detected driver: pdftex
*geometry* verbose mode - [ preamble ] result:
* driver: pdftex
* paper: a4paper
* layout: <same size as paper>
* layoutoffset:(h,v)=(0.0pt,0.0pt)
* modes: 
* h-part:(L,W,R)=(72.26999pt, 452.9679pt, 72.26999pt)
* v-part:(T,H,B)=(72.26999pt, 700.50687pt, 72.26999pt)
* \paperwidth=597.50787pt
* \paperheight=845.04684pt
* \textwidth=452.9679pt
* \textheight=700.50687pt
* \oddsidemargin=0.0pt
* \evensidemargin=0.0pt
* \topmargin=-37.0pt
* \headheight=12.0pt
* \headsep=25.0pt
* \topskip=10.0pt
* \footskip=30.0pt
* \marginparwidth=57.0pt
* \marginparsep=11.0pt
* \columnsep=10.0pt
* \skip\footins=9.0pt plus 4.0pt minus 2.0pt
* \hoffset=0.0pt
* \voffset=0.0pt
* \mag=1000
* \@twocolumnfalse
* \@twosidefalse
* \@mparswitchfalse
* \@reversemarginfalse
* (1in=72.27pt=25.4mm, 1cm=28.453pt)

(front_page.tex
<extras/bas_bg_logo.jpg, id=275, 192.72pt x 212.795pt>
File: extras/bas_bg_logo.jpg Graphic file (type jpg)
<use extras/bas_bg_logo.jpg>
Package pdftex.def Info: extras/bas_bg_logo.jpg  used on input line 5.
(pdftex.def)             Requested size: 134.90306pt x 148.95547pt.
<extras/ianao_logo.png, id=276, 318.22113pt x 198.15968pt>
File: extras/ianao_logo.png Graphic file (type png)
<use extras/ianao_logo.png>
Package pdftex.def Info: extras/ianao_logo.png  used on input line 10.
(pdftex.def)             Requested size: 159.11017pt x 99.07959pt.
 [1

{C:/Users/DELL/AppData/Local/MiKTeX/fonts/map/pdftex/pdftex.map} <./extras/bas_
bg_logo.jpg> <./extras/ianao_logo.png>])
(extras/acknowledgements.tex) [1

] (extras/abstract.tex) [2

] (main.toc [3

])
\tf@toc=\write4
\openout4 = `main.toc'.


[4] (main.lot)
\tf@lot=\write5
\openout5 = `main.lot'.

 [5

] (main.lof

LaTeX Warning: Command \r invalid in math mode on input line 10.

[6

] [7] [8]

LaTeX Warning: Reference `zpos' on page ix undefined on input line 52.

)
\tf@lof=\write6
\openout6 = `main.lof'.

 [9] (extras/definations.tex [10

])
pdfTeX warning (ext4): destination with the same identifier (name{page.1}) has 
been already used, duplicate ignored
<to be read again> 
                   \relax 
l.69 	\include{chapter1/ch1}
                             [1]
\openout2 = `chapter1/ch1.aux'.

 (chapter1/ch1.tex
Chapter 1.
<chapter1/figs/srbs.jpeg, id=766, 1606.0pt x 661.47125pt>
File: chapter1/figs/srbs.jpeg Graphic file (type jpg)
<use chapter1/figs/srbs.jpeg>
Package pdftex.def Info: chapter1/figs/srbs.jpeg  used on input line 12.
(pdftex.def)             Requested size: 407.66833pt x 167.91089pt.
[2


 <./chapter1/figs/srbs.jpeg>]

LaTeX Warning: Command \r invalid in math mode on input line 28.

<chapter1/figs/AIA_LASCO_composite_2022613.png, id=852, 526.6074pt x 506.8536pt
>
File: chapter1/figs/AIA_LASCO_composite_2022613.png Graphic file (type png)
<use chapter1/figs/AIA_LASCO_composite_2022613.png>
Package pdftex.def Info: chapter1/figs/AIA_LASCO_composite_2022613.png  used on
 input line 33.
(pdftex.def)             Requested size: 362.37569pt x 348.78581pt.
[3] [4 <./chapter1/figs/AIA_LASCO_composite_2022613.png>]
<chapter1/figs/typefignew.png, id=926, 815.045pt x 467.7475pt>
File: chapter1/figs/typefignew.png Graphic file (type png)
<use chapter1/figs/typefignew.png>
Package pdftex.def Info: chapter1/figs/typefignew.png  used on input line 47.
(pdftex.def)             Requested size: 362.37569pt x 207.96497pt.
 [5 <./chapter1/figs/typefignew.png>]
<chapter1/figs/LASCO_C3_SEP.png, id=1010, 1438.173pt x 466.8642pt>
File: chapter1/figs/LASCO_C3_SEP.png Graphic file (type png)
<use chapter1/figs/LASCO_C3_SEP.png>
Package pdftex.def Info: chapter1/figs/LASCO_C3_SEP.png  used on input line 64.

(pdftex.def)             Requested size: 452.9679pt x 147.04163pt.
 [6 <./chapter1/figs/LASCO_C3_SEP.png>]) [7]
\openout2 = `chapter2/ch2.aux'.

 (chapter2/ch2.tex
Chapter 2.

LaTeX Warning: Command \r invalid in math mode on input line 17.

[8




]

LaTeX Warning: Command \r invalid in math mode on input line 20.


Overfull \hbox (10.28099pt too wide) in paragraph at lines 60--60
 []|\OT1/cmr/m/n/5 2010/06/12| 
 []


Overfull \hbox (10.28099pt too wide) in paragraph at lines 60--60
 []|\OT1/cmr/m/n/5 2010/08/14| 
 []


Overfull \hbox (10.28099pt too wide) in paragraph at lines 60--60
 []|\OT1/cmr/m/n/5 2010/12/31| 
 []


Overfull \hbox (10.28099pt too wide) in paragraph at lines 60--60
 []|\OT1/cmr/m/n/5 2011/01/28| 
 []


Overfull \hbox (10.28099pt too wide) in paragraph at lines 60--60
 []|\OT1/cmr/m/n/5 2011/03/07| 
 []


Overfull \hbox (10.28099pt too wide) in paragraph at lines 60--60
 []|\OT1/cmr/m/n/5 2011/05/11| 
 []


Overfull \hbox (10.28099pt too wide) in paragraph at lines 60--60
 []|\OT1/cmr/m/n/5 2011/08/04| 
 []


Overfull \hbox (10.28099pt too wide) in paragraph at lines 60--60
 []|\OT1/cmr/m/n/5 2011/08/08| 
 []


Overfull \hbox (10.28099pt too wide) in paragraph at lines 60--60
 []|\OT1/cmr/m/n/5 2012/03/07| 
 []


Overfull \hbox (10.28099pt too wide) in paragraph at lines 60--60
 []|\OT1/cmr/m/n/5 2012/03/13| 
 []


Overfull \hbox (10.28099pt too wide) in paragraph at lines 60--60
 []|\OT1/cmr/m/n/5 2012/07/23| 
 []


Overfull \hbox (10.28099pt too wide) in paragraph at lines 60--60
 []|\OT1/cmr/m/n/5 2013/04/21| 
 []


Overfull \hbox (10.28099pt too wide) in paragraph at lines 60--60
 []|\OT1/cmr/m/n/5 2013/05/13| 
 []


Overfull \hbox (10.28099pt too wide) in paragraph at lines 60--60
 []|\OT1/cmr/m/n/5 2013/05/15| 
 []


Overfull \hbox (10.28099pt too wide) in paragraph at lines 60--60
 []|\OT1/cmr/m/n/5 2013/05/22| 
 []


Overfull \hbox (10.28099pt too wide) in paragraph at lines 60--60
 []|\OT1/cmr/m/n/5 2013/06/21| 
 []


Overfull \hbox (10.28099pt too wide) in paragraph at lines 60--60
 []|\OT1/cmr/m/n/5 2013/10/25| 
 []


Overfull \hbox (10.28099pt too wide) in paragraph at lines 60--60
 []|\OT1/cmr/m/n/5 2013/12/12| 
 []


Overfull \hbox (10.28099pt too wide) in paragraph at lines 60--60
 []|\OT1/cmr/m/n/5 2013/12/28| 
 []


Overfull \hbox (10.28099pt too wide) in paragraph at lines 60--60
 []|\OT1/cmr/m/n/5 2014/07/08| 
 []


Overfull \hbox (10.28099pt too wide) in paragraph at lines 60--60
 []|\OT1/cmr/m/n/5 2014/12/05| 
 []


Overfull \hbox (10.28099pt too wide) in paragraph at lines 60--60
 []|\OT1/cmr/m/n/5 2015/05/12| 
 []


Overfull \hbox (10.28099pt too wide) in paragraph at lines 60--60
 []|\OT1/cmr/m/n/5 2015/09/20| 
 []


Overfull \hbox (10.28099pt too wide) in paragraph at lines 60--60
 []|\OT1/cmr/m/n/5 2015/10/29| 
 []


Overfull \hbox (10.28099pt too wide) in paragraph at lines 60--60
 []|\OT1/cmr/m/n/5 2015/11/09| 
 []


Overfull \hbox (10.28099pt too wide) in paragraph at lines 60--60
 []|\OT1/cmr/m/n/5 2017/04/01| 
 []

<chapter2/figs/fig_annplot.pdf, id=1159, 1138.2525pt x 993.7125pt>
File: chapter2/figs/fig_annplot.pdf Graphic file (type pdf)
<use chapter2/figs/fig_annplot.pdf>
Package pdftex.def Info: chapter2/figs/fig_annplot.pdf  used on input line 70.
(pdftex.def)             Requested size: 407.66833pt x 355.90152pt.
[9] [10 <./chapter2/figs/fig_annplot.pdf>]
<chapter2/figs/fig_s2m_segments_geometry.png, id=1223, 647.41875pt x 678.535pt>

File: chapter2/figs/fig_s2m_segments_geometry.png Graphic file (type png)
<use chapter2/figs/fig_s2m_segments_geometry.png>
Package pdftex.def Info: chapter2/figs/fig_s2m_segments_geometry.png  used on i
nput line 94.
(pdftex.def)             Requested size: 226.48395pt x 237.36656pt.
 [11]
<chapter2/figs/RGB_panel.pdf, id=1238, 722.7pt x 722.7pt>
File: chapter2/figs/RGB_panel.pdf Graphic file (type pdf)
<use chapter2/figs/RGB_panel.pdf>
Package pdftex.def Info: chapter2/figs/RGB_panel.pdf  used on input line 106.
(pdftex.def)             Requested size: 362.37569pt x 362.37466pt.


LaTeX Warning: Command \r invalid in math mode on input line 107.


LaTeX Warning: Command \r invalid in math mode on input line 107.

<chapter2/figs/euvwave_kinematics_110511_01.pdf, id=1246, 1213.42801pt x 733.22
559pt>
File: chapter2/figs/euvwave_kinematics_110511_01.pdf Graphic file (type pdf)
<use chapter2/figs/euvwave_kinematics_110511_01.pdf>
Package pdftex.def Info: chapter2/figs/euvwave_kinematics_110511_01.pdf  used o
n input line 119.
(pdftex.def)             Requested size: 452.9679pt x 273.70584pt.
<chapter2/figs/height_profile_residuals_aia_lasco_110511_01.pdf, id=1258, 492.8
7411pt x 709.6368pt>
File: chapter2/figs/height_profile_residuals_aia_lasco_110511_01.pdf Graphic fi
le (type pdf)
<use chapter2/figs/height_profile_residuals_aia_lasco_110511_01.pdf>
Package pdftex.def Info: chapter2/figs/height_profile_residuals_aia_lasco_11051
1_01.pdf  used on input line 184.
(pdftex.def)             Requested size: 317.07614pt x 456.54819pt.
<chapter2/figs/radial_kinematics_aia_lasco_110511_01.pdf, id=1259, 715.44022pt 
x 565.09679pt>
File: chapter2/figs/radial_kinematics_aia_lasco_110511_01.pdf Graphic file (typ
e pdf)
<use chapter2/figs/radial_kinematics_aia_lasco_110511_01.pdf>
Package pdftex.def Info: chapter2/figs/radial_kinematics_aia_lasco_110511_01.pd
f  used on input line 190.
(pdftex.def)             Requested size: 362.37569pt x 286.22096pt.
[12 <./chapter2/figs/fig_s2m_segments_geometry.png>] [13 <./chapter2/figs/RGB_p
anel.pdf>] [14 <./chapter2/figs/euvwave_kinematics_110511_01.pdf>] [15 <./chapt
er2/figs/height_profile_residuals_aia_lasco_110511_01.pdf>]
<chapter2/figs/latleftspd_vs_latleftpos.pdf, id=1507, 483.52023pt x 346.63533pt
>
File: chapter2/figs/latleftspd_vs_latleftpos.pdf Graphic file (type pdf)
<use chapter2/figs/latleftspd_vs_latleftpos.pdf>
Package pdftex.def Info: chapter2/figs/latleftspd_vs_latleftpos.pdf  used on in
put line 229.
(pdftex.def)             Requested size: 144.95303pt x 103.91734pt.
<chapter2/figs/radspd_vs_radpos.pdf, id=1509, 483.52023pt x 346.63533pt>
File: chapter2/figs/radspd_vs_radpos.pdf Graphic file (type pdf)
<use chapter2/figs/radspd_vs_radpos.pdf>
Package pdftex.def Info: chapter2/figs/radspd_vs_radpos.pdf  used on input line
 229.
(pdftex.def)             Requested size: 144.95303pt x 103.91734pt.
<chapter2/figs/latrightspd_vs_latrightpos.pdf, id=1511, 482.32979pt x 346.63533
pt>
File: chapter2/figs/latrightspd_vs_latrightpos.pdf Graphic file (type pdf)
<use chapter2/figs/latrightspd_vs_latrightpos.pdf>
Package pdftex.def Info: chapter2/figs/latrightspd_vs_latrightpos.pdf  used on 
input line 229.
(pdftex.def)             Requested size: 144.95303pt x 104.17122pt.
<chapter2/figs/latleftaccel_vs_latleftpos.pdf, id=1513, 487.44061pt x 346.63533
pt>
File: chapter2/figs/latleftaccel_vs_latleftpos.pdf Graphic file (type pdf)
<use chapter2/figs/latleftaccel_vs_latleftpos.pdf>
Package pdftex.def Info: chapter2/figs/latleftaccel_vs_latleftpos.pdf  used on 
input line 234.
(pdftex.def)             Requested size: 144.95303pt x 103.07635pt.
<chapter2/figs/radaccel_vs_radpos.pdf, id=1515, 480.93231pt x 346.63533pt>
File: chapter2/figs/radaccel_vs_radpos.pdf Graphic file (type pdf)
<use chapter2/figs/radaccel_vs_radpos.pdf>
Package pdftex.def Info: chapter2/figs/radaccel_vs_radpos.pdf  used on input li
ne 234.
(pdftex.def)             Requested size: 144.95303pt x 104.47272pt.
<chapter2/figs/latrightaccel_vs_latrightpos.pdf, id=1517, 480.78424pt x 346.635
33pt>
File: chapter2/figs/latrightaccel_vs_latrightpos.pdf Graphic file (type pdf)
<use chapter2/figs/latrightaccel_vs_latrightpos.pdf>
Package pdftex.def Info: chapter2/figs/latrightaccel_vs_latrightpos.pdf  used o
n input line 234.
(pdftex.def)             Requested size: 144.95303pt x 104.50444pt.
<chapter2/figs/latleftint_vs_latleftpos.pdf, id=1519, 484.88351pt x 346.63533pt
>
File: chapter2/figs/latleftint_vs_latleftpos.pdf Graphic file (type pdf)
<use chapter2/figs/latleftint_vs_latleftpos.pdf>
Package pdftex.def Info: chapter2/figs/latleftint_vs_latleftpos.pdf  used on in
put line 239.
(pdftex.def)             Requested size: 144.95303pt x 103.62115pt.
<chapter2/figs/radint_vs_radpos.pdf, id=1521, 484.88351pt x 346.63533pt>
File: chapter2/figs/radint_vs_radpos.pdf Graphic file (type pdf)
<use chapter2/figs/radint_vs_radpos.pdf>
Package pdftex.def Info: chapter2/figs/radint_vs_radpos.pdf  used on input line
 239.
(pdftex.def)             Requested size: 144.95303pt x 103.62115pt.
<chapter2/figs/latrightint_vs_latrightpos.pdf, id=1523, 484.88351pt x 346.63533
pt>
File: chapter2/figs/latrightint_vs_latrightpos.pdf Graphic file (type pdf)
<use chapter2/figs/latrightint_vs_latrightpos.pdf>
Package pdftex.def Info: chapter2/figs/latrightint_vs_latrightpos.pdf  used on 
input line 239.
(pdftex.def)             Requested size: 144.95303pt x 103.62115pt.
<chapter2/figs/latleftthick_vs_latleftpos.pdf, id=1525, 482.54669pt x 346.63533
pt>
File: chapter2/figs/latleftthick_vs_latleftpos.pdf Graphic file (type pdf)
<use chapter2/figs/latleftthick_vs_latleftpos.pdf>
Package pdftex.def Info: chapter2/figs/latleftthick_vs_latleftpos.pdf  used on 
input line 244.
(pdftex.def)             Requested size: 144.95303pt x 104.1289pt.
<chapter2/figs/radthick_vs_radpos.pdf, id=1527, 482.54669pt x 346.63533pt>
File: chapter2/figs/radthick_vs_radpos.pdf Graphic file (type pdf)
<use chapter2/figs/radthick_vs_radpos.pdf>
Package pdftex.def Info: chapter2/figs/radthick_vs_radpos.pdf  used on input li
ne 244.
(pdftex.def)             Requested size: 144.95303pt x 104.1289pt.
<chapter2/figs/latrightthick_vs_latrightpos.pdf, id=1529, 481.50238pt x 346.635
33pt>
File: chapter2/figs/latrightthick_vs_latrightpos.pdf Graphic file (type pdf)
<use chapter2/figs/latrightthick_vs_latrightpos.pdf>
Package pdftex.def Info: chapter2/figs/latrightthick_vs_latrightpos.pdf  used o
n input line 244.
(pdftex.def)             Requested size: 144.95303pt x 104.35106pt.
 [16 <./chapter2/figs/radial_kinematics_aia_lasco_110511_01.pdf>] [17 <./chapte
r2/figs/latleftspd_vs_latleftpos.pdf> <./chapter2/figs/radspd_vs_radpos.pdf> <.
/chapter2/figs/latrightspd_vs_latrightpos.pdf> <./chapter2/figs/latleftaccel_vs
_latleftpos.pdf> <./chapter2/figs/radaccel_vs_radpos.pdf> <./chapter2/figs/latr
ightaccel_vs_latrightpos.pdf> <./chapter2/figs/latleftint_vs_latleftpos.pdf> <.
/chapter2/figs/radint_vs_radpos.pdf> <./chapter2/figs/latrightint_vs_latrightpo
s.pdf> <./chapter2/figs/latleftthick_vs_latleftpos.pdf> <./chapter2/figs/radthi
ck_vs_radpos.pdf> <./chapter2/figs/latrightthick_vs_latrightpos.pdf>]
<chapter2/figs/wp3_d2_Fig16.pdf, id=2143, 709.98753pt x 1431.37825pt>
File: chapter2/figs/wp3_d2_Fig16.pdf Graphic file (type pdf)
<use chapter2/figs/wp3_d2_Fig16.pdf>
Package pdftex.def Info: chapter2/figs/wp3_d2_Fig16.pdf  used on input line 255
.
(pdftex.def)             Requested size: 317.07614pt x 639.24371pt.


LaTeX Warning: Command \r invalid in math mode on input line 285.

[18] [19 <./chapter2/figs/wp3_d2_Fig16.pdf>]

LaTeX Warning: Command \r invalid in math mode on input line 301.


LaTeX Warning: Command \r invalid in math mode on input line 313.

<chapter2/figs/wavetrack_figure_110511.png, id=2275, 1037.8775pt x 2043.635pt>
File: chapter2/figs/wavetrack_figure_110511.png Graphic file (type png)
<use chapter2/figs/wavetrack_figure_110511.png>
Package pdftex.def Info: chapter2/figs/wavetrack_figure_110511.png  used on inp
ut line 324.
(pdftex.def)             Requested size: 317.07614pt x 624.35242pt.
[20] [21 <./chapter2/figs/wavetrack_figure_110511.png>]
<chapter2/figs/flct_wave_filament_doubleplot_figure_110511.png, id=2300, 738.76
pt x 1309.89375pt>
File: chapter2/figs/flct_wave_filament_doubleplot_figure_110511.png Graphic fil
e (type png)
<use chapter2/figs/flct_wave_filament_doubleplot_figure_110511.png>
Package pdftex.def Info: chapter2/figs/flct_wave_filament_doubleplot_figure_110
511.png  used on input line 338.
(pdftex.def)             Requested size: 317.07614pt x 562.20401pt.
<chapter2/figs/event_110511_01_centers_of_mass.png, id=2305, 584.6643pt x 942.4
008pt>
File: chapter2/figs/event_110511_01_centers_of_mass.png Graphic file (type png)

<use chapter2/figs/event_110511_01_centers_of_mass.png>
Package pdftex.def Info: chapter2/figs/event_110511_01_centers_of_mass.png  use
d on input line 345.
(pdftex.def)             Requested size: 317.07614pt x 511.08897pt.
 [22] [23 <./chapter2/figs/flct_wave_filament_doubleplot_figure_110511.png>] [2
4 <./chapter2/figs/event_110511_01_centers_of_mass.png>]
<chapter2/figs/Fig_s1.png, id=2479, 334.97145pt x 328.8285pt>
File: chapter2/figs/Fig_s1.png Graphic file (type png)
<use chapter2/figs/Fig_s1.png>
Package pdftex.def Info: chapter2/figs/Fig_s1.png  used on input line 372.
(pdftex.def)             Requested size: 135.89174pt x 133.39558pt.
<chapter2/figs/Fig_e1.png, id=2480, 334.97145pt x 328.8285pt>
File: chapter2/figs/Fig_e1.png Graphic file (type png)
<use chapter2/figs/Fig_e1.png>
Package pdftex.def Info: chapter2/figs/Fig_e1.png  used on input line 376.
(pdftex.def)             Requested size: 135.89174pt x 133.39558pt.
<chapter2/figs/Fig_g1.png, id=2481, 334.97145pt x 328.8285pt>
File: chapter2/figs/Fig_g1.png Graphic file (type png)
<use chapter2/figs/Fig_g1.png>
Package pdftex.def Info: chapter2/figs/Fig_g1.png  used on input line 380.
(pdftex.def)             Requested size: 135.89174pt x 133.39558pt.
<chapter2/figs/Fig_s2.png, id=2482, 930.47626pt x 913.4125pt>
File: chapter2/figs/Fig_s2.png Graphic file (type png)
<use chapter2/figs/Fig_s2.png>
Package pdftex.def Info: chapter2/figs/Fig_s2.png  used on input line 384.
(pdftex.def)             Requested size: 135.89174pt x 133.39613pt.
<chapter2/figs/Fig_e2.png, id=2483, 334.97145pt x 328.8285pt>
File: chapter2/figs/Fig_e2.png Graphic file (type png)
<use chapter2/figs/Fig_e2.png>
Package pdftex.def Info: chapter2/figs/Fig_e2.png  used on input line 388.
(pdftex.def)             Requested size: 135.89174pt x 133.39558pt.
<chapter2/figs/Fig_g2.png, id=2484, 334.97145pt x 328.8285pt>
File: chapter2/figs/Fig_g2.png Graphic file (type png)
<use chapter2/figs/Fig_g2.png>
Package pdftex.def Info: chapter2/figs/Fig_g2.png  used on input line 392.
(pdftex.def)             Requested size: 135.89174pt x 133.39558pt.
 [25 <./chapter2/figs/Fig_s1.png> <./chapter2/figs/Fig_e1.png> <./chapter2/figs
/Fig_g1.png> <./chapter2/figs/Fig_s2.png> <./chapter2/figs/Fig_e2.png> <./chapt
er2/figs/Fig_g2.png>]
<chapter2/figs/Fig_er_speed1.pdf, id=2517, 1606.0pt x 1003.75pt>
File: chapter2/figs/Fig_er_speed1.pdf Graphic file (type pdf)
<use chapter2/figs/Fig_er_speed1.pdf>
Package pdftex.def Info: chapter2/figs/Fig_er_speed1.pdf  used on input line 43
7.
(pdftex.def)             Requested size: 217.42265pt x 135.8833pt.
<chapter2/figs/Fig_er_speed2.pdf, id=2518, 1606.0pt x 1003.75pt>
File: chapter2/figs/Fig_er_speed2.pdf Graphic file (type pdf)
<use chapter2/figs/Fig_er_speed2.pdf>
Package pdftex.def Info: chapter2/figs/Fig_er_speed2.pdf  used on input line 43
8.
(pdftex.def)             Requested size: 217.42265pt x 135.8833pt.
 [26 <./chapter2/figs/Fig_er_speed1.pdf> <./chapter2/figs/Fig_er_speed2.pdf>]
<chapter2/figs/Fig_GS_speed_er_mean.pdf, id=2573, 1606.0pt x 1003.75pt>
File: chapter2/figs/Fig_GS_speed_er_mean.pdf Graphic file (type pdf)
<use chapter2/figs/Fig_GS_speed_er_mean.pdf>
Package pdftex.def Info: chapter2/figs/Fig_GS_speed_er_mean.pdf  used on input 
line 474.
(pdftex.def)             Requested size: 317.07614pt x 198.17336pt.
<chapter2/figs/Fig_GS_ICMEspeed.pdf, id=2578, 1606.0pt x 1003.75pt>
File: chapter2/figs/Fig_GS_ICMEspeed.pdf Graphic file (type pdf)
<use chapter2/figs/Fig_GS_ICMEspeed.pdf>
Package pdftex.def Info: chapter2/figs/Fig_GS_ICMEspeed.pdf  used on input line
 482.
(pdftex.def)             Requested size: 203.83417pt x 127.38293pt.
<chapter2/figs/Fig_GS_IPspeed.pdf, id=2579, 1606.0pt x 1003.75pt>
File: chapter2/figs/Fig_GS_IPspeed.pdf Graphic file (type pdf)
<use chapter2/figs/Fig_GS_IPspeed.pdf>
Package pdftex.def Info: chapter2/figs/Fig_GS_IPspeed.pdf  used on input line 4
86.
(pdftex.def)             Requested size: 203.83417pt x 127.38293pt.
<chapter2/figs/Fig_GS_Ms.pdf, id=2580, 1606.0pt x 1003.75pt>
File: chapter2/figs/Fig_GS_Ms.pdf Graphic file (type pdf)
<use chapter2/figs/Fig_GS_Ms.pdf>
Package pdftex.def Info: chapter2/figs/Fig_GS_Ms.pdf  used on input line 489.
(pdftex.def)             Requested size: 203.83417pt x 127.38293pt.
<chapter2/figs/Fig_GS_sheath.pdf, id=2581, 1606.0pt x 1003.75pt>
File: chapter2/figs/Fig_GS_sheath.pdf Graphic file (type pdf)
<use chapter2/figs/Fig_GS_sheath.pdf>
Package pdftex.def Info: chapter2/figs/Fig_GS_sheath.pdf  used on input line 49
3.
(pdftex.def)             Requested size: 203.83417pt x 127.38293pt.
<chapter2/figs/Fig_GS_Bz.pdf, id=2582, 1606.0pt x 1003.75pt>
File: chapter2/figs/Fig_GS_Bz.pdf Graphic file (type pdf)
<use chapter2/figs/Fig_GS_Bz.pdf>
Package pdftex.def Info: chapter2/figs/Fig_GS_Bz.pdf  used on input line 496.
(pdftex.def)             Requested size: 203.83417pt x 127.38293pt.
<chapter2/figs/Fig_GS_Bjump.pdf, id=2583, 1606.0pt x 1003.75pt>
File: chapter2/figs/Fig_GS_Bjump.pdf Graphic file (type pdf)
<use chapter2/figs/Fig_GS_Bjump.pdf>
Package pdftex.def Info: chapter2/figs/Fig_GS_Bjump.pdf  used on input line 500
.
(pdftex.def)             Requested size: 203.83417pt x 127.38293pt.
<chapter2/figs/Fig_GS_Tjump.pdf, id=2584, 1606.0pt x 1003.75pt>
File: chapter2/figs/Fig_GS_Tjump.pdf Graphic file (type pdf)
<use chapter2/figs/Fig_GS_Tjump.pdf>
Package pdftex.def Info: chapter2/figs/Fig_GS_Tjump.pdf  used on input line 503
.
(pdftex.def)             Requested size: 203.83417pt x 127.38293pt.
<chapter2/figs/Fig_GS_Njump.pdf, id=2585, 1606.0pt x 1003.75pt>
File: chapter2/figs/Fig_GS_Njump.pdf Graphic file (type pdf)
<use chapter2/figs/Fig_GS_Njump.pdf>
Package pdftex.def Info: chapter2/figs/Fig_GS_Njump.pdf  used on input line 507
.
(pdftex.def)             Requested size: 203.83417pt x 127.38293pt.
 [27 <./chapter2/figs/Fig_GS_speed_er_mean.pdf>] [28 <./chapter2/figs/Fig_GS_IC
MEspeed.pdf> <./chapter2/figs/Fig_GS_IPspeed.pdf> <./chapter2/figs/Fig_GS_Ms.pd
f> <./chapter2/figs/Fig_GS_sheath.pdf> <./chapter2/figs/Fig_GS_Bz.pdf> <./chapt
er2/figs/Fig_GS_Bjump.pdf> <./chapter2/figs/Fig_GS_Tjump.pdf> <./chapter2/figs/
Fig_GS_Njump.pdf>] [29]
[30]) [31]
\openout2 = `chapter3/ch3.aux'.

 (chapter3/ch3.tex
Chapter 3.
[32




]
<chapter3/figs/all_dyspec.png, id=2887, 710.8959pt x 570.6921pt>
File: chapter3/figs/all_dyspec.png Graphic file (type png)
<use chapter3/figs/all_dyspec.png>
Package pdftex.def Info: chapter3/figs/all_dyspec.png  used on input line 26.
(pdftex.def)             Requested size: 407.66833pt x 327.2746pt.
<chapter3/figs/solarMach.pdf, id=2888, 615.64789pt x 451.30571pt>
File: chapter3/figs/solarMach.pdf Graphic file (type pdf)
<use chapter3/figs/solarMach.pdf>
Package pdftex.def Info: chapter3/figs/solarMach.pdf  used on input line 33.
(pdftex.def)             Requested size: 362.37569pt x 265.64828pt.
<chapter3/figs/aia_sta_cutout.pdf, id=2895, 1208.68764pt x 393.44112pt>
File: chapter3/figs/aia_sta_cutout.pdf Graphic file (type pdf)
<use chapter3/figs/aia_sta_cutout.pdf>
Package pdftex.def Info: chapter3/figs/aia_sta_cutout.pdf  used on input line 4
0.
(pdftex.def)             Requested size: 452.9679pt x 147.44398pt.
<chapter3/figs/xrs_eve.pdf, id=2896, 496.32301pt x 353.46428pt>
File: chapter3/figs/xrs_eve.pdf Graphic file (type pdf)
<use chapter3/figs/xrs_eve.pdf>
Package pdftex.def Info: chapter3/figs/xrs_eve.pdf  used on input line 41.
(pdftex.def)             Requested size: 341.43306pt x 243.1571pt.
 [33 <./chapter3/figs/all_dyspec.png>] [34 <./chapter3/figs/solarMach.pdf>] [35
 <./chapter3/figs/aia_sta_cutout.pdf> <./chapter3/figs/xrs_eve.pdf>]
<chapter3/figs/auto_detect_typeIIIs.png, id=3077, 618.6312pt x 427.5975pt>
File: chapter3/figs/auto_detect_typeIIIs.png Graphic file (type png)
<use chapter3/figs/auto_detect_typeIIIs.png>
Package pdftex.def Info: chapter3/figs/auto_detect_typeIIIs.png  used on input 
line 61.
(pdftex.def)             Requested size: 362.37569pt x 250.47302pt.

[36 <./chapter3/figs/auto_detect_typeIIIs.png>]
<chapter3/figs/lofar_dyspec_detect__snapshot_coords.pdf, id=3103, 902.5689pt x 
375.21825pt>
File: chapter3/figs/lofar_dyspec_detect__snapshot_coords.pdf Graphic file (type
 pdf)
<use chapter3/figs/lofar_dyspec_detect__snapshot_coords.pdf>
Package pdftex.def Info: chapter3/figs/lofar_dyspec_detect__snapshot_coords.pdf
  used on input line 95.
(pdftex.def)             Requested size: 452.9679pt x 188.30714pt.
<chapter3/figs/subplots.pdf, id=3106, 1195.38245pt x 1044.78748pt>
File: chapter3/figs/subplots.pdf Graphic file (type pdf)
<use chapter3/figs/subplots.pdf>
Package pdftex.def Info: chapter3/figs/subplots.pdf  used on input line 102.
(pdftex.def)             Requested size: 452.9679pt x 395.89148pt.
 [37 <./chapter3/figs/lofar_dyspec_detect__snapshot_coords.pdf>] [38 <./chapter
3/figs/subplots.pdf>]
<chapter3/figs/pfss3d_radSources_burst_angle.pdf, id=3261, 461.47406pt x 463.73
247pt>
File: chapter3/figs/pfss3d_radSources_burst_angle.pdf Graphic file (type pdf)
<use chapter3/figs/pfss3d_radSources_burst_angle.pdf>
Package pdftex.def Info: chapter3/figs/pfss3d_radSources_burst_angle.pdf  used 
on input line 134.
(pdftex.def)             Requested size: 203.83417pt x 204.82834pt.
<chapter3/figs/pfss3d_radSources_burst_side.pdf, id=3262, 450.9648pt x 450.9648
pt>
File: chapter3/figs/pfss3d_radSources_burst_side.pdf Graphic file (type pdf)
<use chapter3/figs/pfss3d_radSources_burst_side.pdf>
Package pdftex.def Info: chapter3/figs/pfss3d_radSources_burst_side.pdf  used o
n input line 140.
(pdftex.def)             Requested size: 203.83417pt x 203.83371pt.
<chapter3/figs/pfss3d_radSources_burst_top.pdf, id=3263, 450.9648pt x 450.9648p
t>
File: chapter3/figs/pfss3d_radSources_burst_top.pdf Graphic file (type pdf)
<use chapter3/figs/pfss3d_radSources_burst_top.pdf>
Package pdftex.def Info: chapter3/figs/pfss3d_radSources_burst_top.pdf  used on
 input line 146.
(pdftex.def)             Requested size: 203.83417pt x 203.83371pt.
<chapter3/figs/pfss3d_radSources_burst_front.pdf, id=3264, 450.9648pt x 450.964
8pt>
File: chapter3/figs/pfss3d_radSources_burst_front.pdf Graphic file (type pdf)
<use chapter3/figs/pfss3d_radSources_burst_front.pdf>
Package pdftex.def Info: chapter3/figs/pfss3d_radSources_burst_front.pdf  used 
on input line 152.
(pdftex.def)             Requested size: 203.83417pt x 203.83371pt.
<chapter3/figs/LOFAR_FORWARD_plasma_diag_forwtime_2019-04-01T03-42-06.452.pdf, 
id=3265, 1020.8801pt x 1310.17397pt>
File: chapter3/figs/LOFAR_FORWARD_plasma_diag_forwtime_2019-04-01T03-42-06.452.
pdf Graphic file (type pdf)
<use chapter3/figs/LOFAR_FORWARD_plasma_diag_forwtime_2019-04-01T03-42-06.452.p
df>
Package pdftex.def Info: chapter3/figs/LOFAR_FORWARD_plasma_diag_forwtime_2019-
04-01T03-42-06.452.pdf  used on input line 161.
(pdftex.def)             Requested size: 443.9066pt x 569.68118pt.
<chapter3/figs/scatterplots_FORWARD_plasma_diagnostics_2019-04-01_4R.pdf, id=32
66, 998.7424pt x 568.21973pt>
File: chapter3/figs/scatterplots_FORWARD_plasma_diagnostics_2019-04-01_4R.pdf G
raphic file (type pdf)
<use chapter3/figs/scatterplots_FORWARD_plasma_diagnostics_2019-04-01_4R.pdf>
Package pdftex.def Info: chapter3/figs/scatterplots_FORWARD_plasma_diagnostics_
2019-04-01_4R.pdf  used on input line 168.
(pdftex.def)             Requested size: 452.9679pt x 257.70802pt.
 [39]
[40 <./chapter3/figs/pfss3d_radSources_burst_angle.pdf> <./chapter3/figs/pfss3d
_radSources_burst_side.pdf> <./chapter3/figs/pfss3d_radSources_burst_top.pdf> <
./chapter3/figs/pfss3d_radSources_burst_front.pdf>] [41 <./chapter3/figs/LOFAR_
FORWARD_plasma_diag_forwtime_2019-04-01T03-42-06.452.pdf>]) [42 <./chapter3/fig
s/scatterplots_FORWARD_plasma_diagnostics_2019-04-01_4R.pdf>]
\openout2 = `chapter4/ch4.aux'.

 (chapter4/ch4.tex
Chapter 4.
[43




] [44] [45] [46] [47] [48] [49] [50]
<chapter4/figs/subplots_dataSplit_allFeatures.pdf, id=3878, 1132.23184pt x 1429
.05095pt>
File: chapter4/figs/subplots_dataSplit_allFeatures.pdf Graphic file (type pdf)
<use chapter4/figs/subplots_dataSplit_allFeatures.pdf>
Package pdftex.def Info: chapter4/figs/subplots_dataSplit_allFeatures.pdf  used
 on input line 195.
(pdftex.def)             Requested size: 407.66833pt x 514.52338pt.


LaTeX Warning: `!h' float specifier changed to `!ht'.


Package natbib Warning: Citation `zhang_2022' on page 51 undefined on input lin
e 200.

<chapter4/figs/dataset_split_corr.pdf, id=3886, 1696.1901pt x 507.31659pt>
File: chapter4/figs/dataset_split_corr.pdf Graphic file (type pdf)
<use chapter4/figs/dataset_split_corr.pdf>
Package pdftex.def Info: chapter4/figs/dataset_split_corr.pdf  used on input li
ne 206.
(pdftex.def)             Requested size: 452.9679pt x 135.47554pt.
[51] [52 <./chapter4/figs/subplots_dataSplit_allFeatures.pdf>]

pdfTeX warning: pdflatex.exe (file ./chapter4/figs/diagram.drawio.pdf): PDF inc
lusion: found PDF version <1.7>, but at most version <1.5> allowed
<chapter4/figs/diagram.drawio.pdf, id=3999, 637.42137pt x 300.1614pt>
File: chapter4/figs/diagram.drawio.pdf Graphic file (type pdf)
<use chapter4/figs/diagram.drawio.pdf>
Package pdftex.def Info: chapter4/figs/diagram.drawio.pdf  used on input line 2
24.
(pdftex.def)             Requested size: 271.7835pt x 127.9814pt.
[53 <./chapter4/figs/dataset_split_corr.pdf> <./chapter4/figs/diagram.drawio.pd
f>]

pdfTeX warning: pdflatex.exe (file ./chapter4/figs/sliding_window_lstm.pdf): PD
F inclusion: found PDF version <1.7>, but at most version <1.5> allowed
<chapter4/figs/sliding_window_lstm.pdf, id=4080, 291.00719pt x 141.6492pt>
File: chapter4/figs/sliding_window_lstm.pdf Graphic file (type pdf)
<use chapter4/figs/sliding_window_lstm.pdf>
Package pdftex.def Info: chapter4/figs/sliding_window_lstm.pdf  used on input l
ine 247.
(pdftex.def)             Requested size: 226.48395pt x 110.24384pt.

Package natbib Warning: Citation `zhang_2022' on page 54 undefined on input lin
e 252.

<chapter4/figs/models_benchmark.pdf, id=4086, 1072.86699pt x 457.06949pt>
File: chapter4/figs/models_benchmark.pdf Graphic file (type pdf)
<use chapter4/figs/models_benchmark.pdf>
Package pdftex.def Info: chapter4/figs/models_benchmark.pdf  used on input line
 259.
(pdftex.def)             Requested size: 452.9679pt x 192.97914pt.
[54 <./chapter4/figs/sliding_window_lstm.pdf>] [55 <./chapter4/figs/models_benc
hmark.pdf>]
<chapter4/figs/loss_curve_allenergies.pdf, id=4163, 1284.76115pt x 345.18333pt>

File: chapter4/figs/loss_curve_allenergies.pdf Graphic file (type pdf)
<use chapter4/figs/loss_curve_allenergies.pdf>
Package pdftex.def Info: chapter4/figs/loss_curve_allenergies.pdf  used on inpu
t line 293.
(pdftex.def)             Requested size: 452.9679pt x 121.70084pt.
<chapter4/figs/scatterplot_obs_vs_model_valset_3in1_log_PF10.pdf, id=4169, 521.
52373pt x 405.8519pt>
File: chapter4/figs/scatterplot_obs_vs_model_valset_3in1_log_PF10.pdf Graphic f
ile (type pdf)
<use chapter4/figs/scatterplot_obs_vs_model_valset_3in1_log_PF10.pdf>
Package pdftex.def Info: chapter4/figs/scatterplot_obs_vs_model_valset_3in1_log
_PF10.pdf  used on input line 308.
(pdftex.def)             Requested size: 181.18439pt x 140.99751pt.
<chapter4/figs/scatterplot_obs_vs_model_valset_3in1_LOG_PF_LT1_log_PF10.pdf, id
=4170, 521.52373pt x 405.8519pt>
File: chapter4/figs/scatterplot_obs_vs_model_valset_3in1_LOG_PF_LT1_log_PF10.pd
f Graphic file (type pdf)
<use chapter4/figs/scatterplot_obs_vs_model_valset_3in1_LOG_PF_LT1_log_PF10.pdf
>
Package pdftex.def Info: chapter4/figs/scatterplot_obs_vs_model_valset_3in1_LOG
_PF_LT1_log_PF10.pdf  used on input line 313.
(pdftex.def)             Requested size: 181.18439pt x 140.99751pt.
<chapter4/figs/scatterplot_obs_vs_model_valset_3in1_log_PF30.pdf, id=4171, 521.
52373pt x 405.8519pt>
File: chapter4/figs/scatterplot_obs_vs_model_valset_3in1_log_PF30.pdf Graphic f
ile (type pdf)
<use chapter4/figs/scatterplot_obs_vs_model_valset_3in1_log_PF30.pdf>
Package pdftex.def Info: chapter4/figs/scatterplot_obs_vs_model_valset_3in1_log
_PF30.pdf  used on input line 317.
(pdftex.def)             Requested size: 181.18439pt x 140.99751pt.
<chapter4/figs/scatterplot_obs_vs_model_valset_3in1_LOG_PF_LT1_log_PF30.pdf, id
=4172, 521.52373pt x 405.8519pt>
File: chapter4/figs/scatterplot_obs_vs_model_valset_3in1_LOG_PF_LT1_log_PF30.pd
f Graphic file (type pdf)
<use chapter4/figs/scatterplot_obs_vs_model_valset_3in1_LOG_PF_LT1_log_PF30.pdf
>
Package pdftex.def Info: chapter4/figs/scatterplot_obs_vs_model_valset_3in1_LOG
_PF_LT1_log_PF30.pdf  used on input line 322.
(pdftex.def)             Requested size: 181.18439pt x 140.99751pt.
<chapter4/figs/scatterplot_obs_vs_model_valset_3in1_log_PF60.pdf, id=4173, 521.
52373pt x 405.8519pt>
File: chapter4/figs/scatterplot_obs_vs_model_valset_3in1_log_PF60.pdf Graphic f
ile (type pdf)
<use chapter4/figs/scatterplot_obs_vs_model_valset_3in1_log_PF60.pdf>
Package pdftex.def Info: chapter4/figs/scatterplot_obs_vs_model_valset_3in1_log
_PF60.pdf  used on input line 326.
(pdftex.def)             Requested size: 181.18439pt x 140.99751pt.
<chapter4/figs/scatterplot_obs_vs_model_valset_3in1_LOG_PF_LT1_log_PF60.pdf, id
=4174, 521.52373pt x 405.8519pt>
File: chapter4/figs/scatterplot_obs_vs_model_valset_3in1_LOG_PF_LT1_log_PF60.pd
f Graphic file (type pdf)
<use chapter4/figs/scatterplot_obs_vs_model_valset_3in1_LOG_PF_LT1_log_PF60.pdf
>
Package pdftex.def Info: chapter4/figs/scatterplot_obs_vs_model_valset_3in1_LOG
_PF_LT1_log_PF60.pdf  used on input line 331.
(pdftex.def)             Requested size: 181.18439pt x 140.99751pt.
<chapter4/figs/scatterplot_obs_vs_model_tstset_3in1_log_PF10.pdf, id=4176, 509.
5493pt x 405.8519pt>
File: chapter4/figs/scatterplot_obs_vs_model_tstset_3in1_log_PF10.pdf Graphic f
ile (type pdf)
<use chapter4/figs/scatterplot_obs_vs_model_tstset_3in1_log_PF10.pdf>
Package pdftex.def Info: chapter4/figs/scatterplot_obs_vs_model_tstset_3in1_log
_PF10.pdf  used on input line 345.
(pdftex.def)             Requested size: 181.18439pt x 144.31065pt.
<chapter4/figs/scatterplot_obs_vs_model_tstset_3in1_LOG_PF_LT1_log_PF10.pdf, id
=4177, 504.12277pt x 405.8519pt>
File: chapter4/figs/scatterplot_obs_vs_model_tstset_3in1_LOG_PF_LT1_log_PF10.pd
f Graphic file (type pdf)
<use chapter4/figs/scatterplot_obs_vs_model_tstset_3in1_LOG_PF_LT1_log_PF10.pdf
>
Package pdftex.def Info: chapter4/figs/scatterplot_obs_vs_model_tstset_3in1_LOG
_PF_LT1_log_PF10.pdf  used on input line 350.
(pdftex.def)             Requested size: 181.18439pt x 145.86505pt.
<chapter4/figs/scatterplot_obs_vs_model_tstset_3in1_log_PF30.pdf, id=4178, 509.
5493pt x 405.8519pt>
File: chapter4/figs/scatterplot_obs_vs_model_tstset_3in1_log_PF30.pdf Graphic f
ile (type pdf)
<use chapter4/figs/scatterplot_obs_vs_model_tstset_3in1_log_PF30.pdf>
Package pdftex.def Info: chapter4/figs/scatterplot_obs_vs_model_tstset_3in1_log
_PF30.pdf  used on input line 354.
(pdftex.def)             Requested size: 181.18439pt x 144.31065pt.
<chapter4/figs/scatterplot_obs_vs_model_tstset_3in1_LOG_PF_LT1_log_PF30.pdf, id
=4179, 504.12277pt x 405.8519pt>
File: chapter4/figs/scatterplot_obs_vs_model_tstset_3in1_LOG_PF_LT1_log_PF30.pd
f Graphic file (type pdf)
<use chapter4/figs/scatterplot_obs_vs_model_tstset_3in1_LOG_PF_LT1_log_PF30.pdf
>
Package pdftex.def Info: chapter4/figs/scatterplot_obs_vs_model_tstset_3in1_LOG
_PF_LT1_log_PF30.pdf  used on input line 359.
(pdftex.def)             Requested size: 181.18439pt x 145.86505pt.
<chapter4/figs/scatterplot_obs_vs_model_tstset_3in1_log_PF60.pdf, id=4180, 509.
5493pt x 405.8519pt>
File: chapter4/figs/scatterplot_obs_vs_model_tstset_3in1_log_PF60.pdf Graphic f
ile (type pdf)
<use chapter4/figs/scatterplot_obs_vs_model_tstset_3in1_log_PF60.pdf>
Package pdftex.def Info: chapter4/figs/scatterplot_obs_vs_model_tstset_3in1_log
_PF60.pdf  used on input line 363.
(pdftex.def)             Requested size: 181.18439pt x 144.31065pt.
<chapter4/figs/scatterplot_obs_vs_model_tstset_3in1_LOG_PF_LT1_log_PF60.pdf, id
=4181, 504.12277pt x 405.8519pt>
File: chapter4/figs/scatterplot_obs_vs_model_tstset_3in1_LOG_PF_LT1_log_PF60.pd
f Graphic file (type pdf)
<use chapter4/figs/scatterplot_obs_vs_model_tstset_3in1_LOG_PF_LT1_log_PF60.pdf
>
Package pdftex.def Info: chapter4/figs/scatterplot_obs_vs_model_tstset_3in1_LOG
_PF_LT1_log_PF60.pdf  used on input line 368.
(pdftex.def)             Requested size: 181.18439pt x 145.86505pt.
 [56 <./chapter4/figs/loss_curve_allenergies.pdf>] [57 <./chapter4/figs/scatter
plot_obs_vs_model_valset_3in1_log_PF10.pdf> <./chapter4/figs/scatterplot_obs_vs
_model_valset_3in1_LOG_PF_LT1_log_PF10.pdf

pdfTeX warning: pdflatex.exe (file ./chapter4/figs/scatterplot_obs_vs_model_val
set_3in1_LOG_PF_LT1_log_PF10.pdf): PDF inclusion: multiple pdfs with page group
 included in a single page
> <./chapter4/figs/scatterplot_obs_vs_model_valset_3in1_log_PF30.pdf

pdfTeX warning: pdflatex.exe (file ./chapter4/figs/scatterplot_obs_vs_model_val
set_3in1_log_PF30.pdf): PDF inclusion: multiple pdfs with page group included i
n a single page
> <./chapter4/figs/scatterplot_obs_vs_model_valset_3in1_LOG_PF_LT1_log_PF30.pdf


pdfTeX warning: pdflatex.exe (file ./chapter4/figs/scatterplot_obs_vs_model_val
set_3in1_LOG_PF_LT1_log_PF30.pdf): PDF inclusion: multiple pdfs with page group
 included in a single page
> <./chapter4/figs/scatterplot_obs_vs_model_valset_3in1_log_PF60.pdf

pdfTeX warning: pdflatex.exe (file ./chapter4/figs/scatterplot_obs_vs_model_val
set_3in1_log_PF60.pdf): PDF inclusion: multiple pdfs with page group included i
n a single page
> <./chapter4/figs/scatterplot_obs_vs_model_valset_3in1_LOG_PF_LT1_log_PF60.pdf


pdfTeX warning: pdflatex.exe (file ./chapter4/figs/scatterplot_obs_vs_model_val
set_3in1_LOG_PF_LT1_log_PF60.pdf): PDF inclusion: multiple pdfs with page group
 included in a single page
>] [58 <./chapter4/figs/scatterplot_obs_vs_model_tstset_3in1_log_PF10.pdf> <./c
hapter4/figs/scatterplot_obs_vs_model_tstset_3in1_LOG_PF_LT1_log_PF10.pdf

pdfTeX warning: pdflatex.exe (file ./chapter4/figs/scatterplot_obs_vs_model_tst
set_3in1_LOG_PF_LT1_log_PF10.pdf): PDF inclusion: multiple pdfs with page group
 included in a single page
> <./chapter4/figs/scatterplot_obs_vs_model_tstset_3in1_log_PF30.pdf

pdfTeX warning: pdflatex.exe (file ./chapter4/figs/scatterplot_obs_vs_model_tst
set_3in1_log_PF30.pdf): PDF inclusion: multiple pdfs with page group included i
n a single page
> <./chapter4/figs/scatterplot_obs_vs_model_tstset_3in1_LOG_PF_LT1_log_PF30.pdf


pdfTeX warning: pdflatex.exe (file ./chapter4/figs/scatterplot_obs_vs_model_tst
set_3in1_LOG_PF_LT1_log_PF30.pdf): PDF inclusion: multiple pdfs with page group
 included in a single page
> <./chapter4/figs/scatterplot_obs_vs_model_tstset_3in1_log_PF60.pdf

pdfTeX warning: pdflatex.exe (file ./chapter4/figs/scatterplot_obs_vs_model_tst
set_3in1_log_PF60.pdf): PDF inclusion: multiple pdfs with page group included i
n a single page
> <./chapter4/figs/scatterplot_obs_vs_model_tstset_3in1_LOG_PF_LT1_log_PF60.pdf


pdfTeX warning: pdflatex.exe (file ./chapter4/figs/scatterplot_obs_vs_model_tst
set_3in1_LOG_PF_LT1_log_PF60.pdf): PDF inclusion: multiple pdfs with page group
 included in a single page
>]
<chapter4/figs/comparison_crosscorr_tstset_1day_3channels.pdf, id=4852, 954.030
5pt x 1102.87411pt>
File: chapter4/figs/comparison_crosscorr_tstset_1day_3channels.pdf Graphic file
 (type pdf)
<use chapter4/figs/comparison_crosscorr_tstset_1day_3channels.pdf>
Package pdftex.def Info: chapter4/figs/comparison_crosscorr_tstset_1day_3channe
ls.pdf  used on input line 387.
(pdftex.def)             Requested size: 452.9679pt x 523.65189pt.


LaTeX Warning: `!h' float specifier changed to `!ht'.

<chapter4/figs/log_pf10/examples_10_tstset.pdf, id=4853, 940.23267pt x 649.5736
5pt>
File: chapter4/figs/log_pf10/examples_10_tstset.pdf Graphic file (type pdf)
<use chapter4/figs/log_pf10/examples_10_tstset.pdf>
Package pdftex.def Info: chapter4/figs/log_pf10/examples_10_tstset.pdf  used on
 input line 394.
(pdftex.def)             Requested size: 452.9679pt x 312.94156pt.
<chapter4/figs/log_pf30/examples_30_tstset.pdf, id=4854, 940.23267pt x 649.5736
5pt>
File: chapter4/figs/log_pf30/examples_30_tstset.pdf Graphic file (type pdf)
<use chapter4/figs/log_pf30/examples_30_tstset.pdf>
Package pdftex.def Info: chapter4/figs/log_pf30/examples_30_tstset.pdf  used on
 input line 401.
(pdftex.def)             Requested size: 452.9679pt x 312.94156pt.
<chapter4/figs/log_pf60/examples_60_tstset.pdf, id=4855, 940.23267pt x 649.5736
5pt>
File: chapter4/figs/log_pf60/examples_60_tstset.pdf Graphic file (type pdf)
<use chapter4/figs/log_pf60/examples_60_tstset.pdf>
Package pdftex.def Info: chapter4/figs/log_pf60/examples_60_tstset.pdf  used on
 input line 408.
(pdftex.def)             Requested size: 452.9679pt x 312.94156pt.
LaTeX Font Info:    Trying to load font information for OML+cmr on input line 4
21.
(C:\Users\DELL\AppData\Local\Programs\MiKTeX\tex/latex/base\omlcmr.fd
File: omlcmr.fd 2023/04/13 v2.5m Standard LaTeX font definitions
)
LaTeX Font Info:    Font shape `OML/cmr/m/n' in size <10> not available
(Font)              Font shape `OML/cmm/m/it' tried instead on input line 421.
 [59]
LaTeX Font Info:    Font shape `OML/cmr/bx/n' in size <10> not available
(Font)              Font shape `OML/cmm/b/it' tried instead on input line 454.

[60 <./chapter4/figs/comparison_crosscorr_tstset_1day_3channels.pdf>] [61 <./ch
apter4/figs/log_pf10/examples_10_tstset.pdf>] [62 <./chapter4/figs/log_pf30/exa
mples_30_tstset.pdf>] [63 <./chapter4/figs/log_pf60/examples_60_tstset.pdf>]
<chapter4/figs/hourly_PF10/temporal_heatmap_val.pdf, id=5177, 986.54675pt x 272
.887pt>
File: chapter4/figs/hourly_PF10/temporal_heatmap_val.pdf Graphic file (type pdf
)
<use chapter4/figs/hourly_PF10/temporal_heatmap_val.pdf>
Package pdftex.def Info: chapter4/figs/hourly_PF10/temporal_heatmap_val.pdf  us
ed on input line 496.
(pdftex.def)             Requested size: 452.9679pt x 125.29218pt.
<chapter4/figs/hourly_PF10/temporal_heatmap_test.pdf, id=5178, 985.65941pt x 27
2.75337pt>
File: chapter4/figs/hourly_PF10/temporal_heatmap_test.pdf Graphic file (type pd
f)
<use chapter4/figs/hourly_PF10/temporal_heatmap_test.pdf>
Package pdftex.def Info: chapter4/figs/hourly_PF10/temporal_heatmap_test.pdf  u
sed on input line 497.
(pdftex.def)             Requested size: 452.9679pt x 125.34322pt.
<chapter4/figs/hourly_PF10/scatterplot_obs_vs_model_valset.pdf, id=5179, 1223.1
6312pt x 711.78888pt>
File: chapter4/figs/hourly_PF10/scatterplot_obs_vs_model_valset.pdf Graphic fil
e (type pdf)
<use chapter4/figs/hourly_PF10/scatterplot_obs_vs_model_valset.pdf>
Package pdftex.def Info: chapter4/figs/hourly_PF10/scatterplot_obs_vs_model_val
set.pdf  used on input line 504.
(pdftex.def)             Requested size: 452.9679pt x 263.58585pt.
<chapter4/figs/hourly_PF10/scatterplot_obs_vs_model_tstset.pdf, id=5180, 1223.1
6312pt x 711.78888pt>
File: chapter4/figs/hourly_PF10/scatterplot_obs_vs_model_tstset.pdf Graphic fil
e (type pdf)
<use chapter4/figs/hourly_PF10/scatterplot_obs_vs_model_tstset.pdf>
Package pdftex.def Info: chapter4/figs/hourly_PF10/scatterplot_obs_vs_model_tst
set.pdf  used on input line 505.
(pdftex.def)             Requested size: 452.9679pt x 263.58585pt.
<chapter4/figs/hourly_PF10/scatter_error_metrics.pdf, id=5181, 706.54338pt x 48
6.92651pt>
File: chapter4/figs/hourly_PF10/scatter_error_metrics.pdf Graphic file (type pd
f)
<use chapter4/figs/hourly_PF10/scatter_error_metrics.pdf>
Package pdftex.def Info: chapter4/figs/hourly_PF10/scatter_error_metrics.pdf  u
sed on input line 512.
(pdftex.def)             Requested size: 362.37569pt x 249.7409pt.
<chapter4/figs/hourly_PF10/sample_valandtestsets_2003.pdf, id=5182, 702.5309pt 
x 442.32626pt>
File: chapter4/figs/hourly_PF10/sample_valandtestsets_2003.pdf Graphic file (ty
pe pdf)
<use chapter4/figs/hourly_PF10/sample_valandtestsets_2003.pdf>
Package pdftex.def Info: chapter4/figs/hourly_PF10/sample_valandtestsets_2003.p
df  used on input line 533.
(pdftex.def)             Requested size: 362.37569pt x 228.16165pt.

[64 <./chapter4/figs/hourly_PF10/temporal_heatmap_val.pdf> <./chapter4/figs/hou
rly_PF10/temporal_heatmap_test.pdf

pdfTeX warning: pdflatex.exe (file ./chapter4/figs/hourly_PF10/temporal_heatmap
_test.pdf): PDF inclusion: multiple pdfs with page group included in a single p
age
>] [65 <./chapter4/figs/hourly_PF10/scatterplot_obs_vs_model_valset.pdf> <./cha
pter4/figs/hourly_PF10/scatterplot_obs_vs_model_tstset.pdf

pdfTeX warning: pdflatex.exe (file ./chapter4/figs/hourly_PF10/scatterplot_obs_
vs_model_tstset.pdf): PDF inclusion: multiple pdfs with page group included in 
a single page
>] [66 <./chapter4/figs/hourly_PF10/scatter_error_metrics.pdf> <./chapter4/figs
/hourly_PF10/sample_valandtestsets_2003.pdf

pdfTeX warning: pdflatex.exe (file ./chapter4/figs/hourly_PF10/sample_valandtes
tsets_2003.pdf): PDF inclusion: multiple pdfs with page group included in a sin
gle page
>] [67]) [68]
\openout2 = `chapter5/ch5.aux'.

 (chapter5/ch5.tex
Chapter 5.
[69




]) [70]
\openout2 = `appendix.aux'.

 (appendix.tex
Appendix A.

LaTeX Warning: Reference `zpos' on page 71 undefined on input line 24.


LaTeX Warning: Reference `zpos' on page 71 undefined on input line 24.

[71




]
<chapter3/figs/negZ_posZ_solutions.pdf, id=5530, 600.84816pt x 488.77794pt>
File: chapter3/figs/negZ_posZ_solutions.pdf Graphic file (type pdf)
<use chapter3/figs/negZ_posZ_solutions.pdf>
Package pdftex.def Info: chapter3/figs/negZ_posZ_solutions.pdf  used on input l
ine 53.
(pdftex.def)             Requested size: 362.37569pt x 294.78302pt.


LaTeX Warning: Reference `zpos' on page 72 undefined on input line 54.


LaTeX Warning: Reference `zpos' on page 72 undefined on input line 54.

<chapter3/figs/wind_vs_sta_fluxdens.pdf, id=5538, 1076.41528pt x 280.94334pt>
File: chapter3/figs/wind_vs_sta_fluxdens.pdf Graphic file (type pdf)
<use chapter3/figs/wind_vs_sta_fluxdens.pdf>
Package pdftex.def Info: chapter3/figs/wind_vs_sta_fluxdens.pdf  used on input 
line 75.
(pdftex.def)             Requested size: 407.66833pt x 106.39948pt.
[72 <./chapter3/figs/negZ_posZ_solutions.pdf>] [73 <./chapter3/figs/wind_vs_sta
_fluxdens.pdf>] [74] [75] [76] [77]) [78] (main.bbl [79



] [80] [81] [82]
[83]
Underfull \hbox (badness 1603) in paragraph at lines 747--749
[]\OT1/cmr/m/n/10 Paouris, E., Vourl-i-das, A., Pa-paioan-nou, A., & Anas-tasia
dis, A. 2021, Space Weather, 19,
 []

[84] [85] [86])

Package natbib Warning: There were undefined citations.

[87] (main.aux (chapter1/ch1.aux) (chapter2/ch2.aux) (chapter3/ch3.aux)
(chapter4/ch4.aux) (chapter5/ch5.aux) (appendix.aux))
 ***********
LaTeX2e <2023-11-01>
L3 programming layer <2023-12-11>
 ***********


LaTeX Warning: There were undefined references.

Package rerunfilecheck Info: File `main.out' has not changed.
(rerunfilecheck)             Checksum: 459FC108EE5CE8789783BBAE2DF42A21;13533.
 ) 
Here is how much of TeX's memory you used:
 16879 strings out of 474494
 303542 string characters out of 5744385
 2013460 words of memory out of 5000000
 38296 multiletter control sequences out of 15000+600000
 567811 words of font info for 69 fonts, out of 8000000 for 9000
 1141 hyphenation exceptions out of 8191
 75i,17n,79p,1656b,1054s stack positions out of 10000i,1000n,20000p,200000b,200000s

pdfTeX warning (dest): name{Hfootnote.1} has been referenced but does not exist
, replaced by a fixed one

 <C:\Users\DELL\AppData\Local\MiKTeX\fonts/pk/ljfour/jknappen/ec/dpi600\tcrm100
0.pk><C:/Users/DELL/AppData/Local/Programs/MiKTeX/fonts/type1/public/amsfonts/c
m/cmbx10.pfb><C:/Users/DELL/AppData/Local/Programs/MiKTeX/fonts/type1/public/am
sfonts/cm/cmbx12.pfb><C:/Users/DELL/AppData/Local/Programs/MiKTeX/fonts/type1/p
ublic/amsfonts/cm/cmbx5.pfb><C:/Users/DELL/AppData/Local/Programs/MiKTeX/fonts/
type1/public/amsfonts/cm/cmbx9.pfb><C:/Users/DELL/AppData/Local/Programs/MiKTeX
/fonts/type1/public/amsfonts/cm/cmbxti10.pfb><C:/Users/DELL/AppData/Local/Progr
ams/MiKTeX/fonts/type1/public/amsfonts/cm/cmex10.pfb><C:/Users/DELL/AppData/Loc
al/Programs/MiKTeX/fonts/type1/public/amsfonts/cm/cmmi10.pfb><C:/Users/DELL/App
Data/Local/Programs/MiKTeX/fonts/type1/public/amsfonts/cm/cmmi5.pfb><C:/Users/D
ELL/AppData/Local/Programs/MiKTeX/fonts/type1/public/amsfonts/cm/cmmi6.pfb><C:/
Users/DELL/AppData/Local/Programs/MiKTeX/fonts/type1/public/amsfonts/cm/cmmi7.p
fb><C:/Users/DELL/AppData/Local/Programs/MiKTeX/fonts/type1/public/amsfonts/cm/
cmmi9.pfb><C:/Users/DELL/AppData/Local/Programs/MiKTeX/fonts/type1/public/amsfo
nts/cm/cmmib10.pfb><C:/Users/DELL/AppData/Local/Programs/MiKTeX/fonts/type1/pub
lic/amsfonts/cm/cmr10.pfb><C:/Users/DELL/AppData/Local/Programs/MiKTeX/fonts/ty
pe1/public/amsfonts/cm/cmr12.pfb><C:/Users/DELL/AppData/Local/Programs/MiKTeX/f
onts/type1/public/amsfonts/cm/cmr17.pfb><C:/Users/DELL/AppData/Local/Programs/M
iKTeX/fonts/type1/public/amsfonts/cm/cmr5.pfb><C:/Users/DELL/AppData/Local/Prog
rams/MiKTeX/fonts/type1/public/amsfonts/cm/cmr6.pfb><C:/Users/DELL/AppData/Loca
l/Programs/MiKTeX/fonts/type1/public/amsfonts/cm/cmr7.pfb><C:/Users/DELL/AppDat
a/Local/Programs/MiKTeX/fonts/type1/public/amsfonts/cm/cmr8.pfb><C:/Users/DELL/
AppData/Local/Programs/MiKTeX/fonts/type1/public/amsfonts/cm/cmr9.pfb><C:/Users
/DELL/AppData/Local/Programs/MiKTeX/fonts/type1/public/amsfonts/cm/cmsy10.pfb><
C:/Users/DELL/AppData/Local/Programs/MiKTeX/fonts/type1/public/amsfonts/cm/cmsy
5.pfb><C:/Users/DELL/AppData/Local/Programs/MiKTeX/fonts/type1/public/amsfonts/
cm/cmsy7.pfb><C:/Users/DELL/AppData/Local/Programs/MiKTeX/fonts/type1/public/am
sfonts/cm/cmsy9.pfb><C:/Users/DELL/AppData/Local/Programs/MiKTeX/fonts/type1/pu
blic/amsfonts/cm/cmti10.pfb><C:/Users/DELL/AppData/Local/Programs/MiKTeX/fonts/
type1/public/amsfonts/cm/cmtt8.pfb>
Output written on main.pdf (98 pages, 56707075 bytes).
PDF statistics:
 5973 PDF objects out of 6186 (max. 8388607)
 569 named destinations out of 1000 (max. 500000)
 1063 words of extra memory for PDF output out of 10000 (max. 10000000)

