This is pdfTeX, Version 3.141592653-2.6-1.40.25 (MiKTeX 23.10.12) (preloaded format=pdflatex 2023.12.24)  25 JAN 2024 02:24
entering extended mode
 restricted \write18 enabled.
 file:line:error style messages enabled.
 %&-line parsing enabled.
**d:/Study/Academic/Research/PhD_work/Thesis/mnedal_phd_thesis_v2/main.tex
(d:/Study/Academic/Research/PhD_work/Thesis/mnedal_phd_thesis_v2/main.tex
LaTeX2e <2023-11-01>
L3 programming layer <2023-12-11>
(C:\Users\DELL\AppData\Local\Programs\MiKTeX\tex/latex/base\report.cls
Document Class: report 2023/05/17 v1.4n Standard LaTeX document class
(C:\Users\DELL\AppData\Local\Programs\MiKTeX\tex/latex/base\size10.clo
File: size10.clo 2023/05/17 v1.4n Standard LaTeX file (size option)
)
\c@part=\count187
\c@chapter=\count188
\c@section=\count189
\c@subsection=\count190
\c@subsubsection=\count191
\c@paragraph=\count192
\c@subparagraph=\count193
\c@figure=\count194
\c@table=\count195
\abovecaptionskip=\skip48
\belowcaptionskip=\skip49
\bibindent=\dimen140
) (C:\Users\DELL\AppData\Local\Programs\MiKTeX\tex/generic/babel\babel.sty
Package: babel 2023/12/10 v3.99 The Babel package
\babel@savecnt=\count196
\U@D=\dimen141
\l@unhyphenated=\language79
 (C:\Users\DELL\AppData\Local\Programs\MiKTeX\tex/generic/babel\txtbabel.def)
\bbl@readstream=\read2
\bbl@dirlevel=\count197

*************************************
* Local config file bblopts.cfg used
*
(C:\Users\DELL\AppData\Local\Programs\MiKTeX\tex/latex/arabi\bblopts.cfg
File: bblopts.cfg 2005/09/08 v0.1 add Arabic and Farsi to "declared" options of babel
) (C:\Users\DELL\AppData\Local\Programs\MiKTeX\tex/latex/babel-english\english.ldf
Language: english 2017/06/06 v3.3r English support from the babel system
Package babel Info: Hyphen rules for 'canadian' set to \l@english
(babel)             (\language0). Reported on input line 102.
Package babel Info: Hyphen rules for 'australian' set to \l@ukenglish
(babel)             (\language73). Reported on input line 105.
Package babel Info: Hyphen rules for 'newzealand' set to \l@ukenglish
(babel)             (\language73). Reported on input line 108.
)) (C:\Users\DELL\AppData\Local\Programs\MiKTeX\tex/generic/babel/locale/en\babel-english.tex
Package babel Info: Importing font and identification data for english
(babel)             from babel-en.ini. Reported on input line 11.
) (C:\Users\DELL\AppData\Local\Programs\MiKTeX\tex/latex/base\inputenc.sty
Package: inputenc 2021/02/14 v1.3d Input encoding file
\inpenc@prehook=\toks17
\inpenc@posthook=\toks18
) (C:\Users\DELL\AppData\Local\Programs\MiKTeX\tex/latex/graphics\graphicx.sty
Package: graphicx 2021/09/16 v1.2d Enhanced LaTeX Graphics (DPC,SPQR)
 (C:\Users\DELL\AppData\Local\Programs\MiKTeX\tex/latex/graphics\keyval.sty
Package: keyval 2022/05/29 v1.15 key=value parser (DPC)
\KV@toks@=\toks19
) (C:\Users\DELL\AppData\Local\Programs\MiKTeX\tex/latex/graphics\graphics.sty
Package: graphics 2022/03/10 v1.4e Standard LaTeX Graphics (DPC,SPQR)
 (C:\Users\DELL\AppData\Local\Programs\MiKTeX\tex/latex/graphics\trig.sty
Package: trig 2021/08/11 v1.11 sin cos tan (DPC)
) (C:\Users\DELL\AppData\Local\Programs\MiKTeX\tex/latex/graphics-cfg\graphics.cfg
File: graphics.cfg 2016/06/04 v1.11 sample graphics configuration
)
Package graphics Info: Driver file: pdftex.def on input line 107.
 (C:\Users\DELL\AppData\Local\Programs\MiKTeX\tex/latex/graphics-def\pdftex.def
File: pdftex.def 2022/09/22 v1.2b Graphics/color driver for pdftex
))
\Gin@req@height=\dimen142
\Gin@req@width=\dimen143
) (C:\Users\DELL\AppData\Local\Programs\MiKTeX\tex/latex/natbib\natbib.sty
Package: natbib 2010/09/13 8.31b (PWD, AO)
\bibhang=\skip50
\bibsep=\skip51
LaTeX Info: Redefining \cite on input line 694.
\c@NAT@ctr=\count198
) (C:\Users\DELL\AppData\Local\Programs\MiKTeX\tex/latex/amsmath\amsmath.sty
Package: amsmath 2023/05/13 v2.17o AMS math features
\@mathmargin=\skip52

For additional information on amsmath, use the `?' option.
(C:\Users\DELL\AppData\Local\Programs\MiKTeX\tex/latex/amsmath\amstext.sty
Package: amstext 2021/08/26 v2.01 AMS text
 (C:\Users\DELL\AppData\Local\Programs\MiKTeX\tex/latex/amsmath\amsgen.sty
File: amsgen.sty 1999/11/30 v2.0 generic functions
\@emptytoks=\toks20
\ex@=\dimen144
)) (C:\Users\DELL\AppData\Local\Programs\MiKTeX\tex/latex/amsmath\amsbsy.sty
Package: amsbsy 1999/11/29 v1.2d Bold Symbols
\pmbraise@=\dimen145
) (C:\Users\DELL\AppData\Local\Programs\MiKTeX\tex/latex/amsmath\amsopn.sty
Package: amsopn 2022/04/08 v2.04 operator names
)
\inf@bad=\count199
LaTeX Info: Redefining \frac on input line 234.
\uproot@=\count266
\leftroot@=\count267
LaTeX Info: Redefining \overline on input line 399.
LaTeX Info: Redefining \colon on input line 410.
\classnum@=\count268
\DOTSCASE@=\count269
LaTeX Info: Redefining \ldots on input line 496.
LaTeX Info: Redefining \dots on input line 499.
LaTeX Info: Redefining \cdots on input line 620.
\Mathstrutbox@=\box51
\strutbox@=\box52
LaTeX Info: Redefining \big on input line 722.
LaTeX Info: Redefining \Big on input line 723.
LaTeX Info: Redefining \bigg on input line 724.
LaTeX Info: Redefining \Bigg on input line 725.
\big@size=\dimen146
LaTeX Font Info:    Redeclaring font encoding OML on input line 743.
LaTeX Font Info:    Redeclaring font encoding OMS on input line 744.
\macc@depth=\count270
LaTeX Info: Redefining \bmod on input line 905.
LaTeX Info: Redefining \pmod on input line 910.
LaTeX Info: Redefining \smash on input line 940.
LaTeX Info: Redefining \relbar on input line 970.
LaTeX Info: Redefining \Relbar on input line 971.
\c@MaxMatrixCols=\count271
\dotsspace@=\muskip16
\c@parentequation=\count272
\dspbrk@lvl=\count273
\tag@help=\toks21
\row@=\count274
\column@=\count275
\maxfields@=\count276
\andhelp@=\toks22
\eqnshift@=\dimen147
\alignsep@=\dimen148
\tagshift@=\dimen149
\tagwidth@=\dimen150
\totwidth@=\dimen151
\lineht@=\dimen152
\@envbody=\toks23
\multlinegap=\skip53
\multlinetaggap=\skip54
\mathdisplay@stack=\toks24
LaTeX Info: Redefining \[ on input line 2953.
LaTeX Info: Redefining \] on input line 2954.
) (C:\Users\DELL\AppData\Local\Programs\MiKTeX\tex/latex/multirow\multirow.sty
Package: multirow 2021/03/15 v2.8 Span multiple rows of a table
\multirow@colwidth=\skip55
\multirow@cntb=\count277
\multirow@dima=\skip56
\bigstrutjot=\dimen153
) (C:\Users\DELL\AppData\Local\Programs\MiKTeX\tex/latex/hyperref\hyperref.sty
Package: hyperref 2023-11-26 v7.01g Hypertext links for LaTeX
 (C:\Users\DELL\AppData\Local\Programs\MiKTeX\tex/generic/iftex\iftex.sty
Package: iftex 2022/02/03 v1.0f TeX engine tests
) (C:\Users\DELL\AppData\Local\Programs\MiKTeX\tex/generic/infwarerr\infwarerr.sty
Package: infwarerr 2019/12/03 v1.5 Providing info/warning/error messages (HO)
) (C:\Users\DELL\AppData\Local\Programs\MiKTeX\tex/latex/kvsetkeys\kvsetkeys.sty
Package: kvsetkeys 2022-10-05 v1.19 Key value parser (HO)
) (C:\Users\DELL\AppData\Local\Programs\MiKTeX\tex/generic/kvdefinekeys\kvdefinekeys.sty
Package: kvdefinekeys 2019-12-19 v1.6 Define keys (HO)
) (C:\Users\DELL\AppData\Local\Programs\MiKTeX\tex/generic/pdfescape\pdfescape.sty
Package: pdfescape 2019/12/09 v1.15 Implements pdfTeX's escape features (HO)
 (C:\Users\DELL\AppData\Local\Programs\MiKTeX\tex/generic/ltxcmds\ltxcmds.sty
Package: ltxcmds 2023-12-04 v1.26 LaTeX kernel commands for general use (HO)
) (C:\Users\DELL\AppData\Local\Programs\MiKTeX\tex/generic/pdftexcmds\pdftexcmds.sty
Package: pdftexcmds 2020-06-27 v0.33 Utility functions of pdfTeX for LuaTeX (HO)
Package pdftexcmds Info: \pdf@primitive is available.
Package pdftexcmds Info: \pdf@ifprimitive is available.
Package pdftexcmds Info: \pdfdraftmode found.
)) (C:\Users\DELL\AppData\Local\Programs\MiKTeX\tex/latex/hycolor\hycolor.sty
Package: hycolor 2020-01-27 v1.10 Color options for hyperref/bookmark (HO)
) (C:\Users\DELL\AppData\Local\Programs\MiKTeX\tex/latex/letltxmacro\letltxmacro.sty
Package: letltxmacro 2019/12/03 v1.6 Let assignment for LaTeX macros (HO)
) (C:\Users\DELL\AppData\Local\Programs\MiKTeX\tex/latex/auxhook\auxhook.sty
Package: auxhook 2019-12-17 v1.6 Hooks for auxiliary files (HO)
) (C:\Users\DELL\AppData\Local\Programs\MiKTeX\tex/latex/hyperref\nameref.sty
Package: nameref 2023-11-26 v2.56 Cross-referencing by name of section
 (C:\Users\DELL\AppData\Local\Programs\MiKTeX\tex/latex/refcount\refcount.sty
Package: refcount 2019/12/15 v3.6 Data extraction from label references (HO)
) (C:\Users\DELL\AppData\Local\Programs\MiKTeX\tex/generic/gettitlestring\gettitlestring.sty
Package: gettitlestring 2019/12/15 v1.6 Cleanup title references (HO)
 (C:\Users\DELL\AppData\Local\Programs\MiKTeX\tex/latex/kvoptions\kvoptions.sty
Package: kvoptions 2022-06-15 v3.15 Key value format for package options (HO)
))
\c@section@level=\count278
) (C:\Users\DELL\AppData\Local\Programs\MiKTeX\tex/latex/etoolbox\etoolbox.sty
Package: etoolbox 2020/10/05 v2.5k e-TeX tools for LaTeX (JAW)
\etb@tempcnta=\count279
)
\@linkdim=\dimen154
\Hy@linkcounter=\count280
\Hy@pagecounter=\count281
 (C:\Users\DELL\AppData\Local\Programs\MiKTeX\tex/latex/hyperref\pd1enc.def
File: pd1enc.def 2023-11-26 v7.01g Hyperref: PDFDocEncoding definition (HO)
Now handling font encoding PD1 ...
... no UTF-8 mapping file for font encoding PD1
) (C:\Users\DELL\AppData\Local\Programs\MiKTeX\tex/generic/intcalc\intcalc.sty
Package: intcalc 2019/12/15 v1.3 Expandable calculations with integers (HO)
)
\Hy@SavedSpaceFactor=\count282
 (C:\Users\DELL\AppData\Local\Programs\MiKTeX\tex/latex/hyperref\puenc.def
File: puenc.def 2023-11-26 v7.01g Hyperref: PDF Unicode definition (HO)
Now handling font encoding PU ...
... no UTF-8 mapping file for font encoding PU
)
Package hyperref Info: Hyper figures OFF on input line 4181.
Package hyperref Info: Link nesting OFF on input line 4186.
Package hyperref Info: Hyper index ON on input line 4189.
Package hyperref Info: Plain pages OFF on input line 4196.
Package hyperref Info: Backreferencing OFF on input line 4201.
Package hyperref Info: Implicit mode ON; LaTeX internals redefined.
Package hyperref Info: Bookmarks ON on input line 4448.
\c@Hy@tempcnt=\count283
 (C:\Users\DELL\AppData\Local\Programs\MiKTeX\tex/latex/url\url.sty
\Urlmuskip=\muskip17
Package: url 2013/09/16  ver 3.4  Verb mode for urls, etc.
)
LaTeX Info: Redefining \url on input line 4786.
\XeTeXLinkMargin=\dimen155
 (C:\Users\DELL\AppData\Local\Programs\MiKTeX\tex/generic/bitset\bitset.sty
Package: bitset 2019/12/09 v1.3 Handle bit-vector datatype (HO)
 (C:\Users\DELL\AppData\Local\Programs\MiKTeX\tex/generic/bigintcalc\bigintcalc.sty
Package: bigintcalc 2019/12/15 v1.5 Expandable calculations on big integers (HO)
))
\Fld@menulength=\count284
\Field@Width=\dimen156
\Fld@charsize=\dimen157
Package hyperref Info: Hyper figures OFF on input line 6065.
Package hyperref Info: Link nesting OFF on input line 6070.
Package hyperref Info: Hyper index ON on input line 6073.
Package hyperref Info: backreferencing OFF on input line 6080.
Package hyperref Info: Link coloring OFF on input line 6085.
Package hyperref Info: Link coloring with OCG OFF on input line 6090.
Package hyperref Info: PDF/A mode OFF on input line 6095.
 (C:\Users\DELL\AppData\Local\Programs\MiKTeX\tex/latex/base\atbegshi-ltx.sty
Package: atbegshi-ltx 2021/01/10 v1.0c Emulation of the original atbegshi
package with kernel methods
)
\Hy@abspage=\count285
\c@Item=\count286
\c@Hfootnote=\count287
)
Package hyperref Info: Driver (autodetected): hpdftex.
 (C:\Users\DELL\AppData\Local\Programs\MiKTeX\tex/latex/hyperref\hpdftex.def
File: hpdftex.def 2023-11-26 v7.01g Hyperref driver for pdfTeX
 (C:\Users\DELL\AppData\Local\Programs\MiKTeX\tex/latex/base\atveryend-ltx.sty
Package: atveryend-ltx 2020/08/19 v1.0a Emulation of the original atveryend package
with kernel methods
)
\Fld@listcount=\count288
\c@bookmark@seq@number=\count289
 (C:\Users\DELL\AppData\Local\Programs\MiKTeX\tex/latex/rerunfilecheck\rerunfilecheck.sty
Package: rerunfilecheck 2022-07-10 v1.10 Rerun checks for auxiliary files (HO)
 (C:\Users\DELL\AppData\Local\Programs\MiKTeX\tex/generic/uniquecounter\uniquecounter.sty
Package: uniquecounter 2019/12/15 v1.4 Provide unlimited unique counter (HO)
)
Package uniquecounter Info: New unique counter `rerunfilecheck' on input line 285.
)
\Hy@SectionHShift=\skip57
) (C:\Users\DELL\AppData\Local\Programs\MiKTeX\tex/latex/caption\caption.sty
Package: caption 2023/08/05 v3.6o Customizing captions (AR)
 (C:\Users\DELL\AppData\Local\Programs\MiKTeX\tex/latex/caption\caption3.sty
Package: caption3 2023/07/31 v2.4d caption3 kernel (AR)
\caption@tempdima=\dimen158
\captionmargin=\dimen159
\caption@leftmargin=\dimen160
\caption@rightmargin=\dimen161
\caption@width=\dimen162
\caption@indent=\dimen163
\caption@parindent=\dimen164
\caption@hangindent=\dimen165
Package caption Info: Standard document class detected.
)
\c@caption@flags=\count290
\c@continuedfloat=\count291
Package caption Info: hyperref package is loaded.
) (C:\Users\DELL\AppData\Local\Programs\MiKTeX\tex/latex/caption\subcaption.sty
Package: subcaption 2023/07/28 v1.6b Sub-captions (AR)
Package caption Info: New subtype `subfigure' on input line 238.
\c@subfigure=\count292
Package caption Info: New subtype `subtable' on input line 238.
\c@subtable=\count293
) (C:\Users\DELL\AppData\Local\Programs\MiKTeX\tex/latex/adjustbox\adjustbox.sty
Package: adjustbox 2022/10/17 v1.3a Adjusting TeX boxes (trim, clip, ...)
 (C:\Users\DELL\AppData\Local\Programs\MiKTeX\tex/latex/xkeyval\xkeyval.sty
Package: xkeyval 2022/06/16 v2.9 package option processing (HA)
 (C:\Users\DELL\AppData\Local\Programs\MiKTeX\tex/generic/xkeyval\xkeyval.tex (C:\Users\DELL\AppData\Local\Programs\MiKTeX\tex/generic/xkeyval\xkvutils.tex
\XKV@toks=\toks25
\XKV@tempa@toks=\toks26
)
\XKV@depth=\count294
File: xkeyval.tex 2014/12/03 v2.7a key=value parser (HA)
)) (C:\Users\DELL\AppData\Local\Programs\MiKTeX\tex/latex/adjustbox\adjcalc.sty
Package: adjcalc 2012/05/16 v1.1 Provides advanced setlength with multiple back-ends (calc, etex, pgfmath)
) (C:\Users\DELL\AppData\Local\Programs\MiKTeX\tex/latex/adjustbox\trimclip.sty
Package: trimclip 2020/08/19 v1.2 Trim and clip general TeX material
 (C:\Users\DELL\AppData\Local\Programs\MiKTeX\tex/latex/collectbox\collectbox.sty
Package: collectbox 2022/10/17 v0.4c Collect macro arguments as boxes
\collectedbox=\box53
)
\tc@llx=\dimen166
\tc@lly=\dimen167
\tc@urx=\dimen168
\tc@ury=\dimen169
Package trimclip Info: Using driver 'tc-pdftex.def'.
 (C:\Users\DELL\AppData\Local\Programs\MiKTeX\tex/latex/adjustbox\tc-pdftex.def
File: tc-pdftex.def 2019/01/04 v2.2 Clipping driver for pdftex
))
\adjbox@Width=\dimen170
\adjbox@Height=\dimen171
\adjbox@Depth=\dimen172
\adjbox@Totalheight=\dimen173
\adjbox@pwidth=\dimen174
\adjbox@pheight=\dimen175
\adjbox@pdepth=\dimen176
\adjbox@ptotalheight=\dimen177
 (C:\Users\DELL\AppData\Local\Programs\MiKTeX\tex/latex/ifoddpage\ifoddpage.sty
Package: ifoddpage 2022/10/18 v1.2 Conditionals for odd/even page detection
\c@checkoddpage=\count295
) (C:\Users\DELL\AppData\Local\Programs\MiKTeX\tex/latex/varwidth\varwidth.sty
Package: varwidth 2009/03/30 ver 0.92;  Variable-width minipages
\@vwid@box=\box54
\sift@deathcycles=\count296
\@vwid@loff=\dimen178
\@vwid@roff=\dimen179
)) (C:\Users\DELL\AppData\Local\Programs\MiKTeX\tex/latex/tools\array.sty
Package: array 2023/10/16 v2.5g Tabular extension package (FMi)
\col@sep=\dimen180
\ar@mcellbox=\box55
\extrarowheight=\dimen181
\NC@list=\toks27
\extratabsurround=\skip58
\backup@length=\skip59
\ar@cellbox=\box56
) (C:\Users\DELL\AppData\Local\Programs\MiKTeX\tex/latex/booktabs\booktabs.sty
Package: booktabs 2020/01/12 v1.61803398 Publication quality tables
\heavyrulewidth=\dimen182
\lightrulewidth=\dimen183
\cmidrulewidth=\dimen184
\belowrulesep=\dimen185
\belowbottomsep=\dimen186
\aboverulesep=\dimen187
\abovetopsep=\dimen188
\cmidrulesep=\dimen189
\cmidrulekern=\dimen190
\defaultaddspace=\dimen191
\@cmidla=\count297
\@cmidlb=\count298
\@aboverulesep=\dimen192
\@belowrulesep=\dimen193
\@thisruleclass=\count299
\@lastruleclass=\count300
\@thisrulewidth=\dimen194
) (C:\Users\DELL\AppData\Local\Programs\MiKTeX\tex/latex/tools\tabularx.sty
Package: tabularx 2023/07/08 v2.11c `tabularx' package (DPC)
\TX@col@width=\dimen195
\TX@old@table=\dimen196
\TX@old@col=\dimen197
\TX@target=\dimen198
\TX@delta=\dimen199
\TX@cols=\count301
\TX@ftn=\toks28
) (C:\Users\DELL\AppData\Local\Programs\MiKTeX\tex/latex/geometry\geometry.sty
Package: geometry 2020/01/02 v5.9 Page Geometry
 (C:\Users\DELL\AppData\Local\Programs\MiKTeX\tex/generic/iftex\ifvtex.sty
Package: ifvtex 2019/10/25 v1.7 ifvtex legacy package. Use iftex instead.
)
\Gm@cnth=\count302
\Gm@cntv=\count303
\c@Gm@tempcnt=\count304
\Gm@bindingoffset=\dimen256
\Gm@wd@mp=\dimen257
\Gm@odd@mp=\dimen258
\Gm@even@mp=\dimen259
\Gm@layoutwidth=\dimen260
\Gm@layoutheight=\dimen261
\Gm@layouthoffset=\dimen262
\Gm@layoutvoffset=\dimen263
\Gm@dimlist=\toks29
 (C:\Users\DELL\AppData\Local\Programs\MiKTeX\tex/latex/geometry\geometry.cfg)) (C:\Users\DELL\AppData\Local\Programs\MiKTeX\tex/latex/l3backend\l3backend-pdftex.def
File: l3backend-pdftex.def 2023-11-09 L3 backend support: PDF output (pdfTeX)
\l__color_backend_stack_int=\count305
\l__pdf_internal_box=\box57
) (main.aux)
\openout1 = `main.aux'.

LaTeX Font Info:    Checking defaults for OML/cmm/m/it on input line 42.
LaTeX Font Info:    ... okay on input line 42.
LaTeX Font Info:    Checking defaults for OMS/cmsy/m/n on input line 42.
LaTeX Font Info:    ... okay on input line 42.
LaTeX Font Info:    Checking defaults for OT1/cmr/m/n on input line 42.
LaTeX Font Info:    ... okay on input line 42.
LaTeX Font Info:    Checking defaults for T1/cmr/m/n on input line 42.
LaTeX Font Info:    ... okay on input line 42.
LaTeX Font Info:    Checking defaults for TS1/cmr/m/n on input line 42.
LaTeX Font Info:    ... okay on input line 42.
LaTeX Font Info:    Checking defaults for OMX/cmex/m/n on input line 42.
LaTeX Font Info:    ... okay on input line 42.
LaTeX Font Info:    Checking defaults for U/cmr/m/n on input line 42.
LaTeX Font Info:    ... okay on input line 42.
LaTeX Font Info:    Checking defaults for PD1/pdf/m/n on input line 42.
LaTeX Font Info:    ... okay on input line 42.
LaTeX Font Info:    Checking defaults for PU/pdf/m/n on input line 42.
LaTeX Font Info:    ... okay on input line 42.
 (C:\Users\DELL\AppData\Local\Programs\MiKTeX\tex/context/base/mkii\supp-pdf.mkii
[Loading MPS to PDF converter (version 2006.09.02).]
\scratchcounter=\count306
\scratchdimen=\dimen264
\scratchbox=\box58
\nofMPsegments=\count307
\nofMParguments=\count308
\everyMPshowfont=\toks30
\MPscratchCnt=\count309
\MPscratchDim=\dimen265
\MPnumerator=\count310
\makeMPintoPDFobject=\count311
\everyMPtoPDFconversion=\toks31
) (C:\Users\DELL\AppData\Local\Programs\MiKTeX\tex/latex/epstopdf-pkg\epstopdf-base.sty
Package: epstopdf-base 2020-01-24 v2.11 Base part for package epstopdf
Package epstopdf-base Info: Redefining graphics rule for `.eps' on input line 485.
 (C:\Users\DELL\AppData\Local\Programs\MiKTeX\tex/latex/00miktex\epstopdf-sys.cfg
File: epstopdf-sys.cfg 2021/03/18 v2.0 Configuration of epstopdf for MiKTeX
))
Package hyperref Info: Link coloring OFF on input line 42.
\@outlinefile=\write3
\openout3 = `main.out'.

Package caption Info: Begin \AtBeginDocument code.
Package caption Info: End \AtBeginDocument code.

*geometry* driver: auto-detecting
*geometry* detected driver: pdftex
*geometry* verbose mode - [ preamble ] result:
* driver: pdftex
* paper: a4paper
* layout: <same size as paper>
* layoutoffset:(h,v)=(0.0pt,0.0pt)
* modes: 
* h-part:(L,W,R)=(72.26999pt, 452.9679pt, 72.26999pt)
* v-part:(T,H,B)=(72.26999pt, 700.50687pt, 72.26999pt)
* \paperwidth=597.50787pt
* \paperheight=845.04684pt
* \textwidth=452.9679pt
* \textheight=700.50687pt
* \oddsidemargin=0.0pt
* \evensidemargin=0.0pt
* \topmargin=-37.0pt
* \headheight=12.0pt
* \headsep=25.0pt
* \topskip=10.0pt
* \footskip=30.0pt
* \marginparwidth=57.0pt
* \marginparsep=11.0pt
* \columnsep=10.0pt
* \skip\footins=9.0pt plus 4.0pt minus 2.0pt
* \hoffset=0.0pt
* \voffset=0.0pt
* \mag=1000
* \@twocolumnfalse
* \@twosidefalse
* \@mparswitchfalse
* \@reversemarginfalse
* (1in=72.27pt=25.4mm, 1cm=28.453pt)

(front_page.tex [1

{C:/Users/DELL/AppData/Local/MiKTeX/fonts/map/pdftex/pdftex.map}]) [1

]
No file main.toc.
\tf@toc=\write4
\openout4 = `main.toc'.

[2

]
No file main.lot.
\tf@lot=\write5
\openout5 = `main.lot'.

[3

]
No file main.lof.
\tf@lof=\write6
\openout6 = `main.lof'.


pdfTeX warning (ext4): destination with the same identifier (name{page.1}) has been already used, duplicate ignored
<to be read again> 
                   \relax 
l.56 \include{chapter1/ch1}
                            [1

]
\openout2 = `chapter1/ch1.aux'.

 (chapter1/ch1.tex
Chapter 1.

Package natbib Warning: Citation `schwenn_2006' on page 2 undefined on input line 5.


Package natbib Warning: Citation `pulkkinen_2007' on page 2 undefined on input line 5.


Package natbib Warning: Citation `moore_2001' on page 2 undefined on input line 5.


Package natbib Warning: Citation `priest_forbes_2007' on page 2 undefined on input line 5.


Package natbib Warning: Citation `zhang_2012' on page 2 undefined on input line 5.


Package natbib Warning: Citation `amari_2014' on page 2 undefined on input line 5.


Package natbib Warning: Citation `shibata_2011' on page 2 undefined on input line 5.


Package natbib Warning: Citation `benz_2017' on page 2 undefined on input line 5.


Package natbib Warning: Citation `schrijver_2010' on page 2 undefined on input line 7.


Package natbib Warning: Citation `eastwood_2017' on page 2 undefined on input line 7.


Package natbib Warning: Citation `schwenn_2006' on page 2 undefined on input line 7.


Package natbib Warning: Citation `pulkkinen_2007' on page 2 undefined on input line 7.


Package natbib Warning: Citation `lanzerotti_2001' on page 2 undefined on input line 7.


Package natbib Warning: Citation `oughton_2017' on page 2 undefined on input line 7.


Package natbib Warning: Citation `lilensten_2014' on page 2 undefined on input line 7.


Package natbib Warning: Citation `schrijver_siscoe_2010' on page 2 undefined on input line 9.


Package natbib Warning: Citation `schrijver_2015a' on page 2 undefined on input line 9.


Package natbib Warning: Citation `schrijver_2015b' on page 2 undefined on input line 9.


Package natbib Warning: Citation `brewer_2002' on page 2 undefined on input line 9.

[2


]

Package natbib Warning: Citation `thompson_1998' on page 3 undefined on input line 16.


Package natbib Warning: Citation `nindos_2008' on page 3 undefined on input line 16.


Package natbib Warning: Citation `vrsnak_2008' on page 3 undefined on input line 16.


Package natbib Warning: Citation `magdalenic_2010' on page 3 undefined on input line 16.


Package natbib Warning: Citation `veronig_2010' on page 3 undefined on input line 16.


Package natbib Warning: Citation `warmuth_2015' on page 3 undefined on input line 16.


Package natbib Warning: Citation `liu_2014' on page 3 undefined on input line 16.


Package natbib Warning: Citation `pick_2006' on page 3 undefined on input line 16.


Package natbib Warning: Citation `thompson_2009' on page 3 undefined on input line 16.


Package natbib Warning: Citation `nitta_2013' on page 3 undefined on input line 16.


Package natbib Warning: Citation `thompson_1998' on page 3 undefined on input line 18.


Package natbib Warning: Citation `biesecker_2002' on page 3 undefined on input line 18.


Package natbib Warning: Citation `lemen_2012' on page 3 undefined on input line 20.


Package natbib Warning: Citation `nitta_2013' on page 3 undefined on input line 20.


Package natbib Warning: Citation `vrsnak_2008' on page 3 undefined on input line 20.


Package natbib Warning: Citation `patsourakos_2010' on page 3 undefined on input line 21.


Package natbib Warning: Citation `ma_2011' on page 3 undefined on input line 21.


Package natbib Warning: Citation `kozarev_2011' on page 3 undefined on input line 21.


Package natbib Warning: Citation `kozarev_2015' on page 3 undefined on input line 21.


Package natbib Warning: Citation `tsurutani_1985' on page 3 undefined on input line 23.


Package natbib Warning: Citation `benz_1988' on page 3 undefined on input line 23.


Overfull \hbox (22.92178pt too wide) in paragraph at lines 23--24
[]\OT1/cmr/m/n/10 In situ ob-ser-va-tions of shock waves have re-vealed their clas-si-fi-ca-tion into quasi-parallel, quasi-perpendicular,
 []


Package natbib Warning: Citation `veronig_2010' on page 3 undefined on input line 25.


Package natbib Warning: Citation `muhr_2014' on page 3 undefined on input line 25.


Package natbib Warning: Citation `nitta_2013' on page 3 undefined on input line 25.


Package natbib Warning: Citation `chen_2016' on page 3 undefined on input line 25.


Package natbib Warning: Citation `vrsnak_2008' on page 3 undefined on input line 25.


Package natbib Warning: Citation `warmuth_2015' on page 3 undefined on input line 25.


Package natbib Warning: Citation `wills_2007' on page 3 undefined on input line 25.


Package natbib Warning: Citation `vrsnak_2008' on page 3 undefined on input line 25.


Package natbib Warning: Citation `delannee_1999' on page 3 undefined on input line 25.


Package natbib Warning: Citation `chen_2002' on page 3 undefined on input line 25.


Package natbib Warning: Citation `patsourakos_2012' on page 3 undefined on input line 25.


Package natbib Warning: Citation `long_2017' on page 3 undefined on input line 25.


Package natbib Warning: Citation `rouillard_2012' on page 3 undefined on input line 25.


Package natbib Warning: Citation `park_2013' on page 3 undefined on input line 25.

[3]

Package natbib Warning: Citation `ergun_1998' on page 4 undefined on input line 30.


Package natbib Warning: Citation `pick_2006' on page 4 undefined on input line 30.


Package natbib Warning: Citation `reid_2020' on page 4 undefined on input line 30.


Package natbib Warning: Citation `melrose_2017' on page 4 undefined on input line 30.


Package natbib Warning: Citation `reid_2014' on page 4 undefined on input line 31.


Package natbib Warning: Citation `kontar_2017' on page 4 undefined on input line 31.


Package natbib Warning: Citation `reid_2014' on page 4 undefined on input line 31.


Package natbib Warning: Citation `melrose_1980' on page 4 undefined on input line 31.


Package natbib Warning: Citation `reid_2017' on page 4 undefined on input line 33.


Package natbib Warning: Citation `wild_1950a' on page 4 undefined on input line 33.


Package natbib Warning: Citation `lecacheux_1989' on page 4 undefined on input line 33.


Package natbib Warning: Citation `bonnin_2008' on page 4 undefined on input line 33.


Package natbib Warning: Citation `wild_1963' on page 4 undefined on input line 35.


Package natbib Warning: Citation `suzuki_1985' on page 4 undefined on input line 35.


Package natbib Warning: Citation `holman_2011' on page 4 undefined on input line 35.


Package natbib Warning: Citation `krucker_2011' on page 4 undefined on input line 35.


Package natbib Warning: Citation `klassen_2003a' on page 4 undefined on input line 35.


Package natbib Warning: Citation `klassen_2003b' on page 4 undefined on input line 35.


Package natbib Warning: Citation `wild_1963' on page 4 undefined on input line 37.


Package natbib Warning: Citation `reid_2014' on page 4 undefined on input line 37.


Package natbib Warning: Citation `cane_2002' on page 4 undefined on input line 37.


Package natbib Warning: Citation `macdowall_2003' on page 4 undefined on input line 37.


Package natbib Warning: Citation `wild_1950a' on page 4 undefined on input line 39.


Package natbib Warning: Citation `wild_1950b' on page 4 undefined on input line 39.


Package natbib Warning: Citation `wild_1950c' on page 4 undefined on input line 39.


Package natbib Warning: Citation `reid_2018a' on page 4 undefined on input line 39.


Package natbib Warning: Citation `reid_2018b' on page 4 undefined on input line 39.


Package natbib Warning: Citation `li_2012a' on page 4 undefined on input line 39.


Package natbib Warning: Citation `chen_2013' on page 4 undefined on input line 39.


Package natbib Warning: Citation `kontar_2017' on page 4 undefined on input line 39.

[4]

Package natbib Warning: Citation `aschwanden_2002' on page 5 undefined on input line 42.


Package natbib Warning: Citation `klein_2017' on page 5 undefined on input line 42.


Package natbib Warning: Citation `lin_2005' on page 5 undefined on input line 42.


Package natbib Warning: Citation `lin_2011' on page 5 undefined on input line 42.


Package natbib Warning: Citation `kahler_2017' on page 5 undefined on input line 42.


Package natbib Warning: Citation `reames_2013' on page 5 undefined on input line 42.


Package natbib Warning: Citation `desai_2016' on page 5 undefined on input line 42.


Package natbib Warning: Citation `kahler_1984' on page 5 undefined on input line 42.


Package natbib Warning: Citation `kahler_1987' on page 5 undefined on input line 42.


Package natbib Warning: Citation `debrunner_1988' on page 5 undefined on input line 42.


Package natbib Warning: Citation `miteva_2013' on page 5 undefined on input line 42.


Package natbib Warning: Citation `trottet_2015' on page 5 undefined on input line 42.


Package natbib Warning: Citation `dierckxsens_2015' on page 5 undefined on input line 42.


Package natbib Warning: Citation `le_2017' on page 5 undefined on input line 42.


Package natbib Warning: Citation `gopalswamy_2017' on page 5 undefined on input line 42.


Package natbib Warning: Citation `reames_2013' on page 5 undefined on input line 44.


Package natbib Warning: Citation `nymmik_2007' on page 5 undefined on input line 44.


Package natbib Warning: Citation `nymmik_2007' on page 5 undefined on input line 44.


Package natbib Warning: Citation `richardson_2016' on page 5 undefined on input line 44.


Package natbib Warning: Citation `richardson_2016' on page 5 undefined on input line 44.


Package natbib Warning: Citation `cohen_2018' on page 5 undefined on input line 44.


Package natbib Warning: Citation `ramstad_2018' on page 5 undefined on input line 44.


Package natbib Warning: Citation `reames_2000' on page 5 undefined on input line 46.


Package natbib Warning: Citation `kota_2005' on page 5 undefined on input line 46.


Package natbib Warning: Citation `kozarev_2019' on page 5 undefined on input line 46.


Package natbib Warning: Citation `kozarev_2022' on page 5 undefined on input line 46.


Package natbib Warning: Citation `li_2003' on page 5 undefined on input line 48.


Package natbib Warning: Citation `li_2012b' on page 5 undefined on input line 48.


Package natbib Warning: Citation `ng_2012' on page 5 undefined on input line 48.


Package natbib Warning: Citation `reames_1999' on page 5 undefined on input line 50.


Package natbib Warning: Citation `vainio_2009' on page 5 undefined on input line 50.


Package natbib Warning: Citation `reames_2013' on page 5 undefined on input line 50.


Package natbib Warning: Citation `kahler_2007' on page 5 undefined on input line 52.


Package natbib Warning: Citation `aran_2006' on page 5 undefined on input line 52.


Package natbib Warning: Citation `laitinen_2017' on page 5 undefined on input line 52.


Package natbib Warning: Citation `laurenza_2009' on page 5 undefined on input line 52.


Package natbib Warning: Citation `camporeale_2019' on page 5 undefined on input line 52.


Package natbib Warning: Citation `kozarev_2022' on page 5 undefined on input line 52.


Package natbib Warning: Citation `florios_2018' on page 5 undefined on input line 54.


Package natbib Warning: Citation `camporeale_2019' on page 5 undefined on input line 54.

[5] [6]) [7]
\openout2 = `chapter2/ch2.aux'.

 (chapter2/ch2.tex
Chapter 2.

Package natbib Warning: Citation `kozarev_2017' on page 8 undefined on input line 14.


Package natbib Warning: Citation `long_2021' on page 8 undefined on input line 14.


Package natbib Warning: Citation `downs_2021' on page 8 undefined on input line 14.


LaTeX Warning: Reference `fig1' on page 8 undefined on input line 16.


Package natbib Warning: Citation `sheeley_1999' on page 8 undefined on input line 16.


Package natbib Warning: Citation `kozarev_2019' on page 8 undefined on input line 18.


Package natbib Warning: Citation `byrne_2013' on page 8 undefined on input line 18.


LaTeX Warning: Reference `fig2' on page 8 undefined on input line 18.


LaTeX Warning: Reference `fig2' on page 8 undefined on input line 19.


LaTeX Warning: Reference `fig2' on page 8 undefined on input line 20.

[8




]

Package natbib Warning: Citation `reames_2021' on page 9 undefined on input line 38.


Package natbib Warning: Citation `vainio_2008' on page 9 undefined on input line 38.


Package natbib Warning: Citation `sokolov_2009' on page 9 undefined on input line 38.


Package natbib Warning: Citation `kozarev_2013' on page 9 undefined on input line 38.


Package natbib Warning: Citation `vourlidas_2012' on page 9 undefined on input line 38.


Package natbib Warning: Citation `kwon_2014' on page 9 undefined on input line 38.


Package natbib Warning: Citation `kozarev_2015' on page 9 undefined on input line 38.


Package natbib Warning: Citation `kozarev_2019' on page 9 undefined on input line 38.


Package natbib Warning: Citation `rouillard_2016' on page 9 undefined on input line 40.


Package natbib Warning: Citation `guo_2013' on page 9 undefined on input line 40.


Package natbib Warning: Citation `bein_2011' on page 9 undefined on input line 40.


Package natbib Warning: Citation `temmer_2016' on page 9 undefined on input line 40.


Package natbib Warning: Citation `vourlidas_2012' on page 9 undefined on input line 40.


Package natbib Warning: Citation `kwon_2014' on page 9 undefined on input line 40.


Package natbib Warning: Citation `rouillard_2016' on page 9 undefined on input line 40.


Package natbib Warning: Citation `wuelser_2004' on page 9 undefined on input line 42.


Package natbib Warning: Citation `lemen_2012' on page 9 undefined on input line 42.


Package natbib Warning: Citation `kozarev_2016' on page 9 undefined on input line 42.


Package natbib Warning: Citation `kozarev_2017' on page 9 undefined on input line 42.


Package natbib Warning: Citation `kozarev_2019' on page 9 undefined on input line 42.


Package natbib Warning: Citation `aschwanden_2010' on page 9 undefined on input line 42.


Package natbib Warning: Citation `perez_Suarez_2011' on page 9 undefined on input line 42.


Package natbib Warning: Citation `curto_2008' on page 9 undefined on input line 42.


Overfull \hbox (11.03188pt too wide) in paragraph at lines 42--43
[]\OT1/cmr/m/n/10 The uti-liza-tion of ex-treme ul-tra-vi-o-let (EUV) imag-ing, fa-cil-i-tated by in-stru-ments such as STEREO/EUVI
 []


Package natbib Warning: Citation `podladchikova_2005' on page 9 undefined on input line 44.


Package natbib Warning: Citation `verbeeck_2014' on page 9 undefined on input line 44.


Package natbib Warning: Citation `long_2014' on page 9 undefined on input line 44.


Package natbib Warning: Citation `ireland_2019' on page 9 undefined on input line 44.


Package natbib Warning: Citation `long_2014' on page 9 undefined on input line 44.


Package natbib Warning: Citation `ireland_2019' on page 9 undefined on input line 44.


Package natbib Warning: Citation `stepanyuk_2022' on page 9 undefined on input line 46.


Package natbib Warning: Citation `starck_2002' on page 9 undefined on input line 46.


Package natbib Warning: Citation `akansu_1991' on page 9 undefined on input line 46.


Package natbib Warning: Citation `holschneider_1989' on page 9 undefined on input line 46.


Package natbib Warning: Citation `szenicer_2019' on page 9 undefined on input line 48.


Package natbib Warning: Citation `li_2013' on page 9 undefined on input line 48.


Package natbib Warning: Citation `kim_2019' on page 9 undefined on input line 48.


Package natbib Warning: Citation `starck_2002' on page 9 undefined on input line 50.


Package natbib Warning: Citation `akansu_1991' on page 9 undefined on input line 50.


Package natbib Warning: Citation `holschneider_1989' on page 9 undefined on input line 50.

[9] [10] [11]

Package natbib Warning: Citation `kozarev_2015' on page 12 undefined on input line 120.


Package natbib Warning: Citation `kozarev_2017' on page 12 undefined on input line 120.

<chapter2/figs/fig_1105011_wave_filament_fourpanel_plot.png, id=108, 1392.20125pt x 338.26375pt>
File: chapter2/figs/fig_1105011_wave_filament_fourpanel_plot.png Graphic file (type png)
<use chapter2/figs/fig_1105011_wave_filament_fourpanel_plot.png>
Package pdftex.def Info: chapter2/figs/fig_1105011_wave_filament_fourpanel_plot.png  used on input line 126.
(pdftex.def)             Requested size: 407.66833pt x 99.04884pt.

Package natbib Warning: Citation `stepanyuk_2022' on page 12 undefined on input line 127.


Package natbib Warning: Citation `stepanyuk_2022' on page 12 undefined on input line 127.

<chapter2/figs/wavetrack_figure_110511.png, id=110, 1037.8775pt x 2043.635pt>
File: chapter2/figs/wavetrack_figure_110511.png Graphic file (type png)
<use chapter2/figs/wavetrack_figure_110511.png>
Package pdftex.def Info: chapter2/figs/wavetrack_figure_110511.png  used on input line 133.
(pdftex.def)             Requested size: 317.07614pt x 624.35242pt.

Package natbib Warning: Citation `stepanyuk_2022' on page 12 undefined on input line 134.


Package natbib Warning: Citation `stepanyuk_2022' on page 12 undefined on input line 134.

<chapter2/figs/flct_wave_filament_doubleplot_figure_110511.png, id=111, 738.76pt x 1309.89375pt>
File: chapter2/figs/flct_wave_filament_doubleplot_figure_110511.png Graphic file (type png)
<use chapter2/figs/flct_wave_filament_doubleplot_figure_110511.png>
Package pdftex.def Info: chapter2/figs/flct_wave_filament_doubleplot_figure_110511.png  used on input line 144.
(pdftex.def)             Requested size: 317.07614pt x 562.20401pt.

Package natbib Warning: Citation `stepanyuk_2022' on page 12 undefined on input line 145.


Package natbib Warning: Citation `stepanyuk_2022' on page 12 undefined on input line 145.

[12]

Package natbib Warning: Citation `stepanyuk_2022' on page 13 undefined on input line 150.


Package natbib Warning: Citation `miteva_2023' on page 13 undefined on input line 163.

[13 <./chapter2/figs/fig_1105011_wave_filament_fourpanel_plot.png>] [14 <./chapter2/figs/wavetrack_figure_110511.png>] [15 <./chapter2/figs/flct_wave_filament_doubleplot_figure_110511.png>]

Package natbib Warning: Citation `fletcher_2011' on page 16 undefined on input line 166.


Package natbib Warning: Citation `webb_2012' on page 16 undefined on input line 166.


Package natbib Warning: Citation `klein_2017' on page 16 undefined on input line 166.


Package natbib Warning: Citation `temmer_2021' on page 16 undefined on input line 166.


Package natbib Warning: Citation `malandraki_2018' on page 16 undefined on input line 166.


Package natbib Warning: Citation `gopalswamy_sun_sw_2022' on page 16 undefined on input line 166.


Package natbib Warning: Citation `gonzalez_1994' on page 16 undefined on input line 166.


Package natbib Warning: Citation `saiz_2013' on page 16 undefined on input line 166.


Package natbib Warning: Citation `lakhina_2016' on page 16 undefined on input line 166.


Package natbib Warning: Citation `dungey_1961' on page 16 undefined on input line 168.


Package natbib Warning: Citation `akasofu_1981' on page 16 undefined on input line 168.


Package natbib Warning: Citation `echer_2022' on page 16 undefined on input line 168.


Package natbib Warning: Citation `gonzalez_1994' on page 16 undefined on input line 168.


Package natbib Warning: Citation `saiz_2013' on page 16 undefined on input line 168.


Package natbib Warning: Citation `lakhina_2016' on page 16 undefined on input line 168.


Package natbib Warning: Citation `tsurutani_1997' on page 16 undefined on input line 170.


Package natbib Warning: Citation `zhang_2007' on page 16 undefined on input line 170.


Package natbib Warning: Citation `wu_2016' on page 16 undefined on input line 170.


Package natbib Warning: Citation `borovsky_2006' on page 16 undefined on input line 170.


Package natbib Warning: Citation `pulkkinen_2007' on page 16 undefined on input line 170.


Package natbib Warning: Citation `paouris_2021' on page 16 undefined on input line 172.


Package natbib Warning: Citation `kouloumvakos_2022' on page 16 undefined on input line 172.


Package natbib Warning: Citation `samwel_2023' on page 16 undefined on input line 172.


Package natbib Warning: Citation `kay_2018' on page 16 undefined on input line 174.


Package natbib Warning: Citation `vourlidas_2003' on page 16 undefined on input line 174.


Package natbib Warning: Citation `jackson_2010' on page 16 undefined on input line 174.


Package natbib Warning: Citation `thernisien_2009' on page 16 undefined on input line 176.


Package natbib Warning: Citation `mierla_2010' on page 16 undefined on input line 176.


Package natbib Warning: Citation `wood_2010' on page 16 undefined on input line 176.


Package natbib Warning: Citation `thernisien_2011' on page 16 undefined on input line 176.


Package natbib Warning: Citation `odstrcil_2004' on page 16 undefined on input line 176.


Package natbib Warning: Citation `xie_2004' on page 16 undefined on input line 176.


Package natbib Warning: Citation `vrvsnak_2013' on page 16 undefined on input line 176.


Package natbib Warning: Citation `pomoell_2018' on page 16 undefined on input line 176.


Package natbib Warning: Citation `jang_2016' on page 16 undefined on input line 176.


Package natbib Warning: Citation `verbeke_2022' on page 16 undefined on input line 176.


Package natbib Warning: Citation `kouloumvakos_2022' on page 16 undefined on input line 178.


Package natbib Warning: Citation `gonzalez_1994' on page 16 undefined on input line 181.


Package natbib Warning: Citation `gopalswamy_gs_2022' on page 16 undefined on input line 181.


Package natbib Warning: Citation `qiu_2022' on page 16 undefined on input line 181.


Package natbib Warning: Citation `besliu_2022' on page 16 undefined on input line 181.


Package natbib Warning: Citation `abe_2023' on page 16 undefined on input line 181.


Package natbib Warning: Citation `selvakumaran_2016' on page 16 undefined on input line 181.

[16]

Package natbib Warning: Citation `zhang_2007' on page 17 undefined on input line 183.


Package natbib Warning: Citation `gonzalez_2007' on page 17 undefined on input line 183.


Package natbib Warning: Citation `gopalswamy_2008' on page 17 undefined on input line 183.


Package natbib Warning: Citation `echer_2013' on page 17 undefined on input line 183.


Package natbib Warning: Citation `manu_2022' on page 17 undefined on input line 183.


Package natbib Warning: Citation `miteva_2023' on page 17 undefined on input line 209.


Package natbib Warning: Citation `nieves_2018' on page 17 undefined on input line 209.

[17]

Package natbib Warning: Citation `qiu_2022' on page 18 undefined on input line 211.


LaTeX Warning: Reference `tab_GS_sol' on page 18 undefined on input line 217.


LaTeX Warning: Reference `tab_GS_sol' on page 18 undefined on input line 219.


LaTeX Warning: Reference `tab_GS_sol' on page 18 undefined on input line 223.


Package natbib Warning: Citation `kouloumvakos_2022' on page 18 undefined on input line 227.


LaTeX Warning: Reference `fig_3D_fit' on page 18 undefined on input line 227.

<chapter2/figs/Fig_s1.png, id=192, 334.97145pt x 328.8285pt>
File: chapter2/figs/Fig_s1.png Graphic file (type png)
<use chapter2/figs/Fig_s1.png>
Package pdftex.def Info: chapter2/figs/Fig_s1.png  used on input line 232.
(pdftex.def)             Requested size: 135.89174pt x 133.39558pt.
<chapter2/figs/Fig_e1.png, id=193, 334.97145pt x 328.8285pt>
File: chapter2/figs/Fig_e1.png Graphic file (type png)
<use chapter2/figs/Fig_e1.png>
Package pdftex.def Info: chapter2/figs/Fig_e1.png  used on input line 236.
(pdftex.def)             Requested size: 135.89174pt x 133.39558pt.
<chapter2/figs/Fig_g1.png, id=194, 334.97145pt x 328.8285pt>
File: chapter2/figs/Fig_g1.png Graphic file (type png)
<use chapter2/figs/Fig_g1.png>
Package pdftex.def Info: chapter2/figs/Fig_g1.png  used on input line 240.
(pdftex.def)             Requested size: 135.89174pt x 133.39558pt.
<chapter2/figs/Fig_s2.png, id=195, 930.47626pt x 913.4125pt>
File: chapter2/figs/Fig_s2.png Graphic file (type png)
<use chapter2/figs/Fig_s2.png>
Package pdftex.def Info: chapter2/figs/Fig_s2.png  used on input line 244.
(pdftex.def)             Requested size: 135.89174pt x 133.39613pt.
<chapter2/figs/Fig_e2.png, id=196, 334.97145pt x 328.8285pt>
File: chapter2/figs/Fig_e2.png Graphic file (type png)
<use chapter2/figs/Fig_e2.png>
Package pdftex.def Info: chapter2/figs/Fig_e2.png  used on input line 248.
(pdftex.def)             Requested size: 135.89174pt x 133.39558pt.
<chapter2/figs/Fig_g2.png, id=197, 334.97145pt x 328.8285pt>
File: chapter2/figs/Fig_g2.png Graphic file (type png)
<use chapter2/figs/Fig_g2.png>
Package pdftex.def Info: chapter2/figs/Fig_g2.png  used on input line 252.
(pdftex.def)             Requested size: 135.89174pt x 133.39558pt.

Package natbib Warning: Citation `miteva_2023' on page 18 undefined on input line 254.


Package natbib Warning: Citation `miteva_2023' on page 18 undefined on input line 254.

[18]

LaTeX Warning: Reference `fig_3D_fit' on page 19 undefined on input line 258.


LaTeX Warning: Reference `tab_fits' on page 19 undefined on input line 266.

[19 <./chapter2/figs/Fig_s1.png> <./chapter2/figs/Fig_e1.png> <./chapter2/figs/Fig_g1.png> <./chapter2/figs/Fig_s2.png> <./chapter2/figs/Fig_e2.png> <./chapter2/figs/Fig_g2.png>]

Package natbib Warning: Citation `verbeke_2022' on page 20 undefined on input line 270.


LaTeX Warning: Reference `tab_fits' on page 20 undefined on input line 270.


LaTeX Warning: Reference `tab_GS_sol' on page 20 undefined on input line 270.


Package natbib Warning: Citation `miteva_2023' on page 20 undefined on input line 274.


Package natbib Warning: Citation `miteva_2023' on page 20 undefined on input line 274.


Package natbib Warning: Citation `miteva_2023' on page 20 undefined on input line 274.


Package natbib Warning: Citation `miteva_2023' on page 20 undefined on input line 274.


Package natbib Warning: Citation `miteva_2023' on page 20 undefined on input line 321.


Package natbib Warning: Citation `miteva_2023' on page 20 undefined on input line 321.


LaTeX Warning: Reference `tab_GS_sol' on page 20 undefined on input line 346.

[20] [21] [22]) [23]
\openout2 = `chapter3/ch3.aux'.

 (chapter3/ch3.tex
Chapter 3.

Package natbib Warning: Citation `ergun_1998' on page 24 undefined on input line 7.


Package natbib Warning: Citation `pick_radio_2006' on page 24 undefined on input line 7.


Package natbib Warning: Citation `reid_2020' on page 24 undefined on input line 7.


Package natbib Warning: Citation `melrose_2017' on page 24 undefined on input line 7.


Package natbib Warning: Citation `wild_1950a' on page 24 undefined on input line 8.


Package natbib Warning: Citation `lecacheux_1989' on page 24 undefined on input line 8.


Package natbib Warning: Citation `bonnin_2008' on page 24 undefined on input line 8.


Package natbib Warning: Citation `reid_2014' on page 24 undefined on input line 9.


Package natbib Warning: Citation `kontar_2017' on page 24 undefined on input line 9.


Package natbib Warning: Citation `dulk_1985' on page 24 undefined on input line 11.


Package natbib Warning: Citation `boudjada_2020' on page 24 undefined on input line 11.


Package natbib Warning: Citation `gurnett_1976' on page 24 undefined on input line 11.


Package natbib Warning: Citation `gurnett_1977' on page 24 undefined on input line 11.


Package natbib Warning: Citation `reid_2014' on page 24 undefined on input line 11.


Package natbib Warning: Citation `lofar_2013' on page 24 undefined on input line 13.


Package natbib Warning: Citation `fox_2016' on page 24 undefined on input line 13.


Package natbib Warning: Citation `altschuler_1969' on page 24 undefined on input line 13.


Package natbib Warning: Citation `schatten_1969' on page 24 undefined on input line 13.


Package natbib Warning: Citation `mhd_1999' on page 24 undefined on input line 13.

[24




]

Package natbib Warning: Citation `chen_2013b' on page 25 undefined on input line 16.


Package natbib Warning: Citation `bonnin_2008' on page 25 undefined on input line 17.


Package natbib Warning: Citation `reiner_2009' on page 25 undefined on input line 17.


Package natbib Warning: Citation `saint_2012' on page 25 undefined on input line 18.


Package natbib Warning: Citation `morosan_2017' on page 25 undefined on input line 19.


Package natbib Warning: Citation `pulupa_2020' on page 25 undefined on input line 21.


Package natbib Warning: Citation `krupar_2020' on page 25 undefined on input line 23.


Package natbib Warning: Citation `cattell_2021' on page 25 undefined on input line 25.


Package natbib Warning: Citation `harra_2021' on page 25 undefined on input line 27.


Package natbib Warning: Citation `badman_2022' on page 25 undefined on input line 28.


Package natbib Warning: Citation `dabrowski_2021' on page 25 undefined on input line 30.


LaTeX Warning: Reference `sec_ch3_obs' on page 25 undefined on input line 35.


LaTeX Warning: Reference `sec_ch3_methods' on page 25 undefined on input line 35.


LaTeX Warning: Reference `sec_ch3_results' on page 25 undefined on input line 35.


LaTeX Warning: Reference `sec_ch3_conclusions' on page 25 undefined on input line 35.

[25]

Package natbib Warning: Citation `krupar_2020' on page 26 undefined on input line 39.


Package natbib Warning: Citation `pulupa_2020' on page 26 undefined on input line 39.


Package natbib Warning: Citation `cattell_2021' on page 26 undefined on input line 39.


Package natbib Warning: Citation `harra_2021' on page 26 undefined on input line 39.


Package natbib Warning: Citation `badman_2022' on page 26 undefined on input line 39.


Package natbib Warning: Citation `hale_2019' on page 26 undefined on input line 40.


LaTeX Warning: Reference `fig_alldyspec' on page 26 undefined on input line 42.


LaTeX Warning: Reference `locations' on page 26 undefined on input line 44.


LaTeX Warning: Reference `soldisk_xrs' on page 26 undefined on input line 44.


LaTeX Warning: Reference `soldisk_xrs' on page 26 undefined on input line 45.


Overfull \hbox (2.75398pt too wide) in paragraph at lines 44--48
\OT1/cmr/m/n/10 and STEREO space-craft were al-most aligned (close in an an-gu-lar sense) with the Sun, the STEREO/EUVI
 []


Package natbib Warning: Citation `young_2018' on page 26 undefined on input line 51.


Package natbib Warning: Citation `madjarska_2019' on page 26 undefined on input line 51.


Package natbib Warning: Citation `berghmans_2021' on page 26 undefined on input line 51.

<chapter3/figs/all_dyspec.png, id=258, 710.8959pt x 570.6921pt>
File: chapter3/figs/all_dyspec.png Graphic file (type png)
<use chapter3/figs/all_dyspec.png>
Package pdftex.def Info: chapter3/figs/all_dyspec.png  used on input line 56.
(pdftex.def)             Requested size: 407.66833pt x 327.2746pt.
<chapter3/figs/solarMach.pdf, id=259, 615.64789pt x 451.30571pt>
File: chapter3/figs/solarMach.pdf Graphic file (type pdf)
<use chapter3/figs/solarMach.pdf>
Package pdftex.def Info: chapter3/figs/solarMach.pdf  used on input line 63.
(pdftex.def)             Requested size: 362.37569pt x 265.64828pt.

Package natbib Warning: Citation `gieseler_2023' on page 26 undefined on input line 64.


Package natbib Warning: Citation `gieseler_2023' on page 26 undefined on input line 64.

<chapter3/figs/aia_sta_cutout.pdf, id=262, 1208.68764pt x 393.44112pt>
File: chapter3/figs/aia_sta_cutout.pdf Graphic file (type pdf)
<use chapter3/figs/aia_sta_cutout.pdf>
Package pdftex.def Info: chapter3/figs/aia_sta_cutout.pdf  used on input line 70.
(pdftex.def)             Requested size: 452.9679pt x 147.44398pt.
<chapter3/figs/xrs_eve.pdf, id=263, 496.32301pt x 353.46428pt>
File: chapter3/figs/xrs_eve.pdf Graphic file (type pdf)
<use chapter3/figs/xrs_eve.pdf>
Package pdftex.def Info: chapter3/figs/xrs_eve.pdf  used on input line 71.
(pdftex.def)             Requested size: 341.43306pt x 243.1571pt.

Package natbib Warning: Citation `fox_2016' on page 26 undefined on input line 77.


Package natbib Warning: Citation `bale_2016' on page 26 undefined on input line 78.


Package natbib Warning: Citation `pulupa_2017' on page 26 undefined on input line 78.


Package natbib Warning: Citation `pulupa_2020' on page 26 undefined on input line 82.


LaTeX Warning: Reference `lofar_psp_burst_detect' on page 26 undefined on input line 82.


Package natbib Warning: Citation `lofar_2013' on page 26 undefined on input line 85.


LaTeX Warning: Reference `lofar_psp_burst_detect' on page 26 undefined on input line 87.

[26] [27 <./chapter3/figs/all_dyspec.png>] [28 <./chapter3/figs/solarMach.pdf>]

Package natbib Warning: Citation `zhang_2018' on page 29 undefined on input line 90.


Package natbib Warning: Citation `zhang_radio_2022' on page 29 undefined on input line 95.


Package natbib Warning: Citation `zhang_2018' on page 29 undefined on input line 97.


LaTeX Warning: Reference `lofar_psp_burst_detect' on page 29 undefined on input line 97.


Package natbib Warning: Citation `parker_1960' on page 29 undefined on input line 97.


LaTeX Warning: Reference `lofar_burst_detect' on page 29 undefined on input line 99.


Package natbib Warning: Citation `dppp_2018' on page 29 undefined on input line 99.


Package natbib Warning: Citation `wsclean_2014' on page 29 undefined on input line 99.

<chapter3/figs/auto_detect_typeIIIs.png, id=324, 618.6312pt x 427.5975pt>
File: chapter3/figs/auto_detect_typeIIIs.png Graphic file (type png)
<use chapter3/figs/auto_detect_typeIIIs.png>
Package pdftex.def Info: chapter3/figs/auto_detect_typeIIIs.png  used on input line 103.
(pdftex.def)             Requested size: 362.37569pt x 250.47302pt.
[29]
<chapter3/figs/lofar_dyspec_detect__snapshot_coords.pdf, id=334, 902.5689pt x 375.21825pt>
File: chapter3/figs/lofar_dyspec_detect__snapshot_coords.pdf Graphic file (type pdf)
<use chapter3/figs/lofar_dyspec_detect__snapshot_coords.pdf>
Package pdftex.def Info: chapter3/figs/lofar_dyspec_detect__snapshot_coords.pdf  used on input line 131.
(pdftex.def)             Requested size: 452.9679pt x 188.30714pt.


LaTeX Warning: Reference `fig_persistence' on page 30 undefined on input line 132.


LaTeX Warning: Reference `fig_persistence' on page 30 undefined on input line 132.


LaTeX Warning: Reference `fig_persistence' on page 30 undefined on input line 139.


Package natbib Warning: Citation `thompson_2016' on page 30 undefined on input line 140.


LaTeX Warning: Reference `ch3_append_a' on page 30 undefined on input line 143.

<chapter3/figs/subplots.pdf, id=335, 1195.38245pt x 1044.78748pt>
File: chapter3/figs/subplots.pdf Graphic file (type pdf)
<use chapter3/figs/subplots.pdf>
Package pdftex.def Info: chapter3/figs/subplots.pdf  used on input line 147.
(pdftex.def)             Requested size: 452.9679pt x 395.89148pt.

Package natbib Warning: Citation `gong_1996' on page 30 undefined on input line 152.


Package natbib Warning: Citation `pfss_2020' on page 30 undefined on input line 152.


LaTeX Warning: Reference `source_radius' on page 30 undefined on input line 153.


Package natbib Warning: Citation `badman_2022' on page 30 undefined on input line 154.


LaTeX Warning: Reference `rpos' on page 30 undefined on input line 154.


Package natbib Warning: Citation `newkirk_1961' on page 30 undefined on input line 154.


Package natbib Warning: Citation `newkirk_1967' on page 30 undefined on input line 154.


LaTeX Warning: Reference `forward2d' on page 30 undefined on input line 154.


LaTeX Warning: Reference `zpos' on page 30 undefined on input line 155.


LaTeX Warning: Reference `ch3_append_b' on page 30 undefined on input line 156.

[30]

LaTeX Warning: Reference `fig_3figs' on page 31 undefined on input line 171.


Package natbib Warning: Citation `mhd_1999' on page 31 undefined on input line 174.


Package natbib Warning: Citation `thompson_2006' on page 31 undefined on input line 176.


LaTeX Warning: Reference `forward2d' on page 31 undefined on input line 179.


LaTeX Warning: Reference `scatterplot' on page 31 undefined on input line 179.


LaTeX Warning: Reference `fig_alldyspec' on page 31 undefined on input line 184.


LaTeX Warning: Reference `lofar_psp_burst_detect' on page 31 undefined on input line 186.


LaTeX Warning: Reference `lofar_burst_detect' on page 31 undefined on input line 187.


LaTeX Warning: Reference `table_bursts' on page 31 undefined on input line 189.


LaTeX Warning: Reference `fig_persistence' on page 31 undefined on input line 193.


LaTeX Warning: Reference `lofar_burst_detect' on page 31 undefined on input line 193.


LaTeX Warning: Reference `fig_persistence' on page 31 undefined on input line 194.


LaTeX Warning: Reference `soldisk_xrs' on page 31 undefined on input line 194.


LaTeX Warning: Reference `fig_persistence' on page 31 undefined on input line 195.

[31]

LaTeX Warning: Reference `fig_3figs' on page 32 undefined on input line 197.


LaTeX Warning: Reference `fig_3figs' on page 32 undefined on input line 197.


LaTeX Warning: Reference `fig_3figs' on page 32 undefined on input line 200.


Package natbib Warning: Citation `kong_2018' on page 32 undefined on input line 200.


Package natbib Warning: Citation `del_2011' on page 32 undefined on input line 200.


Package natbib Warning: Citation `harra_2021' on page 32 undefined on input line 200.


LaTeX Warning: Reference `fig_3figs' on page 32 undefined on input line 204.


LaTeX Warning: Reference `forward2d' on page 32 undefined on input line 204.


LaTeX Warning: Reference `scatterplot' on page 32 undefined on input line 209.


LaTeX Warning: Reference `forward2d' on page 32 undefined on input line 209.


LaTeX Warning: Reference `error' on page 32 undefined on input line 210.


LaTeX Warning: Reference `scatterplot' on page 32 undefined on input line 221.


LaTeX Warning: Reference `plasma_freq' on page 32 undefined on input line 223.

[32]

Package natbib Warning: Citation `kontar_2019' on page 33 undefined on input line 231.


Package natbib Warning: Citation `kontar_2023' on page 33 undefined on input line 231.


Package natbib Warning: Citation `chen_2023' on page 33 undefined on input line 231.

<chapter3/figs/pfss3d_radSources_burst_angle.pdf, id=370, 461.47406pt x 463.73247pt>
File: chapter3/figs/pfss3d_radSources_burst_angle.pdf Graphic file (type pdf)
<use chapter3/figs/pfss3d_radSources_burst_angle.pdf>
Package pdftex.def Info: chapter3/figs/pfss3d_radSources_burst_angle.pdf  used on input line 237.
(pdftex.def)             Requested size: 203.83417pt x 204.82834pt.
<chapter3/figs/pfss3d_radSources_burst_side.pdf, id=371, 450.9648pt x 450.9648pt>
File: chapter3/figs/pfss3d_radSources_burst_side.pdf Graphic file (type pdf)
<use chapter3/figs/pfss3d_radSources_burst_side.pdf>
Package pdftex.def Info: chapter3/figs/pfss3d_radSources_burst_side.pdf  used on input line 243.
(pdftex.def)             Requested size: 203.83417pt x 203.83371pt.
<chapter3/figs/pfss3d_radSources_burst_top.pdf, id=372, 450.9648pt x 450.9648pt>
File: chapter3/figs/pfss3d_radSources_burst_top.pdf Graphic file (type pdf)
<use chapter3/figs/pfss3d_radSources_burst_top.pdf>
Package pdftex.def Info: chapter3/figs/pfss3d_radSources_burst_top.pdf  used on input line 249.
(pdftex.def)             Requested size: 203.83417pt x 203.83371pt.
<chapter3/figs/pfss3d_radSources_burst_front.pdf, id=373, 450.9648pt x 450.9648pt>
File: chapter3/figs/pfss3d_radSources_burst_front.pdf Graphic file (type pdf)
<use chapter3/figs/pfss3d_radSources_burst_front.pdf>
Package pdftex.def Info: chapter3/figs/pfss3d_radSources_burst_front.pdf  used on input line 255.
(pdftex.def)             Requested size: 203.83417pt x 203.83371pt.
<chapter3/figs/LOFAR_FORWARD_plasma_diag_forwtime_2019-04-01T03-42-06.452.pdf, id=374, 1020.8801pt x 1310.17397pt>
File: chapter3/figs/LOFAR_FORWARD_plasma_diag_forwtime_2019-04-01T03-42-06.452.pdf Graphic file (type pdf)
<use chapter3/figs/LOFAR_FORWARD_plasma_diag_forwtime_2019-04-01T03-42-06.452.pdf>
Package pdftex.def Info: chapter3/figs/LOFAR_FORWARD_plasma_diag_forwtime_2019-04-01T03-42-06.452.pdf  used on input line 264.
(pdftex.def)             Requested size: 443.9066pt x 569.68118pt.
<chapter3/figs/scatterplots_FORWARD_plasma_diagnostics_2019-04-01_4R.pdf, id=375, 998.7424pt x 568.21973pt>
File: chapter3/figs/scatterplots_FORWARD_plasma_diagnostics_2019-04-01_4R.pdf Graphic file (type pdf)
<use chapter3/figs/scatterplots_FORWARD_plasma_diagnostics_2019-04-01_4R.pdf>
Package pdftex.def Info: chapter3/figs/scatterplots_FORWARD_plasma_diagnostics_2019-04-01_4R.pdf  used on input line 271.
(pdftex.def)             Requested size: 452.9679pt x 257.70802pt.

Package natbib Warning: Citation `ishikawa_2017' on page 33 undefined on input line 283.


Package natbib Warning: Citation `che_2018' on page 33 undefined on input line 283.


Package natbib Warning: Citation `chhabra_2021' on page 33 undefined on input line 283.


Package natbib Warning: Citation `harra_2021' on page 33 undefined on input line 283.


Package natbib Warning: Citation `wu_2002' on page 33 undefined on input line 283.


Package natbib Warning: Citation `gopalswamy_2022' on page 33 undefined on input line 283.


Package natbib Warning: Citation `morton_2015' on page 33 undefined on input line 283.


Package natbib Warning: Citation `khaled_2022' on page 33 undefined on input line 283.


Package natbib Warning: Citation `cattell_2021' on page 33 undefined on input line 285.


Package natbib Warning: Citation `harra_2021' on page 33 undefined on input line 285.


Package natbib Warning: Citation `harra_2021' on page 33 undefined on input line 285.

[33]

Package natbib Warning: Citation `nedal_lofar_psp_2023' on page 34 undefined on input line 289.


Package natbib Warning: Citation `dumbovic_2021' on page 34 undefined on input line 293.


Package natbib Warning: Citation `kontar_2019' on page 34 undefined on input line 294.


Package natbib Warning: Citation `kontar_2023' on page 34 undefined on input line 294.


Package natbib Warning: Citation `chen_2023' on page 34 undefined on input line 294.


Package natbib Warning: Citation `zhang_2019' on page 34 undefined on input line 295.

) [34] [35 <./chapter3/figs/aia_sta_cutout.pdf> <./chapter3/figs/xrs_eve.pdf>] [36 <./chapter3/figs/auto_detect_typeIIIs.png> <./chapter3/figs/lofar_dyspec_detect__snapshot_coords.pdf>] [37 <./chapter3/figs/subplots.pdf>] [38 <./chapter3/figs/pfss3d_radSources_burst_angle.pdf> <./chapter3/figs/pfss3d_radSources_burst_side.pdf> <./chapter3/figs/pfss3d_radSources_burst_top.pdf> <./chapter3/figs/pfss3d_radSources_burst_front.pdf>] [39 <./chapter3/figs/LOFAR_FORWARD_plasma_diag_forwtime_2019-04-01T03-42-06.452.pdf>] [40 <./chapter3/figs/scatterplots_FORWARD_plasma_diagnostics_2019-04-01_4R.pdf>]
\openout2 = `chapter4/ch4.aux'.

 (chapter4/ch4.tex
Chapter 4.

Package natbib Warning: Citation `reames_1999' on page 41 undefined on input line 7.


Package natbib Warning: Citation `ontiveross_2009' on page 41 undefined on input line 7.


Package natbib Warning: Citation `gopalswamy_2011' on page 41 undefined on input line 7.


Package natbib Warning: Citation `vourlidas_2003' on page 41 undefined on input line 7.


Package natbib Warning: Citation `zhang_2006' on page 41 undefined on input line 7.


Package natbib Warning: Citation `bein_2011' on page 41 undefined on input line 7.


Package natbib Warning: Citation `lemen_2012' on page 41 undefined on input line 7.


Package natbib Warning: Citation `pesnell_2012' on page 41 undefined on input line 7.


Package natbib Warning: Citation `thompson_1998' on page 41 undefined on input line 7.


Package natbib Warning: Citation `long_2011' on page 41 undefined on input line 7.


Package natbib Warning: Citation `kozarev_2022' on page 41 undefined on input line 9.


Package natbib Warning: Citation `kozarev_2016' on page 41 undefined on input line 9.


Package natbib Warning: Citation `whitman_2022' on page 41 undefined on input line 13.


Package natbib Warning: Citation `papaioannou_2022' on page 41 undefined on input line 14.


Package natbib Warning: Citation `bruno_2021' on page 41 undefined on input line 15.

[41




]

Package natbib Warning: Citation `hu_2017' on page 42 undefined on input line 17.


Package natbib Warning: Citation `kozarev_2017' on page 42 undefined on input line 18.


Package natbib Warning: Citation `kozarev_2022' on page 42 undefined on input line 18.


Package natbib Warning: Citation `aminalragia_2021' on page 42 undefined on input line 20.


Package natbib Warning: Citation `lavasa_2021' on page 42 undefined on input line 21.


Package natbib Warning: Citation `kasapis_2022' on page 42 undefined on input line 22.


Package natbib Warning: Citation `engell_2017' on page 42 undefined on input line 24.


Package natbib Warning: Citation `malandraki_2018' on page 42 undefined on input line 25.


Package natbib Warning: Citation `malandraki_2018' on page 42 undefined on input line 25.


Package natbib Warning: Citation `wilson_1988' on page 42 undefined on input line 36.


Package natbib Warning: Citation `truscott_2000' on page 42 undefined on input line 36.

[42] [43] [44]

chapter4/ch4.tex:87: LaTeX Error: Unicode character  (U+03B4)
               not set up for use with LaTeX.

See the LaTeX manual or LaTeX Companion for explanation.
Type  H <return>  for immediate help.
 ...                                              
                                                  
l.87 ... separated by the observational cadence 
                                                  t of the instrument (in th...
You may provide a definition with
\DeclareUnicodeCharacter 

[45]

chapter4/ch4.tex:103: LaTeX Error: Unicode character  (U+2212)
               not set up for use with LaTeX.

See the LaTeX manual or LaTeX Companion for explanation.
Type  H <return>  for immediate help.
 ...                                              
                                                  
l.103 ...r density (n) at 1 AU set at 5.0 cm$^{
                                                  3}$, and a magnetic field ...
You may provide a definition with
\DeclareUnicodeCharacter 


chapter4/ch4.tex:103: LaTeX Error: Unicode character  (U+2212)
               not set up for use with LaTeX.

See the LaTeX manual or LaTeX Companion for explanation.
Type  H <return>  for immediate help.
 ...                                              
                                                  
l.103 ... ($|B|$) at 1 AU of 5.0 $\times$ 10$^{
                                                  5}$ G. The mean free path ...
You may provide a definition with
\DeclareUnicodeCharacter 

[46] [47] [48]

LaTeX Warning: Reference `fig_allFeatures' on page 49 undefined on input line 179.


Package natbib Warning: Citation `ripley_2007' on page 49 undefined on input line 187.


LaTeX Warning: Reference `fig_dataCorr' on page 49 undefined on input line 191.


Package natbib Warning: Citation `mnedal_2019' on page 49 undefined on input line 193.

<chapter4/figs/subplots_dataSplit_allFeatures.pdf, id=1039, 1132.23184pt x 1429.05095pt>
File: chapter4/figs/subplots_dataSplit_allFeatures.pdf Graphic file (type pdf)
<use chapter4/figs/subplots_dataSplit_allFeatures.pdf>
Package pdftex.def Info: chapter4/figs/subplots_dataSplit_allFeatures.pdf  used on input line 201.
(pdftex.def)             Requested size: 407.66833pt x 514.52338pt.

LaTeX Warning: `!h' float specifier changed to `!ht'.


Package natbib Warning: Citation `pala_2019' on page 49 undefined on input line 206.


Package natbib Warning: Citation `benson_2020' on page 49 undefined on input line 206.


Package natbib Warning: Citation `zhang_2022' on page 49 undefined on input line 206.


Package natbib Warning: Citation `zhu_2022' on page 49 undefined on input line 206.


LaTeX Warning: Reference `fig_allFeatures' on page 49 undefined on input line 207.

<chapter4/figs/dataset_split_corr.pdf, id=1040, 1696.1901pt x 507.31659pt>
File: chapter4/figs/dataset_split_corr.pdf Graphic file (type pdf)
<use chapter4/figs/dataset_split_corr.pdf>
Package pdftex.def Info: chapter4/figs/dataset_split_corr.pdf  used on input line 212.
(pdftex.def)             Requested size: 452.9679pt x 135.47554pt.
[49]

Package natbib Warning: Citation `schuster_1997' on page 50 undefined on input line 222.


Package natbib Warning: Citation `hochreiter_1997' on page 50 undefined on input line 222.


Package natbib Warning: Citation `kolen_2001' on page 50 undefined on input line 222.


LaTeX Warning: Reference `fig_model' on page 50 undefined on input line 223.

[50 <./chapter4/figs/subplots_dataSplit_allFeatures.pdf>]

Package natbib Warning: Citation `graves_2005' on page 51 undefined on input line 225.


Package natbib Warning: Citation `ihianle_2020' on page 51 undefined on input line 225.


Package natbib Warning: Citation `alharbi_2021' on page 51 undefined on input line 225.


Package natbib Warning: Citation `wollmer_2013' on page 51 undefined on input line 225.


Package natbib Warning: Citation `graves_2014' on page 51 undefined on input line 225.


Package natbib Warning: Citation `sundermeyer_2014' on page 51 undefined on input line 225.


Package natbib Warning: Citation `huang_2018' on page 51 undefined on input line 225.


Package natbib Warning: Citation `nammous_2022' on page 51 undefined on input line 225.



pdfTeX warning: pdflatex (file ./chapter4/figs/diagram.drawio.pdf): PDF inclusion: found PDF version <1.7>, but at most version <1.5> allowed
<chapter4/figs/diagram.drawio.pdf, id=1125, 637.42137pt x 300.1614pt>
File: chapter4/figs/diagram.drawio.pdf Graphic file (type pdf)
<use chapter4/figs/diagram.drawio.pdf>
Package pdftex.def Info: chapter4/figs/diagram.drawio.pdf  used on input line 230.
(pdftex.def)             Requested size: 271.7835pt x 127.9814pt.

Package natbib Warning: Citation `olah_2015' on page 51 undefined on input line 231.


Package natbib Warning: Citation `olah_2015' on page 51 undefined on input line 231.


LaTeX Warning: Reference `bilstm_appendix' on page 51 undefined on input line 238.

[51 <./chapter4/figs/dataset_split_corr.pdf> <./chapter4/figs/diagram.drawio.pdf>]

pdfTeX warning: pdflatex (file ./chapter4/figs/sliding_window_lstm.pdf): PDF inclusion: found PDF version <1.7>, but at most version <1.5> allowed
<chapter4/figs/sliding_window_lstm.pdf, id=1194, 291.00719pt x 141.6492pt>
File: chapter4/figs/sliding_window_lstm.pdf Graphic file (type pdf)
<use chapter4/figs/sliding_window_lstm.pdf>
Package pdftex.def Info: chapter4/figs/sliding_window_lstm.pdf  used on input line 253.
(pdftex.def)             Requested size: 226.48395pt x 110.24384pt.

Package natbib Warning: Citation `kingma_2015' on page 52 undefined on input line 258.


Package natbib Warning: Citation `zhang_2022' on page 52 undefined on input line 258.


Package natbib Warning: Citation `benson_2020' on page 52 undefined on input line 260.


LaTeX Warning: Reference `fig_slide_window' on page 52 undefined on input line 260.

<chapter4/figs/models_benchmark.pdf, id=1195, 1072.86699pt x 457.06949pt>
File: chapter4/figs/models_benchmark.pdf Graphic file (type pdf)
<use chapter4/figs/models_benchmark.pdf>
Package pdftex.def Info: chapter4/figs/models_benchmark.pdf  used on input line 265.
(pdftex.def)             Requested size: 452.9679pt x 192.97914pt.

LaTeX Warning: Reference `eq_huber' on page 52 undefined on input line 270.


LaTeX Warning: Reference `fig_benchmark' on page 52 undefined on input line 280.


LaTeX Warning: Reference `table_models_config' on page 52 undefined on input line 280.


LaTeX Warning: Reference `config_appendix' on page 52 undefined on input line 280.


LaTeX Warning: Reference `fig_benchmark' on page 52 undefined on input line 281.


LaTeX Warning: Reference `eval_appendix' on page 52 undefined on input line 282.

[52 <./chapter4/figs/sliding_window_lstm.pdf>]

LaTeX Warning: Reference `fig_benchmark' on page 53 undefined on input line 286.


LaTeX Warning: Reference `fig_lossCurve' on page 53 undefined on input line 289.

<chapter4/figs/loss_curve_allenergies.pdf, id=1210, 1284.76115pt x 345.18333pt>
File: chapter4/figs/loss_curve_allenergies.pdf Graphic file (type pdf)
<use chapter4/figs/loss_curve_allenergies.pdf>
Package pdftex.def Info: chapter4/figs/loss_curve_allenergies.pdf  used on input line 298.
(pdftex.def)             Requested size: 452.9679pt x 121.70084pt.
[53 <./chapter4/figs/models_benchmark.pdf>]

Package natbib Warning: Citation `greff_2016' on page 54 undefined on input line 303.


Package natbib Warning: Citation `goodfellow_2016' on page 54 undefined on input line 306.


LaTeX Warning: Reference `fig_model_vs_obs_valset' on page 54 undefined on input line 307.

<chapter4/figs/scatterplot_obs_vs_model_valset_3in1_log_PF10.pdf, id=1265, 521.52373pt x 405.8519pt>
File: chapter4/figs/scatterplot_obs_vs_model_valset_3in1_log_PF10.pdf Graphic file (type pdf)
<use chapter4/figs/scatterplot_obs_vs_model_valset_3in1_log_PF10.pdf>
Package pdftex.def Info: chapter4/figs/scatterplot_obs_vs_model_valset_3in1_log_PF10.pdf  used on input line 313.
(pdftex.def)             Requested size: 181.18439pt x 140.99751pt.
<chapter4/figs/scatterplot_obs_vs_model_valset_3in1_LOG_PF_LT1_log_PF10.pdf, id=1266, 521.52373pt x 405.8519pt>
File: chapter4/figs/scatterplot_obs_vs_model_valset_3in1_LOG_PF_LT1_log_PF10.pdf Graphic file (type pdf)
<use chapter4/figs/scatterplot_obs_vs_model_valset_3in1_LOG_PF_LT1_log_PF10.pdf>
Package pdftex.def Info: chapter4/figs/scatterplot_obs_vs_model_valset_3in1_LOG_PF_LT1_log_PF10.pdf  used on input line 318.
(pdftex.def)             Requested size: 181.18439pt x 140.99751pt.
<chapter4/figs/scatterplot_obs_vs_model_valset_3in1_log_PF30.pdf, id=1267, 521.52373pt x 405.8519pt>
File: chapter4/figs/scatterplot_obs_vs_model_valset_3in1_log_PF30.pdf Graphic file (type pdf)
<use chapter4/figs/scatterplot_obs_vs_model_valset_3in1_log_PF30.pdf>
Package pdftex.def Info: chapter4/figs/scatterplot_obs_vs_model_valset_3in1_log_PF30.pdf  used on input line 322.
(pdftex.def)             Requested size: 181.18439pt x 140.99751pt.
<chapter4/figs/scatterplot_obs_vs_model_valset_3in1_LOG_PF_LT1_log_PF30.pdf, id=1268, 521.52373pt x 405.8519pt>
File: chapter4/figs/scatterplot_obs_vs_model_valset_3in1_LOG_PF_LT1_log_PF30.pdf Graphic file (type pdf)
<use chapter4/figs/scatterplot_obs_vs_model_valset_3in1_LOG_PF_LT1_log_PF30.pdf>
Package pdftex.def Info: chapter4/figs/scatterplot_obs_vs_model_valset_3in1_LOG_PF_LT1_log_PF30.pdf  used on input line 327.
(pdftex.def)             Requested size: 181.18439pt x 140.99751pt.
<chapter4/figs/scatterplot_obs_vs_model_valset_3in1_log_PF60.pdf, id=1269, 521.52373pt x 405.8519pt>
File: chapter4/figs/scatterplot_obs_vs_model_valset_3in1_log_PF60.pdf Graphic file (type pdf)
<use chapter4/figs/scatterplot_obs_vs_model_valset_3in1_log_PF60.pdf>
Package pdftex.def Info: chapter4/figs/scatterplot_obs_vs_model_valset_3in1_log_PF60.pdf  used on input line 331.
(pdftex.def)             Requested size: 181.18439pt x 140.99751pt.
<chapter4/figs/scatterplot_obs_vs_model_valset_3in1_LOG_PF_LT1_log_PF60.pdf, id=1270, 521.52373pt x 405.8519pt>
File: chapter4/figs/scatterplot_obs_vs_model_valset_3in1_LOG_PF_LT1_log_PF60.pdf Graphic file (type pdf)
<use chapter4/figs/scatterplot_obs_vs_model_valset_3in1_LOG_PF_LT1_log_PF60.pdf>
Package pdftex.def Info: chapter4/figs/scatterplot_obs_vs_model_valset_3in1_LOG_PF_LT1_log_PF60.pdf  used on input line 336.
(pdftex.def)             Requested size: 181.18439pt x 140.99751pt.

LaTeX Warning: Reference `fig_model_vs_obs_tstset' on page 54 undefined on input line 343.

<chapter4/figs/scatterplot_obs_vs_model_tstset_3in1_log_PF10.pdf, id=1271, 509.5493pt x 405.8519pt>
File: chapter4/figs/scatterplot_obs_vs_model_tstset_3in1_log_PF10.pdf Graphic file (type pdf)
<use chapter4/figs/scatterplot_obs_vs_model_tstset_3in1_log_PF10.pdf>
Package pdftex.def Info: chapter4/figs/scatterplot_obs_vs_model_tstset_3in1_log_PF10.pdf  used on input line 350.
(pdftex.def)             Requested size: 181.18439pt x 144.31065pt.
<chapter4/figs/scatterplot_obs_vs_model_tstset_3in1_LOG_PF_LT1_log_PF10.pdf, id=1272, 504.12277pt x 405.8519pt>
File: chapter4/figs/scatterplot_obs_vs_model_tstset_3in1_LOG_PF_LT1_log_PF10.pdf Graphic file (type pdf)
<use chapter4/figs/scatterplot_obs_vs_model_tstset_3in1_LOG_PF_LT1_log_PF10.pdf>
Package pdftex.def Info: chapter4/figs/scatterplot_obs_vs_model_tstset_3in1_LOG_PF_LT1_log_PF10.pdf  used on input line 355.
(pdftex.def)             Requested size: 181.18439pt x 145.86505pt.
<chapter4/figs/scatterplot_obs_vs_model_tstset_3in1_log_PF30.pdf, id=1273, 509.5493pt x 405.8519pt>
File: chapter4/figs/scatterplot_obs_vs_model_tstset_3in1_log_PF30.pdf Graphic file (type pdf)
<use chapter4/figs/scatterplot_obs_vs_model_tstset_3in1_log_PF30.pdf>
Package pdftex.def Info: chapter4/figs/scatterplot_obs_vs_model_tstset_3in1_log_PF30.pdf  used on input line 359.
(pdftex.def)             Requested size: 181.18439pt x 144.31065pt.
<chapter4/figs/scatterplot_obs_vs_model_tstset_3in1_LOG_PF_LT1_log_PF30.pdf, id=1274, 504.12277pt x 405.8519pt>
File: chapter4/figs/scatterplot_obs_vs_model_tstset_3in1_LOG_PF_LT1_log_PF30.pdf Graphic file (type pdf)
<use chapter4/figs/scatterplot_obs_vs_model_tstset_3in1_LOG_PF_LT1_log_PF30.pdf>
Package pdftex.def Info: chapter4/figs/scatterplot_obs_vs_model_tstset_3in1_LOG_PF_LT1_log_PF30.pdf  used on input line 364.
(pdftex.def)             Requested size: 181.18439pt x 145.86505pt.
<chapter4/figs/scatterplot_obs_vs_model_tstset_3in1_log_PF60.pdf, id=1275, 509.5493pt x 405.8519pt>
File: chapter4/figs/scatterplot_obs_vs_model_tstset_3in1_log_PF60.pdf Graphic file (type pdf)
<use chapter4/figs/scatterplot_obs_vs_model_tstset_3in1_log_PF60.pdf>
Package pdftex.def Info: chapter4/figs/scatterplot_obs_vs_model_tstset_3in1_log_PF60.pdf  used on input line 368.
(pdftex.def)             Requested size: 181.18439pt x 144.31065pt.
<chapter4/figs/scatterplot_obs_vs_model_tstset_3in1_LOG_PF_LT1_log_PF60.pdf, id=1276, 504.12277pt x 405.8519pt>
File: chapter4/figs/scatterplot_obs_vs_model_tstset_3in1_LOG_PF_LT1_log_PF60.pdf Graphic file (type pdf)
<use chapter4/figs/scatterplot_obs_vs_model_tstset_3in1_LOG_PF_LT1_log_PF60.pdf>
Package pdftex.def Info: chapter4/figs/scatterplot_obs_vs_model_tstset_3in1_LOG_PF_LT1_log_PF60.pdf  used on input line 373.
(pdftex.def)             Requested size: 181.18439pt x 145.86505pt.

LaTeX Warning: Reference `fig_model_vs_obs_valset' on page 54 undefined on input line 375.


LaTeX Warning: Reference `fig_model_vs_obs_valset' on page 54 undefined on input line 375.


LaTeX Warning: Reference `fig_crosscorr_tstset' on page 54 undefined on input line 379.


Package natbib Warning: Citation `feynman_1990' on page 54 undefined on input line 381.


Package natbib Warning: Citation `gabriel_1990' on page 54 undefined on input line 381.


Package natbib Warning: Citation `rodriguez_2010' on page 54 undefined on input line 381.


Package natbib Warning: Citation `xapsos_2012' on page 54 undefined on input line 381.


Package natbib Warning: Citation `vsvestka_1995' on page 54 undefined on input line 383.


Package natbib Warning: Citation `kane_2011' on page 54 undefined on input line 383.

[54 <./chapter4/figs/loss_curve_allenergies.pdf>] [55 <./chapter4/figs/scatterplot_obs_vs_model_valset_3in1_log_PF10.pdf> <./chapter4/figs/scatterplot_obs_vs_model_valset_3in1_LOG_PF_LT1_log_PF10.pdf

pdfTeX warning: pdflatex (file ./chapter4/figs/scatterplot_obs_vs_model_valset_3in1_LOG_PF_LT1_log_PF10.pdf): PDF inclusion: multiple pdfs with page group included in a single page
> <./chapter4/figs/scatterplot_obs_vs_model_valset_3in1_log_PF30.pdf

pdfTeX warning: pdflatex (file ./chapter4/figs/scatterplot_obs_vs_model_valset_3in1_log_PF30.pdf): PDF inclusion: multiple pdfs with page group included in a single page
> <./chapter4/figs/scatterplot_obs_vs_model_valset_3in1_LOG_PF_LT1_log_PF30.pdf

pdfTeX warning: pdflatex (file ./chapter4/figs/scatterplot_obs_vs_model_valset_3in1_LOG_PF_LT1_log_PF30.pdf): PDF inclusion: multiple pdfs with page group included in a single page
> <./chapter4/figs/scatterplot_obs_vs_model_valset_3in1_log_PF60.pdf

pdfTeX warning: pdflatex (file ./chapter4/figs/scatterplot_obs_vs_model_valset_3in1_log_PF60.pdf): PDF inclusion: multiple pdfs with page group included in a single page
> <./chapter4/figs/scatterplot_obs_vs_model_valset_3in1_LOG_PF_LT1_log_PF60.pdf

pdfTeX warning: pdflatex (file ./chapter4/figs/scatterplot_obs_vs_model_valset_3in1_LOG_PF_LT1_log_PF60.pdf): PDF inclusion: multiple pdfs with page group included in a single page
>] [56 <./chapter4/figs/scatterplot_obs_vs_model_tstset_3in1_log_PF10.pdf> <./chapter4/figs/scatterplot_obs_vs_model_tstset_3in1_LOG_PF_LT1_log_PF10.pdf

pdfTeX warning: pdflatex (file ./chapter4/figs/scatterplot_obs_vs_model_tstset_3in1_LOG_PF_LT1_log_PF10.pdf): PDF inclusion: multiple pdfs with page group included in a single page
> <./chapter4/figs/scatterplot_obs_vs_model_tstset_3in1_log_PF30.pdf

pdfTeX warning: pdflatex (file ./chapter4/figs/scatterplot_obs_vs_model_tstset_3in1_log_PF30.pdf): PDF inclusion: multiple pdfs with page group included in a single page
> <./chapter4/figs/scatterplot_obs_vs_model_tstset_3in1_LOG_PF_LT1_log_PF30.pdf

pdfTeX warning: pdflatex (file ./chapter4/figs/scatterplot_obs_vs_model_tstset_3in1_LOG_PF_LT1_log_PF30.pdf): PDF inclusion: multiple pdfs with page group included in a single page
> <./chapter4/figs/scatterplot_obs_vs_model_tstset_3in1_log_PF60.pdf

pdfTeX warning: pdflatex (file ./chapter4/figs/scatterplot_obs_vs_model_tstset_3in1_log_PF60.pdf): PDF inclusion: multiple pdfs with page group included in a single page
> <./chapter4/figs/scatterplot_obs_vs_model_tstset_3in1_LOG_PF_LT1_log_PF60.pdf

pdfTeX warning: pdflatex (file ./chapter4/figs/scatterplot_obs_vs_model_tstset_3in1_LOG_PF_LT1_log_PF60.pdf): PDF inclusion: multiple pdfs with page group included in a single page
>]

Package natbib Warning: Citation `le_2017' on page 57 undefined on input line 387.


LaTeX Warning: Reference `table_performance' on page 57 undefined on input line 388.

<chapter4/figs/comparison_crosscorr_tstset_1day_3channels.pdf, id=1925, 954.0305pt x 1102.87411pt>
File: chapter4/figs/comparison_crosscorr_tstset_1day_3channels.pdf Graphic file (type pdf)
<use chapter4/figs/comparison_crosscorr_tstset_1day_3channels.pdf>
Package pdftex.def Info: chapter4/figs/comparison_crosscorr_tstset_1day_3channels.pdf  used on input line 392.
(pdftex.def)             Requested size: 452.9679pt x 523.65189pt.

LaTeX Warning: `!h' float specifier changed to `!ht'.

<chapter4/figs/log_pf10/examples_10_tstset.pdf, id=1926, 940.23267pt x 649.57365pt>
File: chapter4/figs/log_pf10/examples_10_tstset.pdf Graphic file (type pdf)
<use chapter4/figs/log_pf10/examples_10_tstset.pdf>
Package pdftex.def Info: chapter4/figs/log_pf10/examples_10_tstset.pdf  used on input line 399.
(pdftex.def)             Requested size: 452.9679pt x 312.94156pt.
<chapter4/figs/log_pf30/examples_30_tstset.pdf, id=1927, 940.23267pt x 649.57365pt>
File: chapter4/figs/log_pf30/examples_30_tstset.pdf Graphic file (type pdf)
<use chapter4/figs/log_pf30/examples_30_tstset.pdf>
Package pdftex.def Info: chapter4/figs/log_pf30/examples_30_tstset.pdf  used on input line 406.
(pdftex.def)             Requested size: 452.9679pt x 312.94156pt.
<chapter4/figs/log_pf60/examples_60_tstset.pdf, id=1928, 940.23267pt x 649.57365pt>
File: chapter4/figs/log_pf60/examples_60_tstset.pdf Graphic file (type pdf)
<use chapter4/figs/log_pf60/examples_60_tstset.pdf>
Package pdftex.def Info: chapter4/figs/log_pf60/examples_60_tstset.pdf  used on input line 413.
(pdftex.def)             Requested size: 452.9679pt x 312.94156pt.

LaTeX Warning: Reference `fig_examples_pf10_tstset' on page 57 undefined on input line 418.


LaTeX Warning: Reference `fig_examples_pf30_tstset' on page 57 undefined on input line 418.


LaTeX Warning: Reference `fig_examples_pf60_tstset' on page 57 undefined on input line 418.

LaTeX Font Info:    Trying to load font information for OML+cmr on input line 426.
(C:\Users\DELL\AppData\Local\Programs\MiKTeX\tex/latex/base\omlcmr.fd
File: omlcmr.fd 2023/04/13 v2.5m Standard LaTeX font definitions
)
LaTeX Font Info:    Font shape `OML/cmr/m/n' in size <10> not available
(Font)              Font shape `OML/cmm/m/it' tried instead on input line 426.


LaTeX Warning: Reference `skillscores_appendix' on page 57 undefined on input line 447.


LaTeX Warning: Reference `table_skillscores' on page 57 undefined on input line 448.


LaTeX Warning: Reference `table_skillscores_comparison' on page 57 undefined on input line 450.

[57]
LaTeX Font Info:    Font shape `OML/cmr/bx/n' in size <10> not available
(Font)              Font shape `OML/cmm/b/it' tried instead on input line 459.


Package natbib Warning: Citation `whitman_2022' on page 58 undefined on input line 468.


Package natbib Warning: Citation `whitman_2022' on page 58 undefined on input line 468.


Package natbib Warning: Citation `nunez_2011' on page 58 undefined on input line 483.


Package natbib Warning: Citation `papaioannou_2018' on page 58 undefined on input line 483.


Package natbib Warning: Citation `dalla_2017' on page 58 undefined on input line 483.


Package natbib Warning: Citation `engell_2017' on page 58 undefined on input line 483.


Package natbib Warning: Citation `malandraki_2018' on page 58 undefined on input line 483.


LaTeX Warning: Reference `ch4_appendix_eval' on page 58 undefined on input line 491.

[58 <./chapter4/figs/comparison_crosscorr_tstset_1day_3channels.pdf>] [59 <./chapter4/figs/log_pf10/examples_10_tstset.pdf>] [60 <./chapter4/figs/log_pf30/examples_30_tstset.pdf>] [61 <./chapter4/figs/log_pf60/examples_60_tstset.pdf>]

LaTeX Warning: Reference `table_performance' on page 62 undefined on input line 493.


LaTeX Warning: Reference `fig_model_vs_obs_valset' on page 62 undefined on input line 496.


LaTeX Warning: Reference `fig_model_vs_obs_tstset' on page 62 undefined on input line 496.


LaTeX Warning: Reference `fig_crosscorr_tstset' on page 62 undefined on input line 497.


LaTeX Warning: Reference `table_skillscores_comparison' on page 62 undefined on input line 500.


Package natbib Warning: Citation `zhang_lstm_2022' on page 62 undefined on input line 508.

) [62]
\openout2 = `chapter5/ch5.aux'.

 (chapter5/ch5.tex
Chapter 5.
[63




]) [64]
\openout2 = `appendix.aux'.

 (appendix.tex
Appendix A.

Package natbib Warning: Citation `pysz_2011' on page 65 undefined on input line 8.


Package natbib Warning: Citation `pysz_2011' on page 65 undefined on input line 8.


Package natbib Warning: Citation `fredkin_1995' on page 65 undefined on input line 8.


Package natbib Warning: Citation `thompson_2016' on page 65 undefined on input line 8.


LaTeX Warning: Reference `fig_persistence' on page 65 undefined on input line 22.


LaTeX Warning: Reference `zpos' on page 65 undefined on input line 26.


LaTeX Warning: Reference `fig_negZ_posZ' on page 65 undefined on input line 26.


LaTeX Warning: Reference `zpos' on page 65 undefined on input line 26.

[65




]

Package natbib Warning: Citation `newkirk_1961' on page 66 undefined on input line 37.


Package natbib Warning: Citation `newkirk_1967' on page 66 undefined on input line 37.


LaTeX Warning: Reference `eq_plasmafreq' on page 66 undefined on input line 43.


LaTeX Warning: Reference `eq_newkirk' on page 66 undefined on input line 43.


LaTeX Warning: Reference `eq_assumption' on page 66 undefined on input line 43.

<chapter3/figs/negZ_posZ_solutions.pdf, id=2254, 600.84816pt x 488.77794pt>
File: chapter3/figs/negZ_posZ_solutions.pdf Graphic file (type pdf)
<use chapter3/figs/negZ_posZ_solutions.pdf>
Package pdftex.def Info: chapter3/figs/negZ_posZ_solutions.pdf  used on input line 55.
(pdftex.def)             Requested size: 362.37569pt x 294.78302pt.

LaTeX Warning: Reference `zpos' on page 66 undefined on input line 56.


LaTeX Warning: Reference `zpos' on page 66 undefined on input line 56.


LaTeX Warning: Reference `fig_negZ_posZ' on page 66 undefined on input line 59.


LaTeX Warning: Reference `table_negZ' on page 66 undefined on input line 59.


LaTeX Warning: Reference `fig_negZ_posZ' on page 66 undefined on input line 59.


Package natbib Warning: Citation `mann_2018' on page 66 undefined on input line 59.

[66 <./chapter3/figs/negZ_posZ_solutions.pdf>]

LaTeX Warning: Reference `table_negZ' on page 67 undefined on input line 61.


LaTeX Warning: Reference `eq_condition' on page 67 undefined on input line 61.

<chapter3/figs/wind_vs_sta_fluxdens.pdf, id=2318, 1076.41528pt x 280.94334pt>
File: chapter3/figs/wind_vs_sta_fluxdens.pdf Graphic file (type pdf)
<use chapter3/figs/wind_vs_sta_fluxdens.pdf>
Package pdftex.def Info: chapter3/figs/wind_vs_sta_fluxdens.pdf  used on input line 77.
(pdftex.def)             Requested size: 407.66833pt x 106.39948pt.

LaTeX Warning: Reference `fig_cutpower' on page 67 undefined on input line 82.

[67 <./chapter3/figs/wind_vs_sta_fluxdens.pdf>] [68]

Package natbib Warning: Citation `ihianle_2020' on page 69 undefined on input line 160.

[69]

LaTeX Warning: Reference `fig_benchmark' on page 70 undefined on input line 220.


LaTeX Warning: Reference `table_models_config' on page 70 undefined on input line 220.

[70]

Package natbib Warning: Citation `singh_2020' on page 71 undefined on input line 247.


Package natbib Warning: Citation `keras_2017' on page 71 undefined on input line 249.

[71]) [72] (main.bbl [73



] [74] [75] [76] [77]
Underfull \hbox (badness 1603) in paragraph at lines 744--746
[]\OT1/cmr/m/n/10 Paouris, E., Vourl-i-das, A., Pa-paioan-nou, A., & Anas-tasiadis, A. 2021, Space Weather, 19,
 []

[78] [79] [80])

Package natbib Warning: There were undefined citations.

[81] (main.aux (chapter1/ch1.aux) (chapter2/ch2.aux) (chapter3/ch3.aux) (chapter4/ch4.aux) (chapter5/ch5.aux) (appendix.aux)

Package natbib Warning: Citation(s) may have changed.
(natbib)                Rerun to get citations correct.

)
 ***********
LaTeX2e <2023-11-01>
L3 programming layer <2023-12-11>
 ***********


LaTeX Warning: There were undefined references.


LaTeX Warning: Label(s) may have changed. Rerun to get cross-references right.


Package rerunfilecheck Warning: File `main.out' has changed.
(rerunfilecheck)                Rerun to get outlines right
(rerunfilecheck)                or use package `bookmark'.

Package rerunfilecheck Info: Checksums for `main.out':
(rerunfilecheck)             Before: <no file>
(rerunfilecheck)             After:  E3EE1F41E627DF2FDC336791D58E35E3;14431.
 ) 
Here is how much of TeX's memory you used:
 15749 strings out of 474494
 274517 string characters out of 5744385
 1973460 words of memory out of 5000000
 37232 multiletter control sequences out of 15000+600000
 565700 words of font info for 62 fonts, out of 8000000 for 9000
 1141 hyphenation exceptions out of 8191
 75i,17n,79p,1776b,1059s stack positions out of 10000i,1000n,20000p,200000b,200000s
 <C:\Users\DELL\AppData\Local\MiKTeX\fonts/pk/ljfour/jknappen/ec/dpi600\tcrm1000.pk><C:/Users/DELL/AppData/Local/Programs/MiKTeX/fonts/type1/public/amsfonts/cm/cmbx10.pfb><C:/Users/DELL/AppData/Local/Programs/MiKTeX/fonts/type1/public/amsfonts/cm/cmbx12.pfb><C:/Users/DELL/AppData/Local/Programs/MiKTeX/fonts/type1/public/amsfonts/cm/cmbx5.pfb><C:/Users/DELL/AppData/Local/Programs/MiKTeX/fonts/type1/public/amsfonts/cm/cmbxti10.pfb><C:/Users/DELL/AppData/Local/Programs/MiKTeX/fonts/type1/public/amsfonts/cm/cmex10.pfb><C:/Users/DELL/AppData/Local/Programs/MiKTeX/fonts/type1/public/amsfonts/cm/cmmi10.pfb><C:/Users/DELL/AppData/Local/Programs/MiKTeX/fonts/type1/public/amsfonts/cm/cmmi5.pfb><C:/Users/DELL/AppData/Local/Programs/MiKTeX/fonts/type1/public/amsfonts/cm/cmmi7.pfb><C:/Users/DELL/AppData/Local/Programs/MiKTeX/fonts/type1/public/amsfonts/cm/cmmib10.pfb><C:/Users/DELL/AppData/Local/Programs/MiKTeX/fonts/type1/public/amsfonts/cm/cmr10.pfb><C:/Users/DELL/AppData/Local/Programs/MiKTeX/fonts/type1/public/amsfonts/cm/cmr12.pfb><C:/Users/DELL/AppData/Local/Programs/MiKTeX/fonts/type1/public/amsfonts/cm/cmr17.pfb><C:/Users/DELL/AppData/Local/Programs/MiKTeX/fonts/type1/public/amsfonts/cm/cmr5.pfb><C:/Users/DELL/AppData/Local/Programs/MiKTeX/fonts/type1/public/amsfonts/cm/cmr6.pfb><C:/Users/DELL/AppData/Local/Programs/MiKTeX/fonts/type1/public/amsfonts/cm/cmr7.pfb><C:/Users/DELL/AppData/Local/Programs/MiKTeX/fonts/type1/public/amsfonts/cm/cmr8.pfb><C:/Users/DELL/AppData/Local/Programs/MiKTeX/fonts/type1/public/amsfonts/cm/cmsy10.pfb><C:/Users/DELL/AppData/Local/Programs/MiKTeX/fonts/type1/public/amsfonts/cm/cmsy5.pfb><C:/Users/DELL/AppData/Local/Programs/MiKTeX/fonts/type1/public/amsfonts/cm/cmsy7.pfb><C:/Users/DELL/AppData/Local/Programs/MiKTeX/fonts/type1/public/amsfonts/cm/cmti10.pfb><C:/Users/DELL/AppData/Local/Programs/MiKTeX/fonts/type1/public/amsfonts/cm/cmtt8.pfb>
Output written on main.pdf (85 pages, 39851226 bytes).
PDF statistics:
 2939 PDF objects out of 2984 (max. 8388607)
 562 named destinations out of 1000 (max. 500000)
 231 words of extra memory for PDF output out of 10000 (max. 10000000)

